-- The C compiler identification is GNU 11.4.0
-- The CXX compiler identification is GNU 11.4.0
-- Detecting C compiler ABI info
-- Detecting C compiler ABI info - done
-- Check for working C compiler: /usr/bin/cc - skipped
-- Detecting C compile features
-- Detecting C compile features - done
-- Detecting CXX compiler ABI info
-- Detecting CXX compiler ABI info - done
-- Check for working CXX compiler: /usr/bin/c++ - skipped
-- Detecting CXX compile features
-- Detecting CXX compile features - done
-- Found ament_cmake: 1.3.8 (/opt/ros/humble/share/ament_cmake/cmake)
-- Found Python3: /usr/bin/python3 (found version "3.10.12") found components: Interpreter 
-- Found rclcpp: 16.0.8 (/opt/ros/humble/share/rclcpp/cmake)
-- Found rosidl_generator_c: 3.1.5 (/opt/ros/humble/share/rosidl_generator_c/cmake)
-- Found rosidl_adapter: 3.1.5 (/opt/ros/humble/share/rosidl_adapter/cmake)
-- Found rosidl_generator_cpp: 3.1.5 (/opt/ros/humble/share/rosidl_generator_cpp/cmake)
-- Using all available rosidl_typesupport_c: rosidl_typesupport_fastrtps_c;rosidl_typesupport_introspection_c
-- Using all available rosidl_typesupport_cpp: rosidl_typesupport_fastrtps_cpp;rosidl_typesupport_introspection_cpp
-- Found rmw_implementation_cmake: 6.1.1 (/opt/ros/humble/share/rmw_implementation_cmake/cmake)
-- Found rmw_fastrtps_cpp: 6.2.6 (/opt/ros/humble/share/rmw_fastrtps_cpp/cmake)
-- Found OpenSSL: /usr/lib/aarch64-linux-gnu/libcrypto.so (found version "3.0.2")  
-- Found FastRTPS: /opt/ros/humble/include  
-- Using RMW implementation 'rmw_fastrtps_cpp' as default
-- Looking for pthread.h
-- Looking for pthread.h - found
-- Performing Test CMAKE_HAVE_LIBC_PTHREAD
-- Performing Test CMAKE_HAVE_LIBC_PTHREAD - Success
-- Found Threads: TRUE  
-- Found rclcpp_action: 16.0.8 (/opt/ros/humble/share/rclcpp_action/cmake)
-- Found geometry_msgs: 4.2.3 (/opt/ros/humble/share/geometry_msgs/cmake)
-- Found sensor_msgs: 4.2.3 (/opt/ros/humble/share/sensor_msgs/cmake)
-- Found control_msgs: 4.4.0 (/opt/ros/humble/share/control_msgs/cmake)
-- Found armquadrover_msgs: 0.0.0 (/root/real_ws/install/armquadrover_msgs/share/armquadrover_msgs/cmake)
-- Found ament_lint_auto: 0.12.10 (/opt/ros/humble/share/ament_lint_auto/cmake)
-- Added test 'cppcheck' to perform static code analysis on C / C++ code
-- Configured cppcheck include dirs: /root/real_ws/src/armquadrover_gnb/armquadrover/include/ArmQuadRover
-- Configured cppcheck exclude dirs and/or files: 
-- Added test 'lint_cmake' to check CMake code style
-- Added test 'uncrustify' to check C / C++ code style
-- Configured uncrustify additional arguments: 
-- Added test 'xmllint' to check XML markup files
-- Configuring done
-- Generating done
-- Build files have been written to: /root/real_ws/build/armquadrover
[ 25%] [32mBuilding CXX object CMakeFiles/SerialNode.dir/src/SerialNode.cpp.o[0m
[ 25%] [32mBuilding CXX object CMakeFiles/node_01.dir/src/quardc.cpp.o[0m
[ 50%] [32mBuilding CXX object CMakeFiles/SerialNode.dir/src/servo.cpp.o[0m
[ 50%] [32mBuilding CXX object CMakeFiles/ArmServer.dir/src/ArmServer.cpp.o[0m
[ 62%] [32mBuilding CXX object CMakeFiles/ArmServer.dir/src/Action.cpp.o[0m
[ 75%] [32m[1mLinking CXX executable node_01[0m
[ 75%] Built target node_01
[ 87%] [32m[1mLinking CXX executable ArmServer[0m
[ 87%] Built target ArmServer
[100%] [32m[1mLinking CXX executable SerialNode[0m
[100%] Built target SerialNode
-- Install configuration: ""
-- Installing: /root/real_ws/install/armquadrover/share/ament_index/resource_index/package_run_dependencies/armquadrover
-- Installing: /root/real_ws/install/armquadrover/share/ament_index/resource_index/parent_prefix_path/armquadrover
-- Installing: /root/real_ws/install/armquadrover/share/armquadrover/environment/ament_prefix_path.sh
-- Installing: /root/real_ws/install/armquadrover/share/armquadrover/environment/ament_prefix_path.dsv
-- Installing: /root/real_ws/install/armquadrover/share/armquadrover/environment/path.sh
-- Installing: /root/real_ws/install/armquadrover/share/armquadrover/environment/path.dsv
-- Installing: /root/real_ws/install/armquadrover/share/armquadrover/local_setup.bash
-- Installing: /root/real_ws/install/armquadrover/share/armquadrover/local_setup.sh
-- Installing: /root/real_ws/install/armquadrover/share/armquadrover/local_setup.zsh
-- Installing: /root/real_ws/install/armquadrover/share/armquadrover/local_setup.dsv
-- Installing: /root/real_ws/install/armquadrover/share/armquadrover/package.dsv
-- Installing: /root/real_ws/install/armquadrover/share/ament_index/resource_index/packages/armquadrover
-- Installing: /root/real_ws/install/armquadrover/share/armquadrover/cmake/armquadroverConfig.cmake
-- Installing: /root/real_ws/install/armquadrover/share/armquadrover/cmake/armquadroverConfig-version.cmake
-- Installing: /root/real_ws/install/armquadrover/share/armquadrover/package.xml
-- Installing: /root/real_ws/install/armquadrover/lib/armquadrover/node_01
-- Set runtime path of "/root/real_ws/install/armquadrover/lib/armquadrover/node_01" to ""
-- Installing: /root/real_ws/install/armquadrover/lib/armquadrover/ArmServer
-- Set runtime path of "/root/real_ws/install/armquadrover/lib/armquadrover/ArmServer" to ""
-- Installing: /root/real_ws/install/armquadrover/lib/armquadrover/SerialNode
-- Set runtime path of "/root/real_ws/install/armquadrover/lib/armquadrover/SerialNode" to ""
