[1.076s] [34mcolcon[0m [1;30mDEBUG[0m [32mCommand line arguments: ['/usr/bin/colcon', 'build'][0m
[1.077s] [34mcolcon[0m [1;30mDEBUG[0m [32mParsed command line arguments: Namespace(log_base=None, log_level=None, verb_name='build', build_base='build', install_base='install', merge_install=False, symlink_install=False, test_result_base=None, continue_on_error=False, executor='parallel', parallel_workers=4, event_handlers=None, ignore_user_meta=False, metas=['./colcon.meta'], base_paths=['.'], packages_ignore=None, packages_ignore_regex=None, paths=None, packages_up_to=None, packages_up_to_regex=None, packages_above=None, packages_above_and_dependencies=None, packages_above_depth=None, packages_select_by_dep=None, packages_skip_by_dep=None, packages_skip_up_to=None, packages_select_build_failed=False, packages_skip_build_finished=False, packages_select_test_failures=False, packages_skip_test_passed=False, packages_select=None, packages_skip=None, packages_select_regex=None, packages_skip_regex=None, packages_start=None, packages_end=None, allow_overriding=[], cmake_args=None, cmake_target=None, cmake_target_skip_unavailable=False, cmake_clean_cache=False, cmake_clean_first=False, cmake_force_configure=False, ament_cmake_args=None, catkin_cmake_args=None, catkin_skip_building_tests=False, mixin_files=None, mixin=None, verb_parser=<colcon_mixin.mixin.mixin_argument.MixinArgumentDecorator object at 0x7faecd0880>, verb_extension=<colcon_core.verb.build.BuildVerb object at 0x7faeed3e80>, main=<bound method BuildVerb.main of <colcon_core.verb.build.BuildVerb object at 0x7faeed3e80>>, mixin_verb=('build',))[0m
[2.635s] [34mcolcon.colcon_core.package_discovery[0m [1;30mLevel 1[0m discover_packages(colcon_meta) check parameters
[2.636s] [34mcolcon.colcon_core.package_discovery[0m [1;30mLevel 1[0m discover_packages(recursive) check parameters
[2.636s] [34mcolcon.colcon_core.package_discovery[0m [1;30mLevel 1[0m discover_packages(ignore) check parameters
[2.637s] [34mcolcon.colcon_core.package_discovery[0m [1;30mLevel 1[0m discover_packages(path) check parameters
[2.637s] [34mcolcon.colcon_core.package_discovery[0m [1;30mLevel 1[0m discover_packages(colcon_meta) discover
[2.637s] [34mcolcon.colcon_core.package_discovery[0m [1;30mLevel 1[0m discover_packages(recursive) discover
[2.637s] [34mcolcon.colcon_core.package_discovery[0m [1;30mINFO[0m Crawling recursively for packages in '/root/real_ws'
[2.638s] [34mcolcon.colcon_core.package_identification[0m [1;30mLevel 1[0m _identify(.) by extensions ['ignore', 'ignore_ament_install']
[2.638s] [34mcolcon.colcon_core.package_identification[0m [1;30mLevel 1[0m _identify(.) by extension 'ignore'
[2.639s] [34mcolcon.colcon_core.package_identification[0m [1;30mLevel 1[0m _identify(.) by extension 'ignore_ament_install'
[2.639s] [34mcolcon.colcon_core.package_identification[0m [1;30mLevel 1[0m _identify(.) by extensions ['colcon_pkg']
[2.640s] [34mcolcon.colcon_core.package_identification[0m [1;30mLevel 1[0m _identify(.) by extension 'colcon_pkg'
[2.640s] [34mcolcon.colcon_core.package_identification[0m [1;30mLevel 1[0m _identify(.) by extensions ['colcon_meta']
[2.640s] [34mcolcon.colcon_core.package_identification[0m [1;30mLevel 1[0m _identify(.) by extension 'colcon_meta'
[2.641s] [34mcolcon.colcon_core.package_identification[0m [1;30mLevel 1[0m _identify(.) by extensions ['ros']
[2.641s] [34mcolcon.colcon_core.package_identification[0m [1;30mLevel 1[0m _identify(.) by extension 'ros'
[2.723s] [34mcolcon.colcon_core.package_identification[0m [1;30mLevel 1[0m _identify(.) by extensions ['cmake', 'python']
[2.724s] [34mcolcon.colcon_core.package_identification[0m [1;30mLevel 1[0m _identify(.) by extension 'cmake'
[2.724s] [34mcolcon.colcon_core.package_identification[0m [1;30mLevel 1[0m _identify(.) by extension 'python'
[2.724s] [34mcolcon.colcon_core.package_identification[0m [1;30mLevel 1[0m _identify(.) by extensions ['python_setup_py']
[2.725s] [34mcolcon.colcon_core.package_identification[0m [1;30mLevel 1[0m _identify(.) by extension 'python_setup_py'
[2.725s] [34mcolcon.colcon_core.package_identification[0m [1;30mLevel 1[0m _identify(build) by extensions ['ignore', 'ignore_ament_install']
[2.726s] [34mcolcon.colcon_core.package_identification[0m [1;30mLevel 1[0m _identify(build) by extension 'ignore'
[2.726s] [34mcolcon.colcon_core.package_identification[0m [1;30mLevel 1[0m _identify(build) ignored
[2.727s] [34mcolcon.colcon_core.package_identification[0m [1;30mLevel 1[0m _identify(install) by extensions ['ignore', 'ignore_ament_install']
[2.728s] [34mcolcon.colcon_core.package_identification[0m [1;30mLevel 1[0m _identify(install) by extension 'ignore'
[2.728s] [34mcolcon.colcon_core.package_identification[0m [1;30mLevel 1[0m _identify(install) ignored
[2.729s] [34mcolcon.colcon_core.package_identification[0m [1;30mLevel 1[0m _identify(log) by extensions ['ignore', 'ignore_ament_install']
[2.729s] [34mcolcon.colcon_core.package_identification[0m [1;30mLevel 1[0m _identify(log) by extension 'ignore'
[2.730s] [34mcolcon.colcon_core.package_identification[0m [1;30mLevel 1[0m _identify(log) ignored
[2.730s] [34mcolcon.colcon_core.package_identification[0m [1;30mLevel 1[0m _identify(src) by extensions ['ignore', 'ignore_ament_install']
[2.731s] [34mcolcon.colcon_core.package_identification[0m [1;30mLevel 1[0m _identify(src) by extension 'ignore'
[2.731s] [34mcolcon.colcon_core.package_identification[0m [1;30mLevel 1[0m _identify(src) by extension 'ignore_ament_install'
[2.732s] [34mcolcon.colcon_core.package_identification[0m [1;30mLevel 1[0m _identify(src) by extensions ['colcon_pkg']
[2.732s] [34mcolcon.colcon_core.package_identification[0m [1;30mLevel 1[0m _identify(src) by extension 'colcon_pkg'
[2.733s] [34mcolcon.colcon_core.package_identification[0m [1;30mLevel 1[0m _identify(src) by extensions ['colcon_meta']
[2.733s] [34mcolcon.colcon_core.package_identification[0m [1;30mLevel 1[0m _identify(src) by extension 'colcon_meta'
[2.733s] [34mcolcon.colcon_core.package_identification[0m [1;30mLevel 1[0m _identify(src) by extensions ['ros']
[2.733s] [34mcolcon.colcon_core.package_identification[0m [1;30mLevel 1[0m _identify(src) by extension 'ros'
[2.734s] [34mcolcon.colcon_core.package_identification[0m [1;30mLevel 1[0m _identify(src) by extensions ['cmake', 'python']
[2.734s] [34mcolcon.colcon_core.package_identification[0m [1;30mLevel 1[0m _identify(src) by extension 'cmake'
[2.735s] [34mcolcon.colcon_core.package_identification[0m [1;30mLevel 1[0m _identify(src) by extension 'python'
[2.735s] [34mcolcon.colcon_core.package_identification[0m [1;30mLevel 1[0m _identify(src) by extensions ['python_setup_py']
[2.735s] [34mcolcon.colcon_core.package_identification[0m [1;30mLevel 1[0m _identify(src) by extension 'python_setup_py'
[2.736s] [34mcolcon.colcon_core.package_identification[0m [1;30mLevel 1[0m _identify(src/armquadrover_gnb) by extensions ['ignore', 'ignore_ament_install']
[2.736s] [34mcolcon.colcon_core.package_identification[0m [1;30mLevel 1[0m _identify(src/armquadrover_gnb) by extension 'ignore'
[2.737s] [34mcolcon.colcon_core.package_identification[0m [1;30mLevel 1[0m _identify(src/armquadrover_gnb) by extension 'ignore_ament_install'
[2.737s] [34mcolcon.colcon_core.package_identification[0m [1;30mLevel 1[0m _identify(src/armquadrover_gnb) by extensions ['colcon_pkg']
[2.738s] [34mcolcon.colcon_core.package_identification[0m [1;30mLevel 1[0m _identify(src/armquadrover_gnb) by extension 'colcon_pkg'
[2.738s] [34mcolcon.colcon_core.package_identification[0m [1;30mLevel 1[0m _identify(src/armquadrover_gnb) by extensions ['colcon_meta']
[2.738s] [34mcolcon.colcon_core.package_identification[0m [1;30mLevel 1[0m _identify(src/armquadrover_gnb) by extension 'colcon_meta'
[2.739s] [34mcolcon.colcon_core.package_identification[0m [1;30mLevel 1[0m _identify(src/armquadrover_gnb) by extensions ['ros']
[2.739s] [34mcolcon.colcon_core.package_identification[0m [1;30mLevel 1[0m _identify(src/armquadrover_gnb) by extension 'ros'
[2.739s] [34mcolcon.colcon_core.package_identification[0m [1;30mLevel 1[0m _identify(src/armquadrover_gnb) by extensions ['cmake', 'python']
[2.740s] [34mcolcon.colcon_core.package_identification[0m [1;30mLevel 1[0m _identify(src/armquadrover_gnb) by extension 'cmake'
[2.740s] [34mcolcon.colcon_core.package_identification[0m [1;30mLevel 1[0m _identify(src/armquadrover_gnb) by extension 'python'
[2.740s] [34mcolcon.colcon_core.package_identification[0m [1;30mLevel 1[0m _identify(src/armquadrover_gnb) by extensions ['python_setup_py']
[2.741s] [34mcolcon.colcon_core.package_identification[0m [1;30mLevel 1[0m _identify(src/armquadrover_gnb) by extension 'python_setup_py'
[2.741s] [34mcolcon.colcon_core.package_identification[0m [1;30mLevel 1[0m _identify(src/armquadrover_gnb/armquadrover) by extensions ['ignore', 'ignore_ament_install']
[2.742s] [34mcolcon.colcon_core.package_identification[0m [1;30mLevel 1[0m _identify(src/armquadrover_gnb/armquadrover) by extension 'ignore'
[2.742s] [34mcolcon.colcon_core.package_identification[0m [1;30mLevel 1[0m _identify(src/armquadrover_gnb/armquadrover) by extension 'ignore_ament_install'
[2.743s] [34mcolcon.colcon_core.package_identification[0m [1;30mLevel 1[0m _identify(src/armquadrover_gnb/armquadrover) by extensions ['colcon_pkg']
[2.743s] [34mcolcon.colcon_core.package_identification[0m [1;30mLevel 1[0m _identify(src/armquadrover_gnb/armquadrover) by extension 'colcon_pkg'
[2.744s] [34mcolcon.colcon_core.package_identification[0m [1;30mLevel 1[0m _identify(src/armquadrover_gnb/armquadrover) by extensions ['colcon_meta']
[2.744s] [34mcolcon.colcon_core.package_identification[0m [1;30mLevel 1[0m _identify(src/armquadrover_gnb/armquadrover) by extension 'colcon_meta'
[2.744s] [34mcolcon.colcon_core.package_identification[0m [1;30mLevel 1[0m _identify(src/armquadrover_gnb/armquadrover) by extensions ['ros']
[2.744s] [34mcolcon.colcon_core.package_identification[0m [1;30mLevel 1[0m _identify(src/armquadrover_gnb/armquadrover) by extension 'ros'
[2.765s] [34mcolcon.colcon_core.package_identification[0m [1;30mDEBUG[0m [32mPackage 'src/armquadrover_gnb/armquadrover' with type 'ros.ament_cmake' and name 'armquadrover'[0m
[2.766s] [34mcolcon.colcon_core.package_identification[0m [1;30mLevel 1[0m _identify(src/armquadrover_gnb/armquadrover_msgs) by extensions ['ignore', 'ignore_ament_install']
[2.767s] [34mcolcon.colcon_core.package_identification[0m [1;30mLevel 1[0m _identify(src/armquadrover_gnb/armquadrover_msgs) by extension 'ignore'
[2.768s] [34mcolcon.colcon_core.package_identification[0m [1;30mLevel 1[0m _identify(src/armquadrover_gnb/armquadrover_msgs) by extension 'ignore_ament_install'
[2.768s] [34mcolcon.colcon_core.package_identification[0m [1;30mLevel 1[0m _identify(src/armquadrover_gnb/armquadrover_msgs) by extensions ['colcon_pkg']
[2.769s] [34mcolcon.colcon_core.package_identification[0m [1;30mLevel 1[0m _identify(src/armquadrover_gnb/armquadrover_msgs) by extension 'colcon_pkg'
[2.769s] [34mcolcon.colcon_core.package_identification[0m [1;30mLevel 1[0m _identify(src/armquadrover_gnb/armquadrover_msgs) by extensions ['colcon_meta']
[2.769s] [34mcolcon.colcon_core.package_identification[0m [1;30mLevel 1[0m _identify(src/armquadrover_gnb/armquadrover_msgs) by extension 'colcon_meta'
[2.770s] [34mcolcon.colcon_core.package_identification[0m [1;30mLevel 1[0m _identify(src/armquadrover_gnb/armquadrover_msgs) by extensions ['ros']
[2.770s] [34mcolcon.colcon_core.package_identification[0m [1;30mLevel 1[0m _identify(src/armquadrover_gnb/armquadrover_msgs) by extension 'ros'
[2.774s] [34mcolcon.colcon_core.package_identification[0m [1;30mDEBUG[0m [32mPackage 'src/armquadrover_gnb/armquadrover_msgs' with type 'ros.ament_cmake' and name 'armquadrover_msgs'[0m
[2.775s] [34mcolcon.colcon_core.package_discovery[0m [1;30mLevel 1[0m discover_packages(recursive) using defaults
[2.775s] [34mcolcon.colcon_core.package_discovery[0m [1;30mLevel 1[0m discover_packages(ignore) discover
[2.776s] [34mcolcon.colcon_core.package_discovery[0m [1;30mLevel 1[0m discover_packages(ignore) using defaults
[2.776s] [34mcolcon.colcon_core.package_discovery[0m [1;30mLevel 1[0m discover_packages(path) discover
[2.776s] [34mcolcon.colcon_core.package_discovery[0m [1;30mLevel 1[0m discover_packages(path) using defaults
[2.961s] [34mcolcon.colcon_core.package_discovery[0m [1;30mLevel 1[0m discover_packages(prefix_path) check parameters
[2.961s] [34mcolcon.colcon_core.package_discovery[0m [1;30mLevel 1[0m discover_packages(prefix_path) discover
[2.979s] [34mcolcon.colcon_installed_package_information.package_discovery[0m [1;30mDEBUG[0m [32mFound 3 installed packages in /root/dev_ws/install[0m
[2.982s] [34mcolcon.colcon_installed_package_information.package_discovery[0m [1;30mDEBUG[0m [32mFound 3 installed packages in /root/urdf_ws/install[0m
[2.985s] [34mcolcon.colcon_installed_package_information.package_discovery[0m [1;30mDEBUG[0m [32mFound 2 installed packages in /root/real_ws/install[0m
[2.988s] [34mcolcon.colcon_installed_package_information.package_discovery[0m [1;30mDEBUG[0m [32mFound 1 installed packages in /root/catkin_ws/install[0m
[2.998s] [34mcolcon.colcon_installed_package_information.package_discovery[0m [1;30mDEBUG[0m [32mFound 371 installed packages in /opt/ros/humble[0m
[3.014s] [34mcolcon.colcon_core.package_discovery[0m [1;30mLevel 1[0m discover_packages(prefix_path) using defaults
[3.384s] [34mcolcon.colcon_core.verb[0m [1;30mLevel 5[0m set package 'armquadrover' build argument 'cmake_args' from command line to 'None'
[3.385s] [34mcolcon.colcon_core.verb[0m [1;30mLevel 5[0m set package 'armquadrover' build argument 'cmake_target' from command line to 'None'
[3.385s] [34mcolcon.colcon_core.verb[0m [1;30mLevel 5[0m set package 'armquadrover' build argument 'cmake_target_skip_unavailable' from command line to 'False'
[3.385s] [34mcolcon.colcon_core.verb[0m [1;30mLevel 5[0m set package 'armquadrover' build argument 'cmake_clean_cache' from command line to 'False'
[3.385s] [34mcolcon.colcon_core.verb[0m [1;30mLevel 5[0m set package 'armquadrover' build argument 'cmake_clean_first' from command line to 'False'
[3.385s] [34mcolcon.colcon_core.verb[0m [1;30mLevel 5[0m set package 'armquadrover' build argument 'cmake_force_configure' from command line to 'False'
[3.386s] [34mcolcon.colcon_core.verb[0m [1;30mLevel 5[0m set package 'armquadrover' build argument 'ament_cmake_args' from command line to 'None'
[3.386s] [34mcolcon.colcon_core.verb[0m [1;30mLevel 5[0m set package 'armquadrover' build argument 'catkin_cmake_args' from command line to 'None'
[3.386s] [34mcolcon.colcon_core.verb[0m [1;30mLevel 5[0m set package 'armquadrover' build argument 'catkin_skip_building_tests' from command line to 'False'
[3.386s] [34mcolcon.colcon_core.verb[0m [1;30mDEBUG[0m [32mBuilding package 'armquadrover' with the following arguments: {'ament_cmake_args': None, 'build_base': '/root/real_ws/build/armquadrover', 'catkin_cmake_args': None, 'catkin_skip_building_tests': False, 'cmake_args': None, 'cmake_clean_cache': False, 'cmake_clean_first': False, 'cmake_force_configure': False, 'cmake_target': None, 'cmake_target_skip_unavailable': False, 'install_base': '/root/real_ws/install/armquadrover', 'merge_install': False, 'path': '/root/real_ws/src/armquadrover_gnb/armquadrover', 'symlink_install': False, 'test_result_base': None}[0m
[3.389s] [34mcolcon.colcon_core.verb[0m [1;30mLevel 5[0m set package 'armquadrover_msgs' build argument 'cmake_args' from command line to 'None'
[3.389s] [34mcolcon.colcon_core.verb[0m [1;30mLevel 5[0m set package 'armquadrover_msgs' build argument 'cmake_target' from command line to 'None'
[3.390s] [34mcolcon.colcon_core.verb[0m [1;30mLevel 5[0m set package 'armquadrover_msgs' build argument 'cmake_target_skip_unavailable' from command line to 'False'
[3.390s] [34mcolcon.colcon_core.verb[0m [1;30mLevel 5[0m set package 'armquadrover_msgs' build argument 'cmake_clean_cache' from command line to 'False'
[3.390s] [34mcolcon.colcon_core.verb[0m [1;30mLevel 5[0m set package 'armquadrover_msgs' build argument 'cmake_clean_first' from command line to 'False'
[3.390s] [34mcolcon.colcon_core.verb[0m [1;30mLevel 5[0m set package 'armquadrover_msgs' build argument 'cmake_force_configure' from command line to 'False'
[3.390s] [34mcolcon.colcon_core.verb[0m [1;30mLevel 5[0m set package 'armquadrover_msgs' build argument 'ament_cmake_args' from command line to 'None'
[3.391s] [34mcolcon.colcon_core.verb[0m [1;30mLevel 5[0m set package 'armquadrover_msgs' build argument 'catkin_cmake_args' from command line to 'None'
[3.391s] [34mcolcon.colcon_core.verb[0m [1;30mLevel 5[0m set package 'armquadrover_msgs' build argument 'catkin_skip_building_tests' from command line to 'False'
[3.391s] [34mcolcon.colcon_core.verb[0m [1;30mDEBUG[0m [32mBuilding package 'armquadrover_msgs' with the following arguments: {'ament_cmake_args': None, 'build_base': '/root/real_ws/build/armquadrover_msgs', 'catkin_cmake_args': None, 'catkin_skip_building_tests': False, 'cmake_args': None, 'cmake_clean_cache': False, 'cmake_clean_first': False, 'cmake_force_configure': False, 'cmake_target': None, 'cmake_target_skip_unavailable': False, 'install_base': '/root/real_ws/install/armquadrover_msgs', 'merge_install': False, 'path': '/root/real_ws/src/armquadrover_gnb/armquadrover_msgs', 'symlink_install': False, 'test_result_base': None}[0m
[3.392s] [34mcolcon.colcon_core.executor[0m [1;30mINFO[0m Executing jobs using 'parallel' executor
[3.398s] [34mcolcon.colcon_parallel_executor.executor.parallel[0m [1;30mDEBUG[0m [32mrun_until_complete[0m
[3.399s] [34mcolcon.colcon_ros.task.ament_cmake.build[0m [1;30mINFO[0m Building ROS package in '/root/real_ws/src/armquadrover_gnb/armquadrover' with build type 'ament_cmake'
[3.400s] [34mcolcon.colcon_cmake.task.cmake.build[0m [1;30mINFO[0m Building CMake package in '/root/real_ws/src/armquadrover_gnb/armquadrover'
[3.418s] [34mcolcon.colcon_core.plugin_system[0m [1;30mINFO[0m Skipping extension 'colcon_core.shell.bat': Not used on non-Windows systems
[3.419s] [34mcolcon.colcon_core.shell[0m [1;30mINFO[0m Skip shell extension 'powershell' for command environment: Not usable outside of PowerShell
[3.420s] [34mcolcon.colcon_core.shell[0m [1;30mDEBUG[0m [32mSkip shell extension 'dsv' for command environment[0m
[3.450s] [34mcolcon.colcon_ros.task.ament_cmake.build[0m [1;30mINFO[0m Building ROS package in '/root/real_ws/src/armquadrover_gnb/armquadrover_msgs' with build type 'ament_cmake'
[3.452s] [34mcolcon.colcon_cmake.task.cmake.build[0m [1;30mINFO[0m Building CMake package in '/root/real_ws/src/armquadrover_gnb/armquadrover_msgs'
[3.454s] [34mcolcon.colcon_core.shell[0m [1;30mINFO[0m Skip shell extension 'powershell' for command environment: Not usable outside of PowerShell
[3.455s] [34mcolcon.colcon_core.shell[0m [1;30mDEBUG[0m [32mSkip shell extension 'dsv' for command environment[0m
[3.507s] [34mcolcon.colcon_core.event_handler.log_command[0m [1;30mDEBUG[0m [32mInvoking command in '/root/real_ws/build/armquadrover': CMAKE_PREFIX_PATH=${CMAKE_PREFIX_PATH}:/root/urdf_ws/install/doublearm6_description:/opt/ros/humble /usr/local/bin/cmake --build /root/real_ws/build/armquadrover -- -j4 -l4[0m
[3.530s] [34mcolcon.colcon_core.event_handler.log_command[0m [1;30mDEBUG[0m [32mInvoking command in '/root/real_ws/build/armquadrover_msgs': CMAKE_PREFIX_PATH=${CMAKE_PREFIX_PATH}:/root/urdf_ws/install/doublearm6_description:/opt/ros/humble /usr/local/bin/cmake --build /root/real_ws/build/armquadrover_msgs -- -j4 -l4[0m
[8.270s] [34mcolcon.colcon_core.event_handler.log_command[0m [1;30mDEBUG[0m [32mInvoked command in '/root/real_ws/build/armquadrover_msgs' returned '0': CMAKE_PREFIX_PATH=${CMAKE_PREFIX_PATH}:/root/urdf_ws/install/doublearm6_description:/opt/ros/humble /usr/local/bin/cmake --build /root/real_ws/build/armquadrover_msgs -- -j4 -l4[0m
[10.053s] [34mcolcon.colcon_core.event_handler.log_command[0m [1;30mDEBUG[0m [32mInvoking command in '/root/real_ws/build/armquadrover_msgs': CMAKE_PREFIX_PATH=${CMAKE_PREFIX_PATH}:/root/urdf_ws/install/doublearm6_description:/opt/ros/humble /usr/local/bin/cmake --install /root/real_ws/build/armquadrover_msgs[0m
[11.351s] [34mcolcon.colcon_core.environment[0m [1;30mLevel 1[0m create_environment_scripts_only(armquadrover_msgs)
[11.354s] [34mcolcon.colcon_core.event_handler.log_command[0m [1;30mDEBUG[0m [32mInvoked command in '/root/real_ws/build/armquadrover_msgs' returned '0': CMAKE_PREFIX_PATH=${CMAKE_PREFIX_PATH}:/root/urdf_ws/install/doublearm6_description:/opt/ros/humble /usr/local/bin/cmake --install /root/real_ws/build/armquadrover_msgs[0m
[11.384s] [34mcolcon.colcon_core.environment[0m [1;30mLevel 1[0m checking '/root/real_ws/install/armquadrover_msgs' for CMake module files
[11.389s] [34mcolcon.colcon_core.environment[0m [1;30mLevel 1[0m checking '/root/real_ws/install/armquadrover_msgs' for CMake config files
[11.393s] [34mcolcon.colcon_core.shell[0m [1;30mLevel 1[0m create_environment_hook('armquadrover_msgs', 'cmake_prefix_path')
[11.396s] [34mcolcon.colcon_core.shell[0m [1;30mINFO[0m Creating environment hook '/root/real_ws/install/armquadrover_msgs/share/armquadrover_msgs/hook/cmake_prefix_path.ps1'
[11.404s] [34mcolcon.colcon_core.shell[0m [1;30mINFO[0m Creating environment descriptor '/root/real_ws/install/armquadrover_msgs/share/armquadrover_msgs/hook/cmake_prefix_path.dsv'
[11.411s] [34mcolcon.colcon_core.shell[0m [1;30mINFO[0m Creating environment hook '/root/real_ws/install/armquadrover_msgs/share/armquadrover_msgs/hook/cmake_prefix_path.sh'
[11.422s] [34mcolcon.colcon_core.environment[0m [1;30mLevel 1[0m checking '/root/real_ws/install/armquadrover_msgs/lib'
[11.425s] [34mcolcon.colcon_core.shell[0m [1;30mLevel 1[0m create_environment_hook('armquadrover_msgs', 'ld_library_path_lib')
[11.428s] [34mcolcon.colcon_core.shell[0m [1;30mINFO[0m Creating environment hook '/root/real_ws/install/armquadrover_msgs/share/armquadrover_msgs/hook/ld_library_path_lib.ps1'
[11.433s] [34mcolcon.colcon_core.shell[0m [1;30mINFO[0m Creating environment descriptor '/root/real_ws/install/armquadrover_msgs/share/armquadrover_msgs/hook/ld_library_path_lib.dsv'
[11.441s] [34mcolcon.colcon_core.shell[0m [1;30mINFO[0m Creating environment hook '/root/real_ws/install/armquadrover_msgs/share/armquadrover_msgs/hook/ld_library_path_lib.sh'
[11.447s] [34mcolcon.colcon_core.environment[0m [1;30mLevel 1[0m checking '/root/real_ws/install/armquadrover_msgs/bin'
[11.448s] [34mcolcon.colcon_core.environment[0m [1;30mLevel 1[0m checking '/root/real_ws/install/armquadrover_msgs/lib/pkgconfig/armquadrover_msgs.pc'
[11.450s] [34mcolcon.colcon_core.environment[0m [1;30mLevel 1[0m checking '/root/real_ws/install/armquadrover_msgs/lib/python3.10/site-packages'
[11.453s] [34mcolcon.colcon_core.environment[0m [1;30mLevel 1[0m checking '/root/real_ws/install/armquadrover_msgs/bin'
[11.456s] [34mcolcon.colcon_core.shell[0m [1;30mINFO[0m Creating package script '/root/real_ws/install/armquadrover_msgs/share/armquadrover_msgs/package.ps1'
[11.464s] [34mcolcon.colcon_core.shell[0m [1;30mINFO[0m Creating package descriptor '/root/real_ws/install/armquadrover_msgs/share/armquadrover_msgs/package.dsv'
[11.470s] [34mcolcon.colcon_core.shell[0m [1;30mINFO[0m Creating package script '/root/real_ws/install/armquadrover_msgs/share/armquadrover_msgs/package.sh'
[11.480s] [34mcolcon.colcon_core.shell[0m [1;30mINFO[0m Creating package script '/root/real_ws/install/armquadrover_msgs/share/armquadrover_msgs/package.bash'
[11.488s] [34mcolcon.colcon_core.shell[0m [1;30mINFO[0m Creating package script '/root/real_ws/install/armquadrover_msgs/share/armquadrover_msgs/package.zsh'
[11.495s] [34mcolcon.colcon_core.environment[0m [1;30mLevel 1[0m create_file_with_runtime_dependencies(/root/real_ws/install/armquadrover_msgs/share/colcon-core/packages/armquadrover_msgs)
[12.519s] [34mcolcon.colcon_core.environment[0m [1;30mLevel 1[0m create_environment_scripts_only(armquadrover_msgs)
[12.521s] [34mcolcon.colcon_core.environment[0m [1;30mLevel 1[0m checking '/root/real_ws/install/armquadrover_msgs' for CMake module files
[12.526s] [34mcolcon.colcon_core.environment[0m [1;30mLevel 1[0m checking '/root/real_ws/install/armquadrover_msgs' for CMake config files
[12.529s] [34mcolcon.colcon_core.shell[0m [1;30mLevel 1[0m create_environment_hook('armquadrover_msgs', 'cmake_prefix_path')
[12.532s] [34mcolcon.colcon_core.shell[0m [1;30mINFO[0m Creating environment hook '/root/real_ws/install/armquadrover_msgs/share/armquadrover_msgs/hook/cmake_prefix_path.ps1'
[12.536s] [34mcolcon.colcon_core.shell[0m [1;30mINFO[0m Creating environment descriptor '/root/real_ws/install/armquadrover_msgs/share/armquadrover_msgs/hook/cmake_prefix_path.dsv'
[12.539s] [34mcolcon.colcon_core.shell[0m [1;30mINFO[0m Creating environment hook '/root/real_ws/install/armquadrover_msgs/share/armquadrover_msgs/hook/cmake_prefix_path.sh'
[12.545s] [34mcolcon.colcon_core.environment[0m [1;30mLevel 1[0m checking '/root/real_ws/install/armquadrover_msgs/lib'
[12.546s] [34mcolcon.colcon_core.shell[0m [1;30mLevel 1[0m create_environment_hook('armquadrover_msgs', 'ld_library_path_lib')
[12.549s] [34mcolcon.colcon_core.shell[0m [1;30mINFO[0m Creating environment hook '/root/real_ws/install/armquadrover_msgs/share/armquadrover_msgs/hook/ld_library_path_lib.ps1'
[12.552s] [34mcolcon.colcon_core.shell[0m [1;30mINFO[0m Creating environment descriptor '/root/real_ws/install/armquadrover_msgs/share/armquadrover_msgs/hook/ld_library_path_lib.dsv'
[12.555s] [34mcolcon.colcon_core.shell[0m [1;30mINFO[0m Creating environment hook '/root/real_ws/install/armquadrover_msgs/share/armquadrover_msgs/hook/ld_library_path_lib.sh'
[12.558s] [34mcolcon.colcon_core.environment[0m [1;30mLevel 1[0m checking '/root/real_ws/install/armquadrover_msgs/bin'
[12.559s] [34mcolcon.colcon_core.environment[0m [1;30mLevel 1[0m checking '/root/real_ws/install/armquadrover_msgs/lib/pkgconfig/armquadrover_msgs.pc'
[12.561s] [34mcolcon.colcon_core.environment[0m [1;30mLevel 1[0m checking '/root/real_ws/install/armquadrover_msgs/lib/python3.10/site-packages'
[12.563s] [34mcolcon.colcon_core.environment[0m [1;30mLevel 1[0m checking '/root/real_ws/install/armquadrover_msgs/bin'
[12.567s] [34mcolcon.colcon_core.shell[0m [1;30mINFO[0m Creating package script '/root/real_ws/install/armquadrover_msgs/share/armquadrover_msgs/package.ps1'
[12.572s] [34mcolcon.colcon_core.shell[0m [1;30mINFO[0m Creating package descriptor '/root/real_ws/install/armquadrover_msgs/share/armquadrover_msgs/package.dsv'
[12.578s] [34mcolcon.colcon_core.shell[0m [1;30mINFO[0m Creating package script '/root/real_ws/install/armquadrover_msgs/share/armquadrover_msgs/package.sh'
[12.583s] [34mcolcon.colcon_core.shell[0m [1;30mINFO[0m Creating package script '/root/real_ws/install/armquadrover_msgs/share/armquadrover_msgs/package.bash'
[12.587s] [34mcolcon.colcon_core.shell[0m [1;30mINFO[0m Creating package script '/root/real_ws/install/armquadrover_msgs/share/armquadrover_msgs/package.zsh'
[12.591s] [34mcolcon.colcon_core.environment[0m [1;30mLevel 1[0m create_file_with_runtime_dependencies(/root/real_ws/install/armquadrover_msgs/share/colcon-core/packages/armquadrover_msgs)
[55.311s] [34mcolcon.colcon_core.event_handler.log_command[0m [1;30mDEBUG[0m [32mInvoked command in '/root/real_ws/build/armquadrover' returned '2': CMAKE_PREFIX_PATH=${CMAKE_PREFIX_PATH}:/root/urdf_ws/install/doublearm6_description:/opt/ros/humble /usr/local/bin/cmake --build /root/real_ws/build/armquadrover -- -j4 -l4[0m
[56.057s] [34mcolcon.colcon_core.environment[0m [1;30mLevel 1[0m create_environment_scripts_only(armquadrover)
[56.059s] [34mcolcon.colcon_core.environment[0m [1;30mLevel 1[0m checking '/root/real_ws/install/armquadrover' for CMake module files
[56.062s] [34mcolcon.colcon_core.environment[0m [1;30mLevel 1[0m checking '/root/real_ws/install/armquadrover' for CMake config files
[56.064s] [34mcolcon.colcon_core.shell[0m [1;30mLevel 1[0m create_environment_hook('armquadrover', 'cmake_prefix_path')
[56.065s] [34mcolcon.colcon_core.shell[0m [1;30mINFO[0m Creating environment hook '/root/real_ws/install/armquadrover/share/armquadrover/hook/cmake_prefix_path.ps1'
[56.068s] [34mcolcon.colcon_core.shell[0m [1;30mINFO[0m Creating environment descriptor '/root/real_ws/install/armquadrover/share/armquadrover/hook/cmake_prefix_path.dsv'
[56.070s] [34mcolcon.colcon_core.shell[0m [1;30mINFO[0m Creating environment hook '/root/real_ws/install/armquadrover/share/armquadrover/hook/cmake_prefix_path.sh'
[56.074s] [34mcolcon.colcon_core.environment[0m [1;30mLevel 1[0m checking '/root/real_ws/install/armquadrover/lib'
[56.075s] [34mcolcon.colcon_core.environment[0m [1;30mLevel 1[0m checking '/root/real_ws/install/armquadrover/bin'
[56.076s] [34mcolcon.colcon_core.environment[0m [1;30mLevel 1[0m checking '/root/real_ws/install/armquadrover/lib/pkgconfig/armquadrover.pc'
[56.078s] [34mcolcon.colcon_core.environment[0m [1;30mLevel 1[0m checking '/root/real_ws/install/armquadrover/lib/python3.10/site-packages'
[56.080s] [34mcolcon.colcon_core.environment[0m [1;30mLevel 1[0m checking '/root/real_ws/install/armquadrover/bin'
[56.082s] [34mcolcon.colcon_core.shell[0m [1;30mINFO[0m Creating package script '/root/real_ws/install/armquadrover/share/armquadrover/package.ps1'
[56.085s] [34mcolcon.colcon_core.shell[0m [1;30mINFO[0m Creating package descriptor '/root/real_ws/install/armquadrover/share/armquadrover/package.dsv'
[56.088s] [34mcolcon.colcon_core.shell[0m [1;30mINFO[0m Creating package script '/root/real_ws/install/armquadrover/share/armquadrover/package.sh'
[56.092s] [34mcolcon.colcon_core.shell[0m [1;30mINFO[0m Creating package script '/root/real_ws/install/armquadrover/share/armquadrover/package.bash'
[56.095s] [34mcolcon.colcon_core.shell[0m [1;30mINFO[0m Creating package script '/root/real_ws/install/armquadrover/share/armquadrover/package.zsh'
[56.097s] [34mcolcon.colcon_core.environment[0m [1;30mLevel 1[0m create_file_with_runtime_dependencies(/root/real_ws/install/armquadrover/share/colcon-core/packages/armquadrover)
[56.101s] [34mcolcon.colcon_parallel_executor.executor.parallel[0m [1;30mDEBUG[0m [32mclosing loop[0m
[56.102s] [34mcolcon.colcon_parallel_executor.executor.parallel[0m [1;30mDEBUG[0m [32mloop closed[0m
[56.103s] [34mcolcon.colcon_parallel_executor.executor.parallel[0m [1;30mDEBUG[0m [32mrun_until_complete finished with '2'[0m
[56.104s] [34mcolcon.colcon_core.event_reactor[0m [1;30mDEBUG[0m [32mjoining thread[0m
[56.141s] [34mcolcon.colcon_core.plugin_system[0m [1;30mINFO[0m Skipping extension 'colcon_notification.desktop_notification.notify_send': Could not find 'notify-send'
[56.141s] [34mcolcon.colcon_core.plugin_system[0m [1;30mINFO[0m Skipping extension 'colcon_notification.desktop_notification.terminal_notifier': Not used on non-Darwin systems
[56.142s] [34mcolcon.colcon_core.plugin_system[0m [1;30mINFO[0m Skipping extension 'colcon_notification.desktop_notification.win32': Not used on non-Windows systems
[56.142s] [34mcolcon.colcon_notification.desktop_notification[0m [1;30mINFO[0m Sending desktop notification using 'notify2'
[81.180s] [34mcolcon.colcon_notification.desktop_notification.notify2[0m [1;30mDEBUG[0m [32mFailed to initialize notify2: org.freedesktop.DBus.Error.NoReply: Did not receive a reply. Possible causes include: the remote application did not send a reply, the message bus security policy blocked the reply, the reply timeout expired, or the network connection was broken.[0m
[81.181s] [34mcolcon.colcon_core.event_reactor[0m [1;30mDEBUG[0m [32mjoined thread[0m
[81.183s] [34mcolcon.colcon_core.shell[0m [1;30mINFO[0m Creating prefix script '/root/real_ws/install/local_setup.ps1'
[81.190s] [34mcolcon.colcon_core.shell[0m [1;30mINFO[0m Creating prefix util module '/root/real_ws/install/_local_setup_util_ps1.py'
[81.201s] [34mcolcon.colcon_core.shell[0m [1;30mINFO[0m Creating prefix chain script '/root/real_ws/install/setup.ps1'
[81.210s] [34mcolcon.colcon_core.shell[0m [1;30mINFO[0m Creating prefix script '/root/real_ws/install/local_setup.sh'
[81.214s] [34mcolcon.colcon_core.shell[0m [1;30mINFO[0m Creating prefix util module '/root/real_ws/install/_local_setup_util_sh.py'
[81.217s] [34mcolcon.colcon_core.shell[0m [1;30mINFO[0m Creating prefix chain script '/root/real_ws/install/setup.sh'
[81.227s] [34mcolcon.colcon_core.shell[0m [1;30mINFO[0m Creating prefix script '/root/real_ws/install/local_setup.bash'
[81.231s] [34mcolcon.colcon_core.shell[0m [1;30mINFO[0m Creating prefix chain script '/root/real_ws/install/setup.bash'
[81.243s] [34mcolcon.colcon_core.shell[0m [1;30mINFO[0m Creating prefix script '/root/real_ws/install/local_setup.zsh'
[81.247s] [34mcolcon.colcon_core.shell[0m [1;30mINFO[0m Creating prefix chain script '/root/real_ws/install/setup.zsh'
