[1.092s] [34mcolcon[0m [1;30mDEBUG[0m [32mCommand line arguments: ['/usr/bin/colcon', 'build'][0m
[1.093s] [34mcolcon[0m [1;30mDEBUG[0m [32mParsed command line arguments: Namespace(log_base=None, log_level=None, verb_name='build', build_base='build', install_base='install', merge_install=False, symlink_install=False, test_result_base=None, continue_on_error=False, executor='parallel', parallel_workers=4, event_handlers=None, ignore_user_meta=False, metas=['./colcon.meta'], base_paths=['.'], packages_ignore=None, packages_ignore_regex=None, paths=None, packages_up_to=None, packages_up_to_regex=None, packages_above=None, packages_above_and_dependencies=None, packages_above_depth=None, packages_select_by_dep=None, packages_skip_by_dep=None, packages_skip_up_to=None, packages_select_build_failed=False, packages_skip_build_finished=False, packages_select_test_failures=False, packages_skip_test_passed=False, packages_select=None, packages_skip=None, packages_select_regex=None, packages_skip_regex=None, packages_start=None, packages_end=None, allow_overriding=[], cmake_args=None, cmake_target=None, cmake_target_skip_unavailable=False, cmake_clean_cache=False, cmake_clean_first=False, cmake_force_configure=False, ament_cmake_args=None, catkin_cmake_args=None, catkin_skip_building_tests=False, mixin_files=None, mixin=None, verb_parser=<colcon_mixin.mixin.mixin_argument.MixinArgumentDecorator object at 0x7f972408b0>, verb_extension=<colcon_core.verb.build.BuildVerb object at 0x7f97443eb0>, main=<bound method BuildVerb.main of <colcon_core.verb.build.BuildVerb object at 0x7f97443eb0>>, mixin_verb=('build',))[0m
[2.992s] [34mcolcon.colcon_core.package_discovery[0m [1;30mLevel 1[0m discover_packages(colcon_meta) check parameters
[2.993s] [34mcolcon.colcon_core.package_discovery[0m [1;30mLevel 1[0m discover_packages(recursive) check parameters
[2.994s] [34mcolcon.colcon_core.package_discovery[0m [1;30mLevel 1[0m discover_packages(ignore) check parameters
[2.995s] [34mcolcon.colcon_core.package_discovery[0m [1;30mLevel 1[0m discover_packages(path) check parameters
[2.996s] [34mcolcon.colcon_core.package_discovery[0m [1;30mLevel 1[0m discover_packages(colcon_meta) discover
[2.997s] [34mcolcon.colcon_core.package_discovery[0m [1;30mLevel 1[0m discover_packages(recursive) discover
[2.999s] [34mcolcon.colcon_core.package_discovery[0m [1;30mINFO[0m Crawling recursively for packages in '/root/real_ws'
[3.002s] [34mcolcon.colcon_core.package_identification[0m [1;30mLevel 1[0m _identify(.) by extensions ['ignore', 'ignore_ament_install']
[3.004s] [34mcolcon.colcon_core.package_identification[0m [1;30mLevel 1[0m _identify(.) by extension 'ignore'
[3.006s] [34mcolcon.colcon_core.package_identification[0m [1;30mLevel 1[0m _identify(.) by extension 'ignore_ament_install'
[3.008s] [34mcolcon.colcon_core.package_identification[0m [1;30mLevel 1[0m _identify(.) by extensions ['colcon_pkg']
[3.010s] [34mcolcon.colcon_core.package_identification[0m [1;30mLevel 1[0m _identify(.) by extension 'colcon_pkg'
[3.012s] [34mcolcon.colcon_core.package_identification[0m [1;30mLevel 1[0m _identify(.) by extensions ['colcon_meta']
[3.014s] [34mcolcon.colcon_core.package_identification[0m [1;30mLevel 1[0m _identify(.) by extension 'colcon_meta'
[3.016s] [34mcolcon.colcon_core.package_identification[0m [1;30mLevel 1[0m _identify(.) by extensions ['ros']
[3.018s] [34mcolcon.colcon_core.package_identification[0m [1;30mLevel 1[0m _identify(.) by extension 'ros'
[3.127s] [34mcolcon.colcon_core.package_identification[0m [1;30mLevel 1[0m _identify(.) by extensions ['cmake', 'python']
[3.128s] [34mcolcon.colcon_core.package_identification[0m [1;30mLevel 1[0m _identify(.) by extension 'cmake'
[3.130s] [34mcolcon.colcon_core.package_identification[0m [1;30mLevel 1[0m _identify(.) by extension 'python'
[3.134s] [34mcolcon.colcon_core.package_identification[0m [1;30mLevel 1[0m _identify(.) by extensions ['python_setup_py']
[3.136s] [34mcolcon.colcon_core.package_identification[0m [1;30mLevel 1[0m _identify(.) by extension 'python_setup_py'
[3.138s] [34mcolcon.colcon_core.package_identification[0m [1;30mLevel 1[0m _identify(build) by extensions ['ignore', 'ignore_ament_install']
[3.141s] [34mcolcon.colcon_core.package_identification[0m [1;30mLevel 1[0m _identify(build) by extension 'ignore'
[3.142s] [34mcolcon.colcon_core.package_identification[0m [1;30mLevel 1[0m _identify(build) ignored
[3.145s] [34mcolcon.colcon_core.package_identification[0m [1;30mLevel 1[0m _identify(install) by extensions ['ignore', 'ignore_ament_install']
[3.148s] [34mcolcon.colcon_core.package_identification[0m [1;30mLevel 1[0m _identify(install) by extension 'ignore'
[3.150s] [34mcolcon.colcon_core.package_identification[0m [1;30mLevel 1[0m _identify(install) ignored
[3.152s] [34mcolcon.colcon_core.package_identification[0m [1;30mLevel 1[0m _identify(log) by extensions ['ignore', 'ignore_ament_install']
[3.154s] [34mcolcon.colcon_core.package_identification[0m [1;30mLevel 1[0m _identify(log) by extension 'ignore'
[3.156s] [34mcolcon.colcon_core.package_identification[0m [1;30mLevel 1[0m _identify(log) ignored
[3.159s] [34mcolcon.colcon_core.package_identification[0m [1;30mLevel 1[0m _identify(src) by extensions ['ignore', 'ignore_ament_install']
[3.161s] [34mcolcon.colcon_core.package_identification[0m [1;30mLevel 1[0m _identify(src) by extension 'ignore'
[3.163s] [34mcolcon.colcon_core.package_identification[0m [1;30mLevel 1[0m _identify(src) by extension 'ignore_ament_install'
[3.165s] [34mcolcon.colcon_core.package_identification[0m [1;30mLevel 1[0m _identify(src) by extensions ['colcon_pkg']
[3.167s] [34mcolcon.colcon_core.package_identification[0m [1;30mLevel 1[0m _identify(src) by extension 'colcon_pkg'
[3.169s] [34mcolcon.colcon_core.package_identification[0m [1;30mLevel 1[0m _identify(src) by extensions ['colcon_meta']
[3.171s] [34mcolcon.colcon_core.package_identification[0m [1;30mLevel 1[0m _identify(src) by extension 'colcon_meta'
[3.173s] [34mcolcon.colcon_core.package_identification[0m [1;30mLevel 1[0m _identify(src) by extensions ['ros']
[3.175s] [34mcolcon.colcon_core.package_identification[0m [1;30mLevel 1[0m _identify(src) by extension 'ros'
[3.177s] [34mcolcon.colcon_core.package_identification[0m [1;30mLevel 1[0m _identify(src) by extensions ['cmake', 'python']
[3.179s] [34mcolcon.colcon_core.package_identification[0m [1;30mLevel 1[0m _identify(src) by extension 'cmake'
[3.181s] [34mcolcon.colcon_core.package_identification[0m [1;30mLevel 1[0m _identify(src) by extension 'python'
[3.183s] [34mcolcon.colcon_core.package_identification[0m [1;30mLevel 1[0m _identify(src) by extensions ['python_setup_py']
[3.185s] [34mcolcon.colcon_core.package_identification[0m [1;30mLevel 1[0m _identify(src) by extension 'python_setup_py'
[3.188s] [34mcolcon.colcon_core.package_identification[0m [1;30mLevel 1[0m _identify(src/armquadrover_gnb) by extensions ['ignore', 'ignore_ament_install']
[3.190s] [34mcolcon.colcon_core.package_identification[0m [1;30mLevel 1[0m _identify(src/armquadrover_gnb) by extension 'ignore'
[3.192s] [34mcolcon.colcon_core.package_identification[0m [1;30mLevel 1[0m _identify(src/armquadrover_gnb) by extension 'ignore_ament_install'
[3.195s] [34mcolcon.colcon_core.package_identification[0m [1;30mLevel 1[0m _identify(src/armquadrover_gnb) by extensions ['colcon_pkg']
[3.196s] [34mcolcon.colcon_core.package_identification[0m [1;30mLevel 1[0m _identify(src/armquadrover_gnb) by extension 'colcon_pkg'
[3.198s] [34mcolcon.colcon_core.package_identification[0m [1;30mLevel 1[0m _identify(src/armquadrover_gnb) by extensions ['colcon_meta']
[3.200s] [34mcolcon.colcon_core.package_identification[0m [1;30mLevel 1[0m _identify(src/armquadrover_gnb) by extension 'colcon_meta'
[3.202s] [34mcolcon.colcon_core.package_identification[0m [1;30mLevel 1[0m _identify(src/armquadrover_gnb) by extensions ['ros']
[3.204s] [34mcolcon.colcon_core.package_identification[0m [1;30mLevel 1[0m _identify(src/armquadrover_gnb) by extension 'ros'
[3.206s] [34mcolcon.colcon_core.package_identification[0m [1;30mLevel 1[0m _identify(src/armquadrover_gnb) by extensions ['cmake', 'python']
[3.208s] [34mcolcon.colcon_core.package_identification[0m [1;30mLevel 1[0m _identify(src/armquadrover_gnb) by extension 'cmake'
[3.210s] [34mcolcon.colcon_core.package_identification[0m [1;30mLevel 1[0m _identify(src/armquadrover_gnb) by extension 'python'
[3.212s] [34mcolcon.colcon_core.package_identification[0m [1;30mLevel 1[0m _identify(src/armquadrover_gnb) by extensions ['python_setup_py']
[3.214s] [34mcolcon.colcon_core.package_identification[0m [1;30mLevel 1[0m _identify(src/armquadrover_gnb) by extension 'python_setup_py'
[3.217s] [34mcolcon.colcon_core.package_identification[0m [1;30mLevel 1[0m _identify(src/armquadrover_gnb/armquadrover) by extensions ['ignore', 'ignore_ament_install']
[3.219s] [34mcolcon.colcon_core.package_identification[0m [1;30mLevel 1[0m _identify(src/armquadrover_gnb/armquadrover) by extension 'ignore'
[3.221s] [34mcolcon.colcon_core.package_identification[0m [1;30mLevel 1[0m _identify(src/armquadrover_gnb/armquadrover) by extension 'ignore_ament_install'
[3.223s] [34mcolcon.colcon_core.package_identification[0m [1;30mLevel 1[0m _identify(src/armquadrover_gnb/armquadrover) by extensions ['colcon_pkg']
[3.225s] [34mcolcon.colcon_core.package_identification[0m [1;30mLevel 1[0m _identify(src/armquadrover_gnb/armquadrover) by extension 'colcon_pkg'
[3.227s] [34mcolcon.colcon_core.package_identification[0m [1;30mLevel 1[0m _identify(src/armquadrover_gnb/armquadrover) by extensions ['colcon_meta']
[3.229s] [34mcolcon.colcon_core.package_identification[0m [1;30mLevel 1[0m _identify(src/armquadrover_gnb/armquadrover) by extension 'colcon_meta'
[3.231s] [34mcolcon.colcon_core.package_identification[0m [1;30mLevel 1[0m _identify(src/armquadrover_gnb/armquadrover) by extensions ['ros']
[3.233s] [34mcolcon.colcon_core.package_identification[0m [1;30mLevel 1[0m _identify(src/armquadrover_gnb/armquadrover) by extension 'ros'
[3.260s] [34mcolcon.colcon_core.package_identification[0m [1;30mDEBUG[0m [32mPackage 'src/armquadrover_gnb/armquadrover' with type 'ros.ament_cmake' and name 'armquadrover'[0m
[3.263s] [34mcolcon.colcon_core.package_identification[0m [1;30mLevel 1[0m _identify(src/armquadrover_gnb/armquadrover_msgs) by extensions ['ignore', 'ignore_ament_install']
[3.265s] [34mcolcon.colcon_core.package_identification[0m [1;30mLevel 1[0m _identify(src/armquadrover_gnb/armquadrover_msgs) by extension 'ignore'
[3.267s] [34mcolcon.colcon_core.package_identification[0m [1;30mLevel 1[0m _identify(src/armquadrover_gnb/armquadrover_msgs) by extension 'ignore_ament_install'
[3.269s] [34mcolcon.colcon_core.package_identification[0m [1;30mLevel 1[0m _identify(src/armquadrover_gnb/armquadrover_msgs) by extensions ['colcon_pkg']
[3.271s] [34mcolcon.colcon_core.package_identification[0m [1;30mLevel 1[0m _identify(src/armquadrover_gnb/armquadrover_msgs) by extension 'colcon_pkg'
[3.273s] [34mcolcon.colcon_core.package_identification[0m [1;30mLevel 1[0m _identify(src/armquadrover_gnb/armquadrover_msgs) by extensions ['colcon_meta']
[3.275s] [34mcolcon.colcon_core.package_identification[0m [1;30mLevel 1[0m _identify(src/armquadrover_gnb/armquadrover_msgs) by extension 'colcon_meta'
[3.277s] [34mcolcon.colcon_core.package_identification[0m [1;30mLevel 1[0m _identify(src/armquadrover_gnb/armquadrover_msgs) by extensions ['ros']
[3.279s] [34mcolcon.colcon_core.package_identification[0m [1;30mLevel 1[0m _identify(src/armquadrover_gnb/armquadrover_msgs) by extension 'ros'
[3.285s] [34mcolcon.colcon_core.package_identification[0m [1;30mDEBUG[0m [32mPackage 'src/armquadrover_gnb/armquadrover_msgs' with type 'ros.ament_cmake' and name 'armquadrover_msgs'[0m
[3.287s] [34mcolcon.colcon_core.package_discovery[0m [1;30mLevel 1[0m discover_packages(recursive) using defaults
[3.289s] [34mcolcon.colcon_core.package_discovery[0m [1;30mLevel 1[0m discover_packages(ignore) discover
[3.291s] [34mcolcon.colcon_core.package_discovery[0m [1;30mLevel 1[0m discover_packages(ignore) using defaults
[3.293s] [34mcolcon.colcon_core.package_discovery[0m [1;30mLevel 1[0m discover_packages(path) discover
[3.294s] [34mcolcon.colcon_core.package_discovery[0m [1;30mLevel 1[0m discover_packages(path) using defaults
[3.543s] [34mcolcon.colcon_core.package_discovery[0m [1;30mLevel 1[0m discover_packages(prefix_path) check parameters
[3.543s] [34mcolcon.colcon_core.package_discovery[0m [1;30mLevel 1[0m discover_packages(prefix_path) discover
[3.562s] [34mcolcon.colcon_installed_package_information.package_discovery[0m [1;30mDEBUG[0m [32mFound 3 installed packages in /root/dev_ws/install[0m
[3.567s] [34mcolcon.colcon_installed_package_information.package_discovery[0m [1;30mDEBUG[0m [32mFound 3 installed packages in /root/urdf_ws/install[0m
[3.571s] [34mcolcon.colcon_installed_package_information.package_discovery[0m [1;30mDEBUG[0m [32mFound 2 installed packages in /root/real_ws/install[0m
[3.575s] [34mcolcon.colcon_installed_package_information.package_discovery[0m [1;30mDEBUG[0m [32mFound 1 installed packages in /root/catkin_ws/install[0m
[3.587s] [34mcolcon.colcon_installed_package_information.package_discovery[0m [1;30mDEBUG[0m [32mFound 371 installed packages in /opt/ros/humble[0m
[3.604s] [34mcolcon.colcon_core.package_discovery[0m [1;30mLevel 1[0m discover_packages(prefix_path) using defaults
[4.167s] [34mcolcon.colcon_core.verb[0m [1;30mLevel 5[0m set package 'armquadrover' build argument 'cmake_args' from command line to 'None'
[4.168s] [34mcolcon.colcon_core.verb[0m [1;30mLevel 5[0m set package 'armquadrover' build argument 'cmake_target' from command line to 'None'
[4.168s] [34mcolcon.colcon_core.verb[0m [1;30mLevel 5[0m set package 'armquadrover' build argument 'cmake_target_skip_unavailable' from command line to 'False'
[4.169s] [34mcolcon.colcon_core.verb[0m [1;30mLevel 5[0m set package 'armquadrover' build argument 'cmake_clean_cache' from command line to 'False'
[4.169s] [34mcolcon.colcon_core.verb[0m [1;30mLevel 5[0m set package 'armquadrover' build argument 'cmake_clean_first' from command line to 'False'
[4.169s] [34mcolcon.colcon_core.verb[0m [1;30mLevel 5[0m set package 'armquadrover' build argument 'cmake_force_configure' from command line to 'False'
[4.169s] [34mcolcon.colcon_core.verb[0m [1;30mLevel 5[0m set package 'armquadrover' build argument 'ament_cmake_args' from command line to 'None'
[4.170s] [34mcolcon.colcon_core.verb[0m [1;30mLevel 5[0m set package 'armquadrover' build argument 'catkin_cmake_args' from command line to 'None'
[4.170s] [34mcolcon.colcon_core.verb[0m [1;30mLevel 5[0m set package 'armquadrover' build argument 'catkin_skip_building_tests' from command line to 'False'
[4.170s] [34mcolcon.colcon_core.verb[0m [1;30mDEBUG[0m [32mBuilding package 'armquadrover' with the following arguments: {'ament_cmake_args': None, 'build_base': '/root/real_ws/build/armquadrover', 'catkin_cmake_args': None, 'catkin_skip_building_tests': False, 'cmake_args': None, 'cmake_clean_cache': False, 'cmake_clean_first': False, 'cmake_force_configure': False, 'cmake_target': None, 'cmake_target_skip_unavailable': False, 'install_base': '/root/real_ws/install/armquadrover', 'merge_install': False, 'path': '/root/real_ws/src/armquadrover_gnb/armquadrover', 'symlink_install': False, 'test_result_base': None}[0m
[4.174s] [34mcolcon.colcon_core.verb[0m [1;30mLevel 5[0m set package 'armquadrover_msgs' build argument 'cmake_args' from command line to 'None'
[4.175s] [34mcolcon.colcon_core.verb[0m [1;30mLevel 5[0m set package 'armquadrover_msgs' build argument 'cmake_target' from command line to 'None'
[4.175s] [34mcolcon.colcon_core.verb[0m [1;30mLevel 5[0m set package 'armquadrover_msgs' build argument 'cmake_target_skip_unavailable' from command line to 'False'
[4.176s] [34mcolcon.colcon_core.verb[0m [1;30mLevel 5[0m set package 'armquadrover_msgs' build argument 'cmake_clean_cache' from command line to 'False'
[4.176s] [34mcolcon.colcon_core.verb[0m [1;30mLevel 5[0m set package 'armquadrover_msgs' build argument 'cmake_clean_first' from command line to 'False'
[4.176s] [34mcolcon.colcon_core.verb[0m [1;30mLevel 5[0m set package 'armquadrover_msgs' build argument 'cmake_force_configure' from command line to 'False'
[4.177s] [34mcolcon.colcon_core.verb[0m [1;30mLevel 5[0m set package 'armquadrover_msgs' build argument 'ament_cmake_args' from command line to 'None'
[4.177s] [34mcolcon.colcon_core.verb[0m [1;30mLevel 5[0m set package 'armquadrover_msgs' build argument 'catkin_cmake_args' from command line to 'None'
[4.177s] [34mcolcon.colcon_core.verb[0m [1;30mLevel 5[0m set package 'armquadrover_msgs' build argument 'catkin_skip_building_tests' from command line to 'False'
[4.178s] [34mcolcon.colcon_core.verb[0m [1;30mDEBUG[0m [32mBuilding package 'armquadrover_msgs' with the following arguments: {'ament_cmake_args': None, 'build_base': '/root/real_ws/build/armquadrover_msgs', 'catkin_cmake_args': None, 'catkin_skip_building_tests': False, 'cmake_args': None, 'cmake_clean_cache': False, 'cmake_clean_first': False, 'cmake_force_configure': False, 'cmake_target': None, 'cmake_target_skip_unavailable': False, 'install_base': '/root/real_ws/install/armquadrover_msgs', 'merge_install': False, 'path': '/root/real_ws/src/armquadrover_gnb/armquadrover_msgs', 'symlink_install': False, 'test_result_base': None}[0m
[4.179s] [34mcolcon.colcon_core.executor[0m [1;30mINFO[0m Executing jobs using 'parallel' executor
[4.202s] [34mcolcon.colcon_parallel_executor.executor.parallel[0m [1;30mDEBUG[0m [32mrun_until_complete[0m
[4.204s] [34mcolcon.colcon_ros.task.ament_cmake.build[0m [1;30mINFO[0m Building ROS package in '/root/real_ws/src/armquadrover_gnb/armquadrover' with build type 'ament_cmake'
[4.205s] [34mcolcon.colcon_cmake.task.cmake.build[0m [1;30mINFO[0m Building CMake package in '/root/real_ws/src/armquadrover_gnb/armquadrover'
[4.226s] [34mcolcon.colcon_core.plugin_system[0m [1;30mINFO[0m Skipping extension 'colcon_core.shell.bat': Not used on non-Windows systems
[4.228s] [34mcolcon.colcon_core.shell[0m [1;30mINFO[0m Skip shell extension 'powershell' for command environment: Not usable outside of PowerShell
[4.229s] [34mcolcon.colcon_core.shell[0m [1;30mDEBUG[0m [32mSkip shell extension 'dsv' for command environment[0m
[4.282s] [34mcolcon.colcon_ros.task.ament_cmake.build[0m [1;30mINFO[0m Building ROS package in '/root/real_ws/src/armquadrover_gnb/armquadrover_msgs' with build type 'ament_cmake'
[4.287s] [34mcolcon.colcon_cmake.task.cmake.build[0m [1;30mINFO[0m Building CMake package in '/root/real_ws/src/armquadrover_gnb/armquadrover_msgs'
[4.292s] [34mcolcon.colcon_core.shell[0m [1;30mINFO[0m Skip shell extension 'powershell' for command environment: Not usable outside of PowerShell
[4.294s] [34mcolcon.colcon_core.shell[0m [1;30mDEBUG[0m [32mSkip shell extension 'dsv' for command environment[0m
[4.391s] [34mcolcon.colcon_core.event_handler.log_command[0m [1;30mDEBUG[0m [32mInvoking command in '/root/real_ws/build/armquadrover': CMAKE_PREFIX_PATH=${CMAKE_PREFIX_PATH}:/root/urdf_ws/install/doublearm6_description:/opt/ros/humble /usr/local/bin/cmake --build /root/real_ws/build/armquadrover -- -j4 -l4[0m
[4.512s] [34mcolcon.colcon_core.event_handler.log_command[0m [1;30mDEBUG[0m [32mInvoking command in '/root/real_ws/build/armquadrover_msgs': CMAKE_PREFIX_PATH=${CMAKE_PREFIX_PATH}:/root/urdf_ws/install/doublearm6_description:/opt/ros/humble /usr/local/bin/cmake --build /root/real_ws/build/armquadrover_msgs -- -j4 -l4[0m
[13.797s] [34mcolcon.colcon_core.event_handler.log_command[0m [1;30mDEBUG[0m [32mInvoked command in '/root/real_ws/build/armquadrover_msgs' returned '0': CMAKE_PREFIX_PATH=${CMAKE_PREFIX_PATH}:/root/urdf_ws/install/doublearm6_description:/opt/ros/humble /usr/local/bin/cmake --build /root/real_ws/build/armquadrover_msgs -- -j4 -l4[0m
[17.193s] [34mcolcon.colcon_core.event_handler.log_command[0m [1;30mDEBUG[0m [32mInvoking command in '/root/real_ws/build/armquadrover_msgs': CMAKE_PREFIX_PATH=${CMAKE_PREFIX_PATH}:/root/urdf_ws/install/doublearm6_description:/opt/ros/humble /usr/local/bin/cmake --install /root/real_ws/build/armquadrover_msgs[0m
[19.355s] [34mcolcon.colcon_core.environment[0m [1;30mLevel 1[0m create_environment_scripts_only(armquadrover_msgs)
[19.380s] [34mcolcon.colcon_core.event_handler.log_command[0m [1;30mDEBUG[0m [32mInvoked command in '/root/real_ws/build/armquadrover_msgs' returned '0': CMAKE_PREFIX_PATH=${CMAKE_PREFIX_PATH}:/root/urdf_ws/install/doublearm6_description:/opt/ros/humble /usr/local/bin/cmake --install /root/real_ws/build/armquadrover_msgs[0m
[19.410s] [34mcolcon.colcon_core.environment[0m [1;30mLevel 1[0m checking '/root/real_ws/install/armquadrover_msgs' for CMake module files
[19.419s] [34mcolcon.colcon_core.environment[0m [1;30mLevel 1[0m checking '/root/real_ws/install/armquadrover_msgs' for CMake config files
[19.432s] [34mcolcon.colcon_core.shell[0m [1;30mLevel 1[0m create_environment_hook('armquadrover_msgs', 'cmake_prefix_path')
[19.434s] [34mcolcon.colcon_core.shell[0m [1;30mINFO[0m Creating environment hook '/root/real_ws/install/armquadrover_msgs/share/armquadrover_msgs/hook/cmake_prefix_path.ps1'
[19.446s] [34mcolcon.colcon_core.shell[0m [1;30mINFO[0m Creating environment descriptor '/root/real_ws/install/armquadrover_msgs/share/armquadrover_msgs/hook/cmake_prefix_path.dsv'
[19.456s] [34mcolcon.colcon_core.shell[0m [1;30mINFO[0m Creating environment hook '/root/real_ws/install/armquadrover_msgs/share/armquadrover_msgs/hook/cmake_prefix_path.sh'
[19.466s] [34mcolcon.colcon_core.environment[0m [1;30mLevel 1[0m checking '/root/real_ws/install/armquadrover_msgs/lib'
[19.468s] [34mcolcon.colcon_core.shell[0m [1;30mLevel 1[0m create_environment_hook('armquadrover_msgs', 'ld_library_path_lib')
[19.474s] [34mcolcon.colcon_core.shell[0m [1;30mINFO[0m Creating environment hook '/root/real_ws/install/armquadrover_msgs/share/armquadrover_msgs/hook/ld_library_path_lib.ps1'
[19.477s] [34mcolcon.colcon_core.shell[0m [1;30mINFO[0m Creating environment descriptor '/root/real_ws/install/armquadrover_msgs/share/armquadrover_msgs/hook/ld_library_path_lib.dsv'
[19.487s] [34mcolcon.colcon_core.shell[0m [1;30mINFO[0m Creating environment hook '/root/real_ws/install/armquadrover_msgs/share/armquadrover_msgs/hook/ld_library_path_lib.sh'
[19.494s] [34mcolcon.colcon_core.environment[0m [1;30mLevel 1[0m checking '/root/real_ws/install/armquadrover_msgs/bin'
[19.497s] [34mcolcon.colcon_core.environment[0m [1;30mLevel 1[0m checking '/root/real_ws/install/armquadrover_msgs/lib/pkgconfig/armquadrover_msgs.pc'
[19.499s] [34mcolcon.colcon_core.environment[0m [1;30mLevel 1[0m checking '/root/real_ws/install/armquadrover_msgs/lib/python3.10/site-packages'
[19.506s] [34mcolcon.colcon_core.environment[0m [1;30mLevel 1[0m checking '/root/real_ws/install/armquadrover_msgs/bin'
[19.509s] [34mcolcon.colcon_core.shell[0m [1;30mINFO[0m Creating package script '/root/real_ws/install/armquadrover_msgs/share/armquadrover_msgs/package.ps1'
[19.516s] [34mcolcon.colcon_core.shell[0m [1;30mINFO[0m Creating package descriptor '/root/real_ws/install/armquadrover_msgs/share/armquadrover_msgs/package.dsv'
[19.526s] [34mcolcon.colcon_core.shell[0m [1;30mINFO[0m Creating package script '/root/real_ws/install/armquadrover_msgs/share/armquadrover_msgs/package.sh'
[19.537s] [34mcolcon.colcon_core.shell[0m [1;30mINFO[0m Creating package script '/root/real_ws/install/armquadrover_msgs/share/armquadrover_msgs/package.bash'
[19.550s] [34mcolcon.colcon_core.shell[0m [1;30mINFO[0m Creating package script '/root/real_ws/install/armquadrover_msgs/share/armquadrover_msgs/package.zsh'
[19.563s] [34mcolcon.colcon_core.environment[0m [1;30mLevel 1[0m create_file_with_runtime_dependencies(/root/real_ws/install/armquadrover_msgs/share/colcon-core/packages/armquadrover_msgs)
[21.396s] [34mcolcon.colcon_core.environment[0m [1;30mLevel 1[0m create_environment_scripts_only(armquadrover_msgs)
[21.400s] [34mcolcon.colcon_core.environment[0m [1;30mLevel 1[0m checking '/root/real_ws/install/armquadrover_msgs' for CMake module files
[21.407s] [34mcolcon.colcon_core.environment[0m [1;30mLevel 1[0m checking '/root/real_ws/install/armquadrover_msgs' for CMake config files
[21.412s] [34mcolcon.colcon_core.shell[0m [1;30mLevel 1[0m create_environment_hook('armquadrover_msgs', 'cmake_prefix_path')
[21.417s] [34mcolcon.colcon_core.shell[0m [1;30mINFO[0m Creating environment hook '/root/real_ws/install/armquadrover_msgs/share/armquadrover_msgs/hook/cmake_prefix_path.ps1'
[21.430s] [34mcolcon.colcon_core.shell[0m [1;30mINFO[0m Creating environment descriptor '/root/real_ws/install/armquadrover_msgs/share/armquadrover_msgs/hook/cmake_prefix_path.dsv'
[21.439s] [34mcolcon.colcon_core.shell[0m [1;30mINFO[0m Creating environment hook '/root/real_ws/install/armquadrover_msgs/share/armquadrover_msgs/hook/cmake_prefix_path.sh'
[21.454s] [34mcolcon.colcon_core.environment[0m [1;30mLevel 1[0m checking '/root/real_ws/install/armquadrover_msgs/lib'
[21.456s] [34mcolcon.colcon_core.shell[0m [1;30mLevel 1[0m create_environment_hook('armquadrover_msgs', 'ld_library_path_lib')
[21.460s] [34mcolcon.colcon_core.shell[0m [1;30mINFO[0m Creating environment hook '/root/real_ws/install/armquadrover_msgs/share/armquadrover_msgs/hook/ld_library_path_lib.ps1'
[21.470s] [34mcolcon.colcon_core.shell[0m [1;30mINFO[0m Creating environment descriptor '/root/real_ws/install/armquadrover_msgs/share/armquadrover_msgs/hook/ld_library_path_lib.dsv'
[21.480s] [34mcolcon.colcon_core.shell[0m [1;30mINFO[0m Creating environment hook '/root/real_ws/install/armquadrover_msgs/share/armquadrover_msgs/hook/ld_library_path_lib.sh'
[21.490s] [34mcolcon.colcon_core.environment[0m [1;30mLevel 1[0m checking '/root/real_ws/install/armquadrover_msgs/bin'
[21.493s] [34mcolcon.colcon_core.environment[0m [1;30mLevel 1[0m checking '/root/real_ws/install/armquadrover_msgs/lib/pkgconfig/armquadrover_msgs.pc'
[21.497s] [34mcolcon.colcon_core.environment[0m [1;30mLevel 1[0m checking '/root/real_ws/install/armquadrover_msgs/lib/python3.10/site-packages'
[21.502s] [34mcolcon.colcon_core.environment[0m [1;30mLevel 1[0m checking '/root/real_ws/install/armquadrover_msgs/bin'
[21.508s] [34mcolcon.colcon_core.shell[0m [1;30mINFO[0m Creating package script '/root/real_ws/install/armquadrover_msgs/share/armquadrover_msgs/package.ps1'
[21.521s] [34mcolcon.colcon_core.shell[0m [1;30mINFO[0m Creating package descriptor '/root/real_ws/install/armquadrover_msgs/share/armquadrover_msgs/package.dsv'
[21.533s] [34mcolcon.colcon_core.shell[0m [1;30mINFO[0m Creating package script '/root/real_ws/install/armquadrover_msgs/share/armquadrover_msgs/package.sh'
[21.549s] [34mcolcon.colcon_core.shell[0m [1;30mINFO[0m Creating package script '/root/real_ws/install/armquadrover_msgs/share/armquadrover_msgs/package.bash'
[21.560s] [34mcolcon.colcon_core.shell[0m [1;30mINFO[0m Creating package script '/root/real_ws/install/armquadrover_msgs/share/armquadrover_msgs/package.zsh'
[21.571s] [34mcolcon.colcon_core.environment[0m [1;30mLevel 1[0m create_file_with_runtime_dependencies(/root/real_ws/install/armquadrover_msgs/share/colcon-core/packages/armquadrover_msgs)
[196.861s] [34mcolcon.colcon_core.event_handler.log_command[0m [1;30mDEBUG[0m [32mInvoked command in '/root/real_ws/build/armquadrover' returned '0': CMAKE_PREFIX_PATH=${CMAKE_PREFIX_PATH}:/root/urdf_ws/install/doublearm6_description:/opt/ros/humble /usr/local/bin/cmake --build /root/real_ws/build/armquadrover -- -j4 -l4[0m
[198.254s] [34mcolcon.colcon_core.event_handler.log_command[0m [1;30mDEBUG[0m [32mInvoking command in '/root/real_ws/build/armquadrover': CMAKE_PREFIX_PATH=${CMAKE_PREFIX_PATH}:/root/urdf_ws/install/doublearm6_description:/opt/ros/humble /usr/local/bin/cmake --install /root/real_ws/build/armquadrover[0m
[199.371s] [34mcolcon.colcon_core.environment[0m [1;30mLevel 1[0m create_environment_scripts_only(armquadrover)
[199.381s] [34mcolcon.colcon_core.environment[0m [1;30mLevel 1[0m checking '/root/real_ws/install/armquadrover' for CMake module files
[199.378s] [34mcolcon.colcon_core.event_handler.log_command[0m [1;30mDEBUG[0m [32mInvoked command in '/root/real_ws/build/armquadrover' returned '0': CMAKE_PREFIX_PATH=${CMAKE_PREFIX_PATH}:/root/urdf_ws/install/doublearm6_description:/opt/ros/humble /usr/local/bin/cmake --install /root/real_ws/build/armquadrover[0m
[199.393s] [34mcolcon.colcon_core.environment[0m [1;30mLevel 1[0m checking '/root/real_ws/install/armquadrover' for CMake config files
[199.399s] [34mcolcon.colcon_core.shell[0m [1;30mLevel 1[0m create_environment_hook('armquadrover', 'cmake_prefix_path')
[199.402s] [34mcolcon.colcon_core.shell[0m [1;30mINFO[0m Creating environment hook '/root/real_ws/install/armquadrover/share/armquadrover/hook/cmake_prefix_path.ps1'
[199.417s] [34mcolcon.colcon_core.shell[0m [1;30mINFO[0m Creating environment descriptor '/root/real_ws/install/armquadrover/share/armquadrover/hook/cmake_prefix_path.dsv'
[199.433s] [34mcolcon.colcon_core.shell[0m [1;30mINFO[0m Creating environment hook '/root/real_ws/install/armquadrover/share/armquadrover/hook/cmake_prefix_path.sh'
[199.439s] [34mcolcon.colcon_core.environment[0m [1;30mLevel 1[0m checking '/root/real_ws/install/armquadrover/lib'
[199.440s] [34mcolcon.colcon_core.environment[0m [1;30mLevel 1[0m checking '/root/real_ws/install/armquadrover/bin'
[199.441s] [34mcolcon.colcon_core.environment[0m [1;30mLevel 1[0m checking '/root/real_ws/install/armquadrover/lib/pkgconfig/armquadrover.pc'
[199.445s] [34mcolcon.colcon_core.environment[0m [1;30mLevel 1[0m checking '/root/real_ws/install/armquadrover/lib/python3.10/site-packages'
[199.447s] [34mcolcon.colcon_core.environment[0m [1;30mLevel 1[0m checking '/root/real_ws/install/armquadrover/bin'
[199.451s] [34mcolcon.colcon_core.shell[0m [1;30mINFO[0m Creating package script '/root/real_ws/install/armquadrover/share/armquadrover/package.ps1'
[199.457s] [34mcolcon.colcon_core.shell[0m [1;30mINFO[0m Creating package descriptor '/root/real_ws/install/armquadrover/share/armquadrover/package.dsv'
[199.463s] [34mcolcon.colcon_core.shell[0m [1;30mINFO[0m Creating package script '/root/real_ws/install/armquadrover/share/armquadrover/package.sh'
[199.469s] [34mcolcon.colcon_core.shell[0m [1;30mINFO[0m Creating package script '/root/real_ws/install/armquadrover/share/armquadrover/package.bash'
[199.475s] [34mcolcon.colcon_core.shell[0m [1;30mINFO[0m Creating package script '/root/real_ws/install/armquadrover/share/armquadrover/package.zsh'
[199.480s] [34mcolcon.colcon_core.environment[0m [1;30mLevel 1[0m create_file_with_runtime_dependencies(/root/real_ws/install/armquadrover/share/colcon-core/packages/armquadrover)
[200.518s] [34mcolcon.colcon_core.environment[0m [1;30mLevel 1[0m create_environment_scripts_only(armquadrover)
[200.521s] [34mcolcon.colcon_core.environment[0m [1;30mLevel 1[0m checking '/root/real_ws/install/armquadrover' for CMake module files
[200.526s] [34mcolcon.colcon_core.environment[0m [1;30mLevel 1[0m checking '/root/real_ws/install/armquadrover' for CMake config files
[200.530s] [34mcolcon.colcon_core.shell[0m [1;30mLevel 1[0m create_environment_hook('armquadrover', 'cmake_prefix_path')
[200.534s] [34mcolcon.colcon_core.shell[0m [1;30mINFO[0m Creating environment hook '/root/real_ws/install/armquadrover/share/armquadrover/hook/cmake_prefix_path.ps1'
[200.542s] [34mcolcon.colcon_core.shell[0m [1;30mINFO[0m Creating environment descriptor '/root/real_ws/install/armquadrover/share/armquadrover/hook/cmake_prefix_path.dsv'
[200.549s] [34mcolcon.colcon_core.shell[0m [1;30mINFO[0m Creating environment hook '/root/real_ws/install/armquadrover/share/armquadrover/hook/cmake_prefix_path.sh'
[200.558s] [34mcolcon.colcon_core.environment[0m [1;30mLevel 1[0m checking '/root/real_ws/install/armquadrover/lib'
[200.560s] [34mcolcon.colcon_core.environment[0m [1;30mLevel 1[0m checking '/root/real_ws/install/armquadrover/bin'
[200.562s] [34mcolcon.colcon_core.environment[0m [1;30mLevel 1[0m checking '/root/real_ws/install/armquadrover/lib/pkgconfig/armquadrover.pc'
[200.565s] [34mcolcon.colcon_core.environment[0m [1;30mLevel 1[0m checking '/root/real_ws/install/armquadrover/lib/python3.10/site-packages'
[200.569s] [34mcolcon.colcon_core.environment[0m [1;30mLevel 1[0m checking '/root/real_ws/install/armquadrover/bin'
[200.573s] [34mcolcon.colcon_core.shell[0m [1;30mINFO[0m Creating package script '/root/real_ws/install/armquadrover/share/armquadrover/package.ps1'
[200.580s] [34mcolcon.colcon_core.shell[0m [1;30mINFO[0m Creating package descriptor '/root/real_ws/install/armquadrover/share/armquadrover/package.dsv'
[200.588s] [34mcolcon.colcon_core.shell[0m [1;30mINFO[0m Creating package script '/root/real_ws/install/armquadrover/share/armquadrover/package.sh'
[200.594s] [34mcolcon.colcon_core.shell[0m [1;30mINFO[0m Creating package script '/root/real_ws/install/armquadrover/share/armquadrover/package.bash'
[200.601s] [34mcolcon.colcon_core.shell[0m [1;30mINFO[0m Creating package script '/root/real_ws/install/armquadrover/share/armquadrover/package.zsh'
[200.607s] [34mcolcon.colcon_core.environment[0m [1;30mLevel 1[0m create_file_with_runtime_dependencies(/root/real_ws/install/armquadrover/share/colcon-core/packages/armquadrover)
[200.618s] [34mcolcon.colcon_parallel_executor.executor.parallel[0m [1;30mDEBUG[0m [32mclosing loop[0m
[200.620s] [34mcolcon.colcon_parallel_executor.executor.parallel[0m [1;30mDEBUG[0m [32mloop closed[0m
[200.622s] [34mcolcon.colcon_parallel_executor.executor.parallel[0m [1;30mDEBUG[0m [32mrun_until_complete finished with '0'[0m
[200.624s] [34mcolcon.colcon_core.event_reactor[0m [1;30mDEBUG[0m [32mjoining thread[0m
[200.731s] [34mcolcon.colcon_core.plugin_system[0m [1;30mINFO[0m Skipping extension 'colcon_notification.desktop_notification.notify_send': Could not find 'notify-send'
[200.734s] [34mcolcon.colcon_core.plugin_system[0m [1;30mINFO[0m Skipping extension 'colcon_notification.desktop_notification.terminal_notifier': Not used on non-Darwin systems
[200.736s] [34mcolcon.colcon_core.plugin_system[0m [1;30mINFO[0m Skipping extension 'colcon_notification.desktop_notification.win32': Not used on non-Windows systems
[200.738s] [34mcolcon.colcon_notification.desktop_notification[0m [1;30mINFO[0m Sending desktop notification using 'notify2'
[225.770s] [34mcolcon.colcon_notification.desktop_notification.notify2[0m [1;30mDEBUG[0m [32mFailed to initialize notify2: org.freedesktop.DBus.Error.NoReply: Did not receive a reply. Possible causes include: the remote application did not send a reply, the message bus security policy blocked the reply, the reply timeout expired, or the network connection was broken.[0m
[225.771s] [34mcolcon.colcon_core.event_reactor[0m [1;30mDEBUG[0m [32mjoined thread[0m
[225.773s] [34mcolcon.colcon_core.shell[0m [1;30mINFO[0m Creating prefix script '/root/real_ws/install/local_setup.ps1'
[225.784s] [34mcolcon.colcon_core.shell[0m [1;30mINFO[0m Creating prefix util module '/root/real_ws/install/_local_setup_util_ps1.py'
[225.809s] [34mcolcon.colcon_core.shell[0m [1;30mINFO[0m Creating prefix chain script '/root/real_ws/install/setup.ps1'
[225.842s] [34mcolcon.colcon_core.shell[0m [1;30mINFO[0m Creating prefix script '/root/real_ws/install/local_setup.sh'
[225.852s] [34mcolcon.colcon_core.shell[0m [1;30mINFO[0m Creating prefix util module '/root/real_ws/install/_local_setup_util_sh.py'
[225.860s] [34mcolcon.colcon_core.shell[0m [1;30mINFO[0m Creating prefix chain script '/root/real_ws/install/setup.sh'
[225.878s] [34mcolcon.colcon_core.shell[0m [1;30mINFO[0m Creating prefix script '/root/real_ws/install/local_setup.bash'
[225.887s] [34mcolcon.colcon_core.shell[0m [1;30mINFO[0m Creating prefix chain script '/root/real_ws/install/setup.bash'
[225.901s] [34mcolcon.colcon_core.shell[0m [1;30mINFO[0m Creating prefix script '/root/real_ws/install/local_setup.zsh'
[225.908s] [34mcolcon.colcon_core.shell[0m [1;30mINFO[0m Creating prefix chain script '/root/real_ws/install/setup.zsh'
