[0.216s] Invoking command in '/root/real_ws/build/armquadrover': CMAKE_PREFIX_PATH=${CMAKE_PREFIX_PATH}:/root/urdf_ws/install/doublearm6_description:/opt/ros/humble /usr/local/bin/cmake --build /root/real_ws/build/armquadrover -- -j4 -l4
[1.817s] [ 25%] Built target node_01
[2.041s] [35m[1mConsolidate compiler generated dependencies of target SerialNode[0m
[2.302s] [ 37%] [32mBuilding CXX object CMakeFiles/SerialNode.dir/src/SerialNode.cpp.o[0m
[109.913s] [ 50%] [32m[1mLinking CXX executable SerialNode[0m
[115.507s] [ 62%] Built target SerialNode
[115.687s] [100%] Built target ArmServer
[115.872s] Invoked command in '/root/real_ws/build/armquadrover' returned '0': CMAKE_PREFIX_PATH=${CMAKE_PREFIX_PATH}:/root/urdf_ws/install/doublearm6_description:/opt/ros/humble /usr/local/bin/cmake --build /root/real_ws/build/armquadrover -- -j4 -l4
[116.673s] Invoking command in '/root/real_ws/build/armquadrover': CMAKE_PREFIX_PATH=${CMAKE_PREFIX_PATH}:/root/urdf_ws/install/doublearm6_description:/opt/ros/humble /usr/local/bin/cmake --install /root/real_ws/build/armquadrover
[117.261s] -- Install configuration: ""
[117.265s] -- Up-to-date: /root/real_ws/install/armquadrover/share/ament_index/resource_index/package_run_dependencies/armquadrover
[117.266s] -- Up-to-date: /root/real_ws/install/armquadrover/share/ament_index/resource_index/parent_prefix_path/armquadrover
[117.267s] -- Up-to-date: /root/real_ws/install/armquadrover/share/armquadrover/environment/ament_prefix_path.sh
[117.268s] -- Up-to-date: /root/real_ws/install/armquadrover/share/armquadrover/environment/ament_prefix_path.dsv
[117.281s] -- Up-to-date: /root/real_ws/install/armquadrover/share/armquadrover/environment/path.sh
[117.282s] -- Up-to-date: /root/real_ws/install/armquadrover/share/armquadrover/environment/path.dsv
[117.283s] -- Up-to-date: /root/real_ws/install/armquadrover/share/armquadrover/local_setup.bash
[117.293s] -- Up-to-date: /root/real_ws/install/armquadrover/share/armquadrover/local_setup.sh
[117.294s] -- Up-to-date: /root/real_ws/install/armquadrover/share/armquadrover/local_setup.zsh
[117.295s] -- Up-to-date: /root/real_ws/install/armquadrover/share/armquadrover/local_setup.dsv
[117.296s] -- Installing: /root/real_ws/install/armquadrover/share/armquadrover/package.dsv
[117.305s] -- Up-to-date: /root/real_ws/install/armquadrover/share/ament_index/resource_index/packages/armquadrover
[117.306s] -- Up-to-date: /root/real_ws/install/armquadrover/share/armquadrover/cmake/armquadroverConfig.cmake
[117.307s] -- Up-to-date: /root/real_ws/install/armquadrover/share/armquadrover/cmake/armquadroverConfig-version.cmake
[117.308s] -- Up-to-date: /root/real_ws/install/armquadrover/share/armquadrover/package.xml
[117.313s] -- Up-to-date: /root/real_ws/install/armquadrover/lib/armquadrover/node_01
[117.314s] -- Up-to-date: /root/real_ws/install/armquadrover/lib/armquadrover/ArmServer
[117.314s] -- Installing: /root/real_ws/install/armquadrover/lib/armquadrover/SerialNode
[117.315s] -- Set non-toolchain portion of runtime path of "/root/real_ws/install/armquadrover/lib/armquadrover/SerialNode" to ""
[117.439s] Invoked command in '/root/real_ws/build/armquadrover' returned '0': CMAKE_PREFIX_PATH=${CMAKE_PREFIX_PATH}:/root/urdf_ws/install/doublearm6_description:/opt/ros/humble /usr/local/bin/cmake --install /root/real_ws/build/armquadrover
