[0.149s] Invoking command in '/root/real_ws/build/armquadrover_msgs': CMAKE_PREFIX_PATH=${CMAKE_PREFIX_PATH}:/root/urdf_ws/install/doublearm6_description:/opt/ros/humble /usr/local/bin/cmake --build /root/real_ws/build/armquadrover_msgs -- -j4 -l4
[1.725s] [  2%] Built target armquadrover_msgs__cpp
[2.101s] [  2%] Built target ament_cmake_python_copy_armquadrover_msgs
[2.338s] [ 12%] Built target armquadrover_msgs__rosidl_typesupport_fastrtps_cpp
[2.603s] [ 23%] Built target armquadrover_msgs__rosidl_typesupport_introspection_cpp
[5.903s] running egg_info
[5.914s] writing armquadrover_msgs.egg-info/PKG-INFO
[5.918s] writing dependency_links to armquadrover_msgs.egg-info/dependency_links.txt
[5.925s] writing top-level names to armquadrover_msgs.egg-info/top_level.txt
[5.957s] reading manifest file 'armquadrover_msgs.egg-info/SOURCES.txt'
[5.971s] writing manifest file 'armquadrover_msgs.egg-info/SOURCES.txt'
[6.344s] [ 23%] Built target ament_cmake_python_build_armquadrover_msgs_egg
[6.595s] [ 33%] Built target armquadrover_msgs__rosidl_typesupport_cpp
[6.757s] [ 43%] Built target armquadrover_msgs__rosidl_generator_c
[6.910s] [ 53%] Built target armquadrover_msgs__rosidl_typesupport_fastrtps_c
[7.137s] [ 64%] Built target armquadrover_msgs__rosidl_typesupport_c
[7.303s] [ 74%] Built target armquadrover_msgs__rosidl_typesupport_introspection_c
[7.451s] [ 74%] Built target armquadrover_msgs
[7.604s] [ 76%] Built target armquadrover_msgs__py
[7.799s] [ 84%] Built target armquadrover_msgs__rosidl_generator_py
[8.034s] [ 89%] Built target armquadrover_msgs__rosidl_typesupport_fastrtps_c__pyext
[8.196s] [ 94%] Built target armquadrover_msgs__rosidl_typesupport_c__pyext
[8.331s] [100%] Built target armquadrover_msgs__rosidl_typesupport_introspection_c__pyext
[8.688s] Invoked command in '/root/real_ws/build/armquadrover_msgs' returned '0': CMAKE_PREFIX_PATH=${CMAKE_PREFIX_PATH}:/root/urdf_ws/install/doublearm6_description:/opt/ros/humble /usr/local/bin/cmake --build /root/real_ws/build/armquadrover_msgs -- -j4 -l4
[11.485s] Invoking command in '/root/real_ws/build/armquadrover_msgs': CMAKE_PREFIX_PATH=${CMAKE_PREFIX_PATH}:/root/urdf_ws/install/doublearm6_description:/opt/ros/humble /usr/local/bin/cmake --install /root/real_ws/build/armquadrover_msgs
[12.484s] -- Install configuration: ""
[12.505s] -- Up-to-date: /root/real_ws/install/armquadrover_msgs/share/ament_index/resource_index/rosidl_interfaces/armquadrover_msgs
[12.506s] -- Up-to-date: /root/real_ws/install/armquadrover_msgs/include/armquadrover_msgs/armquadrover_msgs
[12.506s] -- Up-to-date: /root/real_ws/install/armquadrover_msgs/include/armquadrover_msgs/armquadrover_msgs/msg
[12.507s] -- Up-to-date: /root/real_ws/install/armquadrover_msgs/include/armquadrover_msgs/armquadrover_msgs/msg/ddsm115.h
[12.508s] -- Up-to-date: /root/real_ws/install/armquadrover_msgs/include/armquadrover_msgs/armquadrover_msgs/msg/detail
[12.525s] -- Up-to-date: /root/real_ws/install/armquadrover_msgs/include/armquadrover_msgs/armquadrover_msgs/msg/detail/ddsm115_servo__functions.c
[12.526s] -- Up-to-date: /root/real_ws/install/armquadrover_msgs/include/armquadrover_msgs/armquadrover_msgs/msg/detail/ddsm115_servo__struct.h
[12.527s] -- Up-to-date: /root/real_ws/install/armquadrover_msgs/include/armquadrover_msgs/armquadrover_msgs/msg/detail/ddsm115__functions.c
[12.528s] -- Up-to-date: /root/real_ws/install/armquadrover_msgs/include/armquadrover_msgs/armquadrover_msgs/msg/detail/ddsm115_servo__functions.h
[12.547s] -- Up-to-date: /root/real_ws/install/armquadrover_msgs/include/armquadrover_msgs/armquadrover_msgs/msg/detail/ddsm115_servo__type_support.h
[12.566s] -- Up-to-date: /root/real_ws/install/armquadrover_msgs/include/armquadrover_msgs/armquadrover_msgs/msg/detail/ddsm115__struct.h
[12.573s] -- Up-to-date: /root/real_ws/install/armquadrover_msgs/include/armquadrover_msgs/armquadrover_msgs/msg/detail/ddsm115__functions.h
[12.574s] -- Up-to-date: /root/real_ws/install/armquadrover_msgs/include/armquadrover_msgs/armquadrover_msgs/msg/detail/ddsm115__type_support.h
[12.575s] -- Up-to-date: /root/real_ws/install/armquadrover_msgs/include/armquadrover_msgs/armquadrover_msgs/msg/ddsm115_servo.h
[12.576s] -- Up-to-date: /root/real_ws/install/armquadrover_msgs/include/armquadrover_msgs/armquadrover_msgs/msg/rosidl_generator_c__visibility_control.h
[12.596s] -- Up-to-date: /root/real_ws/install/armquadrover_msgs/share/armquadrover_msgs/environment/library_path.sh
[12.604s] -- Up-to-date: /root/real_ws/install/armquadrover_msgs/share/armquadrover_msgs/environment/library_path.dsv
[12.625s] -- Up-to-date: /root/real_ws/install/armquadrover_msgs/lib/libarmquadrover_msgs__rosidl_generator_c.so
[12.626s] -- Up-to-date: /root/real_ws/install/armquadrover_msgs/include/armquadrover_msgs/armquadrover_msgs
[12.629s] -- Up-to-date: /root/real_ws/install/armquadrover_msgs/include/armquadrover_msgs/armquadrover_msgs/msg
[12.630s] -- Up-to-date: /root/real_ws/install/armquadrover_msgs/include/armquadrover_msgs/armquadrover_msgs/msg/detail
[12.631s] -- Up-to-date: /root/real_ws/install/armquadrover_msgs/include/armquadrover_msgs/armquadrover_msgs/msg/detail/ddsm115_servo__rosidl_typesupport_fastrtps_c.h
[12.632s] -- Up-to-date: /root/real_ws/install/armquadrover_msgs/include/armquadrover_msgs/armquadrover_msgs/msg/detail/ddsm115__rosidl_typesupport_fastrtps_c.h
[12.654s] -- Up-to-date: /root/real_ws/install/armquadrover_msgs/include/armquadrover_msgs/armquadrover_msgs/msg/rosidl_typesupport_fastrtps_c__visibility_control.h
[12.655s] -- Up-to-date: /root/real_ws/install/armquadrover_msgs/lib/libarmquadrover_msgs__rosidl_typesupport_fastrtps_c.so
[12.656s] -- Up-to-date: /root/real_ws/install/armquadrover_msgs/include/armquadrover_msgs/armquadrover_msgs
[12.681s] -- Up-to-date: /root/real_ws/install/armquadrover_msgs/include/armquadrover_msgs/armquadrover_msgs/msg
[12.682s] -- Up-to-date: /root/real_ws/install/armquadrover_msgs/include/armquadrover_msgs/armquadrover_msgs/msg/rosidl_typesupport_introspection_c__visibility_control.h
[12.683s] -- Up-to-date: /root/real_ws/install/armquadrover_msgs/include/armquadrover_msgs/armquadrover_msgs/msg/detail
[12.684s] -- Up-to-date: /root/real_ws/install/armquadrover_msgs/include/armquadrover_msgs/armquadrover_msgs/msg/detail/ddsm115_servo__type_support.c
[12.709s] -- Up-to-date: /root/real_ws/install/armquadrover_msgs/include/armquadrover_msgs/armquadrover_msgs/msg/detail/ddsm115_servo__rosidl_typesupport_introspection_c.h
[12.711s] -- Up-to-date: /root/real_ws/install/armquadrover_msgs/include/armquadrover_msgs/armquadrover_msgs/msg/detail/ddsm115__type_support.c
[12.712s] -- Up-to-date: /root/real_ws/install/armquadrover_msgs/include/armquadrover_msgs/armquadrover_msgs/msg/detail/ddsm115__rosidl_typesupport_introspection_c.h
[12.721s] -- Up-to-date: /root/real_ws/install/armquadrover_msgs/lib/libarmquadrover_msgs__rosidl_typesupport_introspection_c.so
[12.722s] -- Up-to-date: /root/real_ws/install/armquadrover_msgs/lib/libarmquadrover_msgs__rosidl_typesupport_c.so
[12.723s] -- Up-to-date: /root/real_ws/install/armquadrover_msgs/include/armquadrover_msgs/armquadrover_msgs
[12.723s] -- Up-to-date: /root/real_ws/install/armquadrover_msgs/include/armquadrover_msgs/armquadrover_msgs/msg
[12.732s] -- Up-to-date: /root/real_ws/install/armquadrover_msgs/include/armquadrover_msgs/armquadrover_msgs/msg/ddsm115_servo.hpp
[12.737s] -- Up-to-date: /root/real_ws/install/armquadrover_msgs/include/armquadrover_msgs/armquadrover_msgs/msg/detail
[12.738s] -- Up-to-date: /root/real_ws/install/armquadrover_msgs/include/armquadrover_msgs/armquadrover_msgs/msg/detail/ddsm115__traits.hpp
[12.739s] -- Up-to-date: /root/real_ws/install/armquadrover_msgs/include/armquadrover_msgs/armquadrover_msgs/msg/detail/ddsm115_servo__builder.hpp
[12.761s] -- Up-to-date: /root/real_ws/install/armquadrover_msgs/include/armquadrover_msgs/armquadrover_msgs/msg/detail/ddsm115__builder.hpp
[12.761s] -- Up-to-date: /root/real_ws/install/armquadrover_msgs/include/armquadrover_msgs/armquadrover_msgs/msg/detail/ddsm115_servo__traits.hpp
[12.762s] -- Up-to-date: /root/real_ws/install/armquadrover_msgs/include/armquadrover_msgs/armquadrover_msgs/msg/detail/ddsm115__struct.hpp
[12.763s] -- Up-to-date: /root/real_ws/install/armquadrover_msgs/include/armquadrover_msgs/armquadrover_msgs/msg/detail/ddsm115_servo__struct.hpp
[12.764s] -- Up-to-date: /root/real_ws/install/armquadrover_msgs/include/armquadrover_msgs/armquadrover_msgs/msg/ddsm115.hpp
[12.769s] -- Up-to-date: /root/real_ws/install/armquadrover_msgs/include/armquadrover_msgs/armquadrover_msgs
[12.770s] -- Up-to-date: /root/real_ws/install/armquadrover_msgs/include/armquadrover_msgs/armquadrover_msgs/msg
[12.770s] -- Up-to-date: /root/real_ws/install/armquadrover_msgs/include/armquadrover_msgs/armquadrover_msgs/msg/rosidl_typesupport_fastrtps_cpp__visibility_control.h
[12.771s] -- Up-to-date: /root/real_ws/install/armquadrover_msgs/include/armquadrover_msgs/armquadrover_msgs/msg/detail
[12.772s] -- Up-to-date: /root/real_ws/install/armquadrover_msgs/include/armquadrover_msgs/armquadrover_msgs/msg/detail/dds_fastrtps
[12.773s] -- Up-to-date: /root/real_ws/install/armquadrover_msgs/include/armquadrover_msgs/armquadrover_msgs/msg/detail/ddsm115_servo__rosidl_typesupport_fastrtps_cpp.hpp
[12.774s] -- Up-to-date: /root/real_ws/install/armquadrover_msgs/include/armquadrover_msgs/armquadrover_msgs/msg/detail/ddsm115__rosidl_typesupport_fastrtps_cpp.hpp
[12.774s] -- Up-to-date: /root/real_ws/install/armquadrover_msgs/lib/libarmquadrover_msgs__rosidl_typesupport_fastrtps_cpp.so
[12.775s] -- Up-to-date: /root/real_ws/install/armquadrover_msgs/include/armquadrover_msgs/armquadrover_msgs
[12.776s] -- Up-to-date: /root/real_ws/install/armquadrover_msgs/include/armquadrover_msgs/armquadrover_msgs/msg
[12.801s] -- Up-to-date: /root/real_ws/install/armquadrover_msgs/include/armquadrover_msgs/armquadrover_msgs/msg/detail
[12.802s] -- Up-to-date: /root/real_ws/install/armquadrover_msgs/include/armquadrover_msgs/armquadrover_msgs/msg/detail/ddsm115__type_support.cpp
[12.802s] -- Up-to-date: /root/real_ws/install/armquadrover_msgs/include/armquadrover_msgs/armquadrover_msgs/msg/detail/ddsm115_servo__rosidl_typesupport_introspection_cpp.hpp
[12.803s] -- Up-to-date: /root/real_ws/install/armquadrover_msgs/include/armquadrover_msgs/armquadrover_msgs/msg/detail/ddsm115_servo__type_support.cpp
[12.804s] -- Up-to-date: /root/real_ws/install/armquadrover_msgs/include/armquadrover_msgs/armquadrover_msgs/msg/detail/ddsm115__rosidl_typesupport_introspection_cpp.hpp
[12.820s] -- Up-to-date: /root/real_ws/install/armquadrover_msgs/lib/libarmquadrover_msgs__rosidl_typesupport_introspection_cpp.so
[12.826s] -- Up-to-date: /root/real_ws/install/armquadrover_msgs/lib/libarmquadrover_msgs__rosidl_typesupport_cpp.so
[12.826s] -- Up-to-date: /root/real_ws/install/armquadrover_msgs/share/armquadrover_msgs/environment/pythonpath.sh
[12.827s] -- Up-to-date: /root/real_ws/install/armquadrover_msgs/share/armquadrover_msgs/environment/pythonpath.dsv
[12.827s] -- Up-to-date: /root/real_ws/install/armquadrover_msgs/local/lib/python3.10/dist-packages/armquadrover_msgs-0.0.0-py3.10.egg-info
[12.828s] -- Installing: /root/real_ws/install/armquadrover_msgs/local/lib/python3.10/dist-packages/armquadrover_msgs-0.0.0-py3.10.egg-info/SOURCES.txt
[12.837s] -- Installing: /root/real_ws/install/armquadrover_msgs/local/lib/python3.10/dist-packages/armquadrover_msgs-0.0.0-py3.10.egg-info/PKG-INFO
[12.838s] -- Installing: /root/real_ws/install/armquadrover_msgs/local/lib/python3.10/dist-packages/armquadrover_msgs-0.0.0-py3.10.egg-info/dependency_links.txt
[12.839s] -- Installing: /root/real_ws/install/armquadrover_msgs/local/lib/python3.10/dist-packages/armquadrover_msgs-0.0.0-py3.10.egg-info/top_level.txt
[12.840s] -- Up-to-date: /root/real_ws/install/armquadrover_msgs/local/lib/python3.10/dist-packages/armquadrover_msgs
[12.845s] -- Up-to-date: /root/real_ws/install/armquadrover_msgs/local/lib/python3.10/dist-packages/armquadrover_msgs/msg
[12.846s] -- Up-to-date: /root/real_ws/install/armquadrover_msgs/local/lib/python3.10/dist-packages/armquadrover_msgs/msg/_ddsm115_servo_s.c
[12.847s] -- Up-to-date: /root/real_ws/install/armquadrover_msgs/local/lib/python3.10/dist-packages/armquadrover_msgs/msg/_ddsm115_servo.py
[12.847s] -- Up-to-date: /root/real_ws/install/armquadrover_msgs/local/lib/python3.10/dist-packages/armquadrover_msgs/msg/_ddsm115_s.c
[12.848s] -- Up-to-date: /root/real_ws/install/armquadrover_msgs/local/lib/python3.10/dist-packages/armquadrover_msgs/msg/__init__.py
[12.853s] -- Up-to-date: /root/real_ws/install/armquadrover_msgs/local/lib/python3.10/dist-packages/armquadrover_msgs/msg/_ddsm115.py
[12.854s] -- Up-to-date: /root/real_ws/install/armquadrover_msgs/local/lib/python3.10/dist-packages/armquadrover_msgs/_armquadrover_msgs_s.ep.rosidl_typesupport_introspection_c.c
[12.854s] -- Up-to-date: /root/real_ws/install/armquadrover_msgs/local/lib/python3.10/dist-packages/armquadrover_msgs/libarmquadrover_msgs__rosidl_generator_py.so
[12.855s] -- Up-to-date: /root/real_ws/install/armquadrover_msgs/local/lib/python3.10/dist-packages/armquadrover_msgs/_armquadrover_msgs_s.ep.rosidl_typesupport_fastrtps_c.c
[12.861s] -- Up-to-date: /root/real_ws/install/armquadrover_msgs/local/lib/python3.10/dist-packages/armquadrover_msgs/armquadrover_msgs_s__rosidl_typesupport_c.cpython-310-aarch64-linux-gnu.so
[12.862s] -- Up-to-date: /root/real_ws/install/armquadrover_msgs/local/lib/python3.10/dist-packages/armquadrover_msgs/armquadrover_msgs_s__rosidl_typesupport_introspection_c.cpython-310-aarch64-linux-gnu.so
[12.862s] -- Up-to-date: /root/real_ws/install/armquadrover_msgs/local/lib/python3.10/dist-packages/armquadrover_msgs/_armquadrover_msgs_s.ep.rosidl_typesupport_c.c
[12.863s] -- Up-to-date: /root/real_ws/install/armquadrover_msgs/local/lib/python3.10/dist-packages/armquadrover_msgs/__init__.py
[12.864s] -- Up-to-date: /root/real_ws/install/armquadrover_msgs/local/lib/python3.10/dist-packages/armquadrover_msgs/armquadrover_msgs_s__rosidl_typesupport_fastrtps_c.cpython-310-aarch64-linux-gnu.so
[13.277s] Listing '/root/real_ws/install/armquadrover_msgs/local/lib/python3.10/dist-packages/armquadrover_msgs'...
[13.283s] Listing '/root/real_ws/install/armquadrover_msgs/local/lib/python3.10/dist-packages/armquadrover_msgs/msg'...
[13.385s] -- Up-to-date: /root/real_ws/install/armquadrover_msgs/local/lib/python3.10/dist-packages/armquadrover_msgs/armquadrover_msgs_s__rosidl_typesupport_fastrtps_c.cpython-310-aarch64-linux-gnu.so
[13.390s] -- Up-to-date: /root/real_ws/install/armquadrover_msgs/local/lib/python3.10/dist-packages/armquadrover_msgs/armquadrover_msgs_s__rosidl_typesupport_introspection_c.cpython-310-aarch64-linux-gnu.so
[13.393s] -- Up-to-date: /root/real_ws/install/armquadrover_msgs/local/lib/python3.10/dist-packages/armquadrover_msgs/armquadrover_msgs_s__rosidl_typesupport_c.cpython-310-aarch64-linux-gnu.so
[13.395s] -- Up-to-date: /root/real_ws/install/armquadrover_msgs/lib/libarmquadrover_msgs__rosidl_generator_py.so
[13.397s] -- Up-to-date: /root/real_ws/install/armquadrover_msgs/share/armquadrover_msgs/msg/DDSM115.idl
[13.398s] -- Up-to-date: /root/real_ws/install/armquadrover_msgs/share/armquadrover_msgs/msg/DDSM115Servo.idl
[13.400s] -- Up-to-date: /root/real_ws/install/armquadrover_msgs/share/armquadrover_msgs/msg/DDSM115.msg
[13.406s] -- Up-to-date: /root/real_ws/install/armquadrover_msgs/share/armquadrover_msgs/msg/DDSM115Servo.msg
[13.410s] -- Up-to-date: /root/real_ws/install/armquadrover_msgs/share/ament_index/resource_index/package_run_dependencies/armquadrover_msgs
[13.415s] -- Up-to-date: /root/real_ws/install/armquadrover_msgs/share/ament_index/resource_index/parent_prefix_path/armquadrover_msgs
[13.420s] -- Up-to-date: /root/real_ws/install/armquadrover_msgs/share/armquadrover_msgs/environment/ament_prefix_path.sh
[13.425s] -- Up-to-date: /root/real_ws/install/armquadrover_msgs/share/armquadrover_msgs/environment/ament_prefix_path.dsv
[13.436s] -- Up-to-date: /root/real_ws/install/armquadrover_msgs/share/armquadrover_msgs/environment/path.sh
[13.446s] -- Up-to-date: /root/real_ws/install/armquadrover_msgs/share/armquadrover_msgs/environment/path.dsv
[13.452s] -- Up-to-date: /root/real_ws/install/armquadrover_msgs/share/armquadrover_msgs/local_setup.bash
[13.458s] -- Up-to-date: /root/real_ws/install/armquadrover_msgs/share/armquadrover_msgs/local_setup.sh
[13.465s] -- Up-to-date: /root/real_ws/install/armquadrover_msgs/share/armquadrover_msgs/local_setup.zsh
[13.471s] -- Up-to-date: /root/real_ws/install/armquadrover_msgs/share/armquadrover_msgs/local_setup.dsv
[13.476s] -- Installing: /root/real_ws/install/armquadrover_msgs/share/armquadrover_msgs/package.dsv
[13.483s] -- Up-to-date: /root/real_ws/install/armquadrover_msgs/share/ament_index/resource_index/packages/armquadrover_msgs
[13.488s] -- Up-to-date: /root/real_ws/install/armquadrover_msgs/share/armquadrover_msgs/cmake/export_armquadrover_msgs__rosidl_generator_cExport.cmake
[13.496s] -- Up-to-date: /root/real_ws/install/armquadrover_msgs/share/armquadrover_msgs/cmake/export_armquadrover_msgs__rosidl_generator_cExport-noconfig.cmake
[13.507s] -- Up-to-date: /root/real_ws/install/armquadrover_msgs/share/armquadrover_msgs/cmake/export_armquadrover_msgs__rosidl_typesupport_fastrtps_cExport.cmake
[13.523s] -- Up-to-date: /root/real_ws/install/armquadrover_msgs/share/armquadrover_msgs/cmake/export_armquadrover_msgs__rosidl_typesupport_fastrtps_cExport-noconfig.cmake
[13.529s] -- Up-to-date: /root/real_ws/install/armquadrover_msgs/share/armquadrover_msgs/cmake/armquadrover_msgs__rosidl_typesupport_introspection_cExport.cmake
[13.542s] -- Up-to-date: /root/real_ws/install/armquadrover_msgs/share/armquadrover_msgs/cmake/armquadrover_msgs__rosidl_typesupport_introspection_cExport-noconfig.cmake
[13.548s] -- Up-to-date: /root/real_ws/install/armquadrover_msgs/share/armquadrover_msgs/cmake/armquadrover_msgs__rosidl_typesupport_cExport.cmake
[13.553s] -- Up-to-date: /root/real_ws/install/armquadrover_msgs/share/armquadrover_msgs/cmake/armquadrover_msgs__rosidl_typesupport_cExport-noconfig.cmake
[13.556s] -- Up-to-date: /root/real_ws/install/armquadrover_msgs/share/armquadrover_msgs/cmake/export_armquadrover_msgs__rosidl_generator_cppExport.cmake
[13.561s] -- Up-to-date: /root/real_ws/install/armquadrover_msgs/share/armquadrover_msgs/cmake/export_armquadrover_msgs__rosidl_typesupport_fastrtps_cppExport.cmake
[13.566s] -- Up-to-date: /root/real_ws/install/armquadrover_msgs/share/armquadrover_msgs/cmake/export_armquadrover_msgs__rosidl_typesupport_fastrtps_cppExport-noconfig.cmake
[13.570s] -- Up-to-date: /root/real_ws/install/armquadrover_msgs/share/armquadrover_msgs/cmake/armquadrover_msgs__rosidl_typesupport_introspection_cppExport.cmake
[13.576s] -- Up-to-date: /root/real_ws/install/armquadrover_msgs/share/armquadrover_msgs/cmake/armquadrover_msgs__rosidl_typesupport_introspection_cppExport-noconfig.cmake
[13.581s] -- Up-to-date: /root/real_ws/install/armquadrover_msgs/share/armquadrover_msgs/cmake/armquadrover_msgs__rosidl_typesupport_cppExport.cmake
[13.587s] -- Up-to-date: /root/real_ws/install/armquadrover_msgs/share/armquadrover_msgs/cmake/armquadrover_msgs__rosidl_typesupport_cppExport-noconfig.cmake
[13.591s] -- Up-to-date: /root/real_ws/install/armquadrover_msgs/share/armquadrover_msgs/cmake/export_armquadrover_msgs__rosidl_generator_pyExport.cmake
[13.595s] -- Up-to-date: /root/real_ws/install/armquadrover_msgs/share/armquadrover_msgs/cmake/export_armquadrover_msgs__rosidl_generator_pyExport-noconfig.cmake
[13.599s] -- Up-to-date: /root/real_ws/install/armquadrover_msgs/share/armquadrover_msgs/cmake/rosidl_cmake-extras.cmake
[13.606s] -- Up-to-date: /root/real_ws/install/armquadrover_msgs/share/armquadrover_msgs/cmake/ament_cmake_export_include_directories-extras.cmake
[13.610s] -- Up-to-date: /root/real_ws/install/armquadrover_msgs/share/armquadrover_msgs/cmake/ament_cmake_export_libraries-extras.cmake
[13.614s] -- Up-to-date: /root/real_ws/install/armquadrover_msgs/share/armquadrover_msgs/cmake/ament_cmake_export_targets-extras.cmake
[13.619s] -- Up-to-date: /root/real_ws/install/armquadrover_msgs/share/armquadrover_msgs/cmake/rosidl_cmake_export_typesupport_targets-extras.cmake
[13.623s] -- Up-to-date: /root/real_ws/install/armquadrover_msgs/share/armquadrover_msgs/cmake/ament_cmake_export_dependencies-extras.cmake
[13.628s] -- Up-to-date: /root/real_ws/install/armquadrover_msgs/share/armquadrover_msgs/cmake/rosidl_cmake_export_typesupport_libraries-extras.cmake
[13.630s] -- Up-to-date: /root/real_ws/install/armquadrover_msgs/share/armquadrover_msgs/cmake/armquadrover_msgsConfig.cmake
[13.641s] -- Up-to-date: /root/real_ws/install/armquadrover_msgs/share/armquadrover_msgs/cmake/armquadrover_msgsConfig-version.cmake
[13.649s] -- Up-to-date: /root/real_ws/install/armquadrover_msgs/share/armquadrover_msgs/package.xml
[13.857s] Invoked command in '/root/real_ws/build/armquadrover_msgs' returned '0': CMAKE_PREFIX_PATH=${CMAKE_PREFIX_PATH}:/root/urdf_ws/install/doublearm6_description:/opt/ros/humble /usr/local/bin/cmake --install /root/real_ws/build/armquadrover_msgs
