[  2%] [32mBuilding C object CMakeFiles/armquadrover_msgs__rosidl_generator_c.dir/rosidl_generator_c/armquadrover_msgs/msg/detail/ddsm115__functions.c.o[0m
[  5%] Built target armquadrover_msgs__cpp
[  7%] [32mBuilding C object CMakeFiles/armquadrover_msgs__rosidl_generator_c.dir/rosidl_generator_c/armquadrover_msgs/msg/detail/ddsm115_servo__functions.c.o[0m
[  7%] Built target ament_cmake_python_copy_armquadrover_msgs
[ 10%] [32mBuilding CXX object CMakeFiles/armquadrover_msgs__rosidl_typesupport_cpp.dir/rosidl_typesupport_cpp/armquadrover_msgs/msg/ddsm115__type_support.cpp.o[0m
[ 12%] [32mBuilding CXX object CMakeFiles/armquadrover_msgs__rosidl_typesupport_fastrtps_cpp.dir/rosidl_typesupport_fastrtps_cpp/armquadrover_msgs/msg/detail/dds_fastrtps/ddsm115__type_support.cpp.o[0m
[ 17%] [32m[1mLinking C shared library libarmquadrover_msgs__rosidl_generator_c.so[0m
[ 17%] [32mBuilding CXX object CMakeFiles/armquadrover_msgs__rosidl_typesupport_fastrtps_cpp.dir/rosidl_typesupport_fastrtps_cpp/armquadrover_msgs/msg/detail/dds_fastrtps/ddsm115_servo__type_support.cpp.o[0m
[ 20%] Built target armquadrover_msgs__rosidl_generator_c
[ 23%] [32mBuilding CXX object CMakeFiles/armquadrover_msgs__rosidl_typesupport_introspection_cpp.dir/rosidl_typesupport_introspection_cpp/armquadrover_msgs/msg/detail/ddsm115__type_support.cpp.o[0m
[ 25%] [32mBuilding CXX object CMakeFiles/armquadrover_msgs__rosidl_typesupport_cpp.dir/rosidl_typesupport_cpp/armquadrover_msgs/msg/ddsm115_servo__type_support.cpp.o[0m
[ 28%] [32m[1mLinking CXX shared library libarmquadrover_msgs__rosidl_typesupport_fastrtps_cpp.so[0m
[ 30%] Built target armquadrover_msgs__rosidl_typesupport_fastrtps_cpp
[ 33%] [32mBuilding CXX object CMakeFiles/armquadrover_msgs__rosidl_typesupport_introspection_cpp.dir/rosidl_typesupport_introspection_cpp/armquadrover_msgs/msg/detail/ddsm115_servo__type_support.cpp.o[0m
[ 35%] [32m[1mLinking CXX shared library libarmquadrover_msgs__rosidl_typesupport_cpp.so[0m
[ 38%] Built target armquadrover_msgs__rosidl_typesupport_cpp
[ 41%] [32m[1mLinking CXX shared library libarmquadrover_msgs__rosidl_typesupport_introspection_cpp.so[0m
[ 43%] Built target armquadrover_msgs__rosidl_typesupport_introspection_cpp
[ 46%] [32mBuilding C object CMakeFiles/armquadrover_msgs__rosidl_typesupport_introspection_c.dir/rosidl_typesupport_introspection_c/armquadrover_msgs/msg/detail/ddsm115__type_support.c.o[0m
[ 48%] [32mBuilding C object CMakeFiles/armquadrover_msgs__rosidl_typesupport_introspection_c.dir/rosidl_typesupport_introspection_c/armquadrover_msgs/msg/detail/ddsm115_servo__type_support.c.o[0m
[ 51%] [32m[1mLinking C shared library libarmquadrover_msgs__rosidl_typesupport_introspection_c.so[0m
[ 53%] Built target armquadrover_msgs__rosidl_typesupport_introspection_c
[ 56%] [32mBuilding CXX object CMakeFiles/armquadrover_msgs__rosidl_typesupport_c.dir/rosidl_typesupport_c/armquadrover_msgs/msg/ddsm115__type_support.cpp.o[0m
[ 58%] [32mBuilding CXX object CMakeFiles/armquadrover_msgs__rosidl_typesupport_c.dir/rosidl_typesupport_c/armquadrover_msgs/msg/ddsm115_servo__type_support.cpp.o[0m
[ 61%] [32m[1mLinking CXX shared library libarmquadrover_msgs__rosidl_typesupport_c.so[0m
[ 64%] Built target armquadrover_msgs__rosidl_typesupport_c
[ 66%] [32mBuilding CXX object CMakeFiles/armquadrover_msgs__rosidl_typesupport_fastrtps_c.dir/rosidl_typesupport_fastrtps_c/armquadrover_msgs/msg/detail/ddsm115__type_support_c.cpp.o[0m
[ 69%] [32mBuilding CXX object CMakeFiles/armquadrover_msgs__rosidl_typesupport_fastrtps_c.dir/rosidl_typesupport_fastrtps_c/armquadrover_msgs/msg/detail/ddsm115_servo__type_support_c.cpp.o[0m
[ 71%] [32m[1mLinking CXX shared library libarmquadrover_msgs__rosidl_typesupport_fastrtps_c.so[0m
[ 74%] Built target armquadrover_msgs__rosidl_typesupport_fastrtps_c
running egg_info
writing armquadrover_msgs.egg-info/PKG-INFO
writing dependency_links to armquadrover_msgs.egg-info/dependency_links.txt
writing top-level names to armquadrover_msgs.egg-info/top_level.txt
reading manifest file 'armquadrover_msgs.egg-info/SOURCES.txt'
writing manifest file 'armquadrover_msgs.egg-info/SOURCES.txt'
[ 74%] Built target ament_cmake_python_build_armquadrover_msgs_egg
[ 74%] Built target armquadrover_msgs
[ 76%] Built target armquadrover_msgs__py
[ 79%] [32mBuilding C object CMakeFiles/armquadrover_msgs__rosidl_generator_py.dir/rosidl_generator_py/armquadrover_msgs/msg/_ddsm115_s.c.o[0m
[ 82%] [32mBuilding C object CMakeFiles/armquadrover_msgs__rosidl_generator_py.dir/rosidl_generator_py/armquadrover_msgs/msg/_ddsm115_servo_s.c.o[0m
[ 84%] [32m[1mLinking C shared library rosidl_generator_py/armquadrover_msgs/libarmquadrover_msgs__rosidl_generator_py.so[0m
[ 84%] Built target armquadrover_msgs__rosidl_generator_py
[ 87%] [32mBuilding C object CMakeFiles/armquadrover_msgs__rosidl_typesupport_fastrtps_c__pyext.dir/rosidl_generator_py/armquadrover_msgs/_armquadrover_msgs_s.ep.rosidl_typesupport_fastrtps_c.c.o[0m
[ 89%] [32m[1mLinking C shared library rosidl_generator_py/armquadrover_msgs/armquadrover_msgs_s__rosidl_typesupport_fastrtps_c.cpython-310-aarch64-linux-gnu.so[0m
[ 89%] Built target armquadrover_msgs__rosidl_typesupport_fastrtps_c__pyext
[ 92%] [32mBuilding C object CMakeFiles/armquadrover_msgs__rosidl_typesupport_c__pyext.dir/rosidl_generator_py/armquadrover_msgs/_armquadrover_msgs_s.ep.rosidl_typesupport_c.c.o[0m
[ 94%] [32m[1mLinking C shared library rosidl_generator_py/armquadrover_msgs/armquadrover_msgs_s__rosidl_typesupport_c.cpython-310-aarch64-linux-gnu.so[0m
[ 94%] Built target armquadrover_msgs__rosidl_typesupport_c__pyext
[ 97%] [32mBuilding C object CMakeFiles/armquadrover_msgs__rosidl_typesupport_introspection_c__pyext.dir/rosidl_generator_py/armquadrover_msgs/_armquadrover_msgs_s.ep.rosidl_typesupport_introspection_c.c.o[0m
[100%] [32m[1mLinking C shared library rosidl_generator_py/armquadrover_msgs/armquadrover_msgs_s__rosidl_typesupport_introspection_c.cpython-310-aarch64-linux-gnu.so[0m
[100%] Built target armquadrover_msgs__rosidl_typesupport_introspection_c__pyext
-- Install configuration: ""
-- Up-to-date: /root/real_ws/install/armquadrover_msgs/share/ament_index/resource_index/rosidl_interfaces/armquadrover_msgs
-- Up-to-date: /root/real_ws/install/armquadrover_msgs/include/armquadrover_msgs/armquadrover_msgs
-- Up-to-date: /root/real_ws/install/armquadrover_msgs/include/armquadrover_msgs/armquadrover_msgs/msg
-- Up-to-date: /root/real_ws/install/armquadrover_msgs/include/armquadrover_msgs/armquadrover_msgs/msg/ddsm115.h
-- Up-to-date: /root/real_ws/install/armquadrover_msgs/include/armquadrover_msgs/armquadrover_msgs/msg/detail
-- Up-to-date: /root/real_ws/install/armquadrover_msgs/include/armquadrover_msgs/armquadrover_msgs/msg/detail/ddsm115_servo__functions.c
-- Up-to-date: /root/real_ws/install/armquadrover_msgs/include/armquadrover_msgs/armquadrover_msgs/msg/detail/ddsm115_servo__struct.h
-- Up-to-date: /root/real_ws/install/armquadrover_msgs/include/armquadrover_msgs/armquadrover_msgs/msg/detail/ddsm115__functions.c
-- Up-to-date: /root/real_ws/install/armquadrover_msgs/include/armquadrover_msgs/armquadrover_msgs/msg/detail/ddsm115_servo__functions.h
-- Up-to-date: /root/real_ws/install/armquadrover_msgs/include/armquadrover_msgs/armquadrover_msgs/msg/detail/ddsm115_servo__type_support.h
-- Up-to-date: /root/real_ws/install/armquadrover_msgs/include/armquadrover_msgs/armquadrover_msgs/msg/detail/ddsm115__struct.h
-- Up-to-date: /root/real_ws/install/armquadrover_msgs/include/armquadrover_msgs/armquadrover_msgs/msg/detail/ddsm115__functions.h
-- Up-to-date: /root/real_ws/install/armquadrover_msgs/include/armquadrover_msgs/armquadrover_msgs/msg/detail/ddsm115__type_support.h
-- Up-to-date: /root/real_ws/install/armquadrover_msgs/include/armquadrover_msgs/armquadrover_msgs/msg/ddsm115_servo.h
-- Up-to-date: /root/real_ws/install/armquadrover_msgs/include/armquadrover_msgs/armquadrover_msgs/msg/rosidl_generator_c__visibility_control.h
-- Up-to-date: /root/real_ws/install/armquadrover_msgs/share/armquadrover_msgs/environment/library_path.sh
-- Up-to-date: /root/real_ws/install/armquadrover_msgs/share/armquadrover_msgs/environment/library_path.dsv
-- Installing: /root/real_ws/install/armquadrover_msgs/lib/libarmquadrover_msgs__rosidl_generator_c.so
-- Set non-toolchain portion of runtime path of "/root/real_ws/install/armquadrover_msgs/lib/libarmquadrover_msgs__rosidl_generator_c.so" to ""
-- Up-to-date: /root/real_ws/install/armquadrover_msgs/include/armquadrover_msgs/armquadrover_msgs
-- Up-to-date: /root/real_ws/install/armquadrover_msgs/include/armquadrover_msgs/armquadrover_msgs/msg
-- Up-to-date: /root/real_ws/install/armquadrover_msgs/include/armquadrover_msgs/armquadrover_msgs/msg/detail
-- Up-to-date: /root/real_ws/install/armquadrover_msgs/include/armquadrover_msgs/armquadrover_msgs/msg/detail/ddsm115_servo__rosidl_typesupport_fastrtps_c.h
-- Up-to-date: /root/real_ws/install/armquadrover_msgs/include/armquadrover_msgs/armquadrover_msgs/msg/detail/ddsm115__rosidl_typesupport_fastrtps_c.h
-- Up-to-date: /root/real_ws/install/armquadrover_msgs/include/armquadrover_msgs/armquadrover_msgs/msg/rosidl_typesupport_fastrtps_c__visibility_control.h
-- Installing: /root/real_ws/install/armquadrover_msgs/lib/libarmquadrover_msgs__rosidl_typesupport_fastrtps_c.so
-- Set non-toolchain portion of runtime path of "/root/real_ws/install/armquadrover_msgs/lib/libarmquadrover_msgs__rosidl_typesupport_fastrtps_c.so" to ""
-- Up-to-date: /root/real_ws/install/armquadrover_msgs/include/armquadrover_msgs/armquadrover_msgs
-- Up-to-date: /root/real_ws/install/armquadrover_msgs/include/armquadrover_msgs/armquadrover_msgs/msg
-- Up-to-date: /root/real_ws/install/armquadrover_msgs/include/armquadrover_msgs/armquadrover_msgs/msg/rosidl_typesupport_introspection_c__visibility_control.h
-- Up-to-date: /root/real_ws/install/armquadrover_msgs/include/armquadrover_msgs/armquadrover_msgs/msg/detail
-- Up-to-date: /root/real_ws/install/armquadrover_msgs/include/armquadrover_msgs/armquadrover_msgs/msg/detail/ddsm115_servo__type_support.c
-- Up-to-date: /root/real_ws/install/armquadrover_msgs/include/armquadrover_msgs/armquadrover_msgs/msg/detail/ddsm115_servo__rosidl_typesupport_introspection_c.h
-- Up-to-date: /root/real_ws/install/armquadrover_msgs/include/armquadrover_msgs/armquadrover_msgs/msg/detail/ddsm115__type_support.c
-- Up-to-date: /root/real_ws/install/armquadrover_msgs/include/armquadrover_msgs/armquadrover_msgs/msg/detail/ddsm115__rosidl_typesupport_introspection_c.h
-- Installing: /root/real_ws/install/armquadrover_msgs/lib/libarmquadrover_msgs__rosidl_typesupport_introspection_c.so
-- Set non-toolchain portion of runtime path of "/root/real_ws/install/armquadrover_msgs/lib/libarmquadrover_msgs__rosidl_typesupport_introspection_c.so" to ""
-- Installing: /root/real_ws/install/armquadrover_msgs/lib/libarmquadrover_msgs__rosidl_typesupport_c.so
-- Set non-toolchain portion of runtime path of "/root/real_ws/install/armquadrover_msgs/lib/libarmquadrover_msgs__rosidl_typesupport_c.so" to ""
-- Up-to-date: /root/real_ws/install/armquadrover_msgs/include/armquadrover_msgs/armquadrover_msgs
-- Up-to-date: /root/real_ws/install/armquadrover_msgs/include/armquadrover_msgs/armquadrover_msgs/msg
-- Up-to-date: /root/real_ws/install/armquadrover_msgs/include/armquadrover_msgs/armquadrover_msgs/msg/ddsm115_servo.hpp
-- Up-to-date: /root/real_ws/install/armquadrover_msgs/include/armquadrover_msgs/armquadrover_msgs/msg/detail
-- Up-to-date: /root/real_ws/install/armquadrover_msgs/include/armquadrover_msgs/armquadrover_msgs/msg/detail/ddsm115__traits.hpp
-- Up-to-date: /root/real_ws/install/armquadrover_msgs/include/armquadrover_msgs/armquadrover_msgs/msg/detail/ddsm115_servo__builder.hpp
-- Up-to-date: /root/real_ws/install/armquadrover_msgs/include/armquadrover_msgs/armquadrover_msgs/msg/detail/ddsm115__builder.hpp
-- Up-to-date: /root/real_ws/install/armquadrover_msgs/include/armquadrover_msgs/armquadrover_msgs/msg/detail/ddsm115_servo__traits.hpp
-- Up-to-date: /root/real_ws/install/armquadrover_msgs/include/armquadrover_msgs/armquadrover_msgs/msg/detail/ddsm115__struct.hpp
-- Up-to-date: /root/real_ws/install/armquadrover_msgs/include/armquadrover_msgs/armquadrover_msgs/msg/detail/ddsm115_servo__struct.hpp
-- Up-to-date: /root/real_ws/install/armquadrover_msgs/include/armquadrover_msgs/armquadrover_msgs/msg/ddsm115.hpp
-- Up-to-date: /root/real_ws/install/armquadrover_msgs/include/armquadrover_msgs/armquadrover_msgs
-- Up-to-date: /root/real_ws/install/armquadrover_msgs/include/armquadrover_msgs/armquadrover_msgs/msg
-- Up-to-date: /root/real_ws/install/armquadrover_msgs/include/armquadrover_msgs/armquadrover_msgs/msg/rosidl_typesupport_fastrtps_cpp__visibility_control.h
-- Up-to-date: /root/real_ws/install/armquadrover_msgs/include/armquadrover_msgs/armquadrover_msgs/msg/detail
-- Up-to-date: /root/real_ws/install/armquadrover_msgs/include/armquadrover_msgs/armquadrover_msgs/msg/detail/dds_fastrtps
-- Up-to-date: /root/real_ws/install/armquadrover_msgs/include/armquadrover_msgs/armquadrover_msgs/msg/detail/ddsm115_servo__rosidl_typesupport_fastrtps_cpp.hpp
-- Up-to-date: /root/real_ws/install/armquadrover_msgs/include/armquadrover_msgs/armquadrover_msgs/msg/detail/ddsm115__rosidl_typesupport_fastrtps_cpp.hpp
-- Installing: /root/real_ws/install/armquadrover_msgs/lib/libarmquadrover_msgs__rosidl_typesupport_fastrtps_cpp.so
-- Set non-toolchain portion of runtime path of "/root/real_ws/install/armquadrover_msgs/lib/libarmquadrover_msgs__rosidl_typesupport_fastrtps_cpp.so" to ""
-- Up-to-date: /root/real_ws/install/armquadrover_msgs/include/armquadrover_msgs/armquadrover_msgs
-- Up-to-date: /root/real_ws/install/armquadrover_msgs/include/armquadrover_msgs/armquadrover_msgs/msg
-- Up-to-date: /root/real_ws/install/armquadrover_msgs/include/armquadrover_msgs/armquadrover_msgs/msg/detail
-- Up-to-date: /root/real_ws/install/armquadrover_msgs/include/armquadrover_msgs/armquadrover_msgs/msg/detail/ddsm115__type_support.cpp
-- Up-to-date: /root/real_ws/install/armquadrover_msgs/include/armquadrover_msgs/armquadrover_msgs/msg/detail/ddsm115_servo__rosidl_typesupport_introspection_cpp.hpp
-- Up-to-date: /root/real_ws/install/armquadrover_msgs/include/armquadrover_msgs/armquadrover_msgs/msg/detail/ddsm115_servo__type_support.cpp
-- Up-to-date: /root/real_ws/install/armquadrover_msgs/include/armquadrover_msgs/armquadrover_msgs/msg/detail/ddsm115__rosidl_typesupport_introspection_cpp.hpp
-- Installing: /root/real_ws/install/armquadrover_msgs/lib/libarmquadrover_msgs__rosidl_typesupport_introspection_cpp.so
-- Set non-toolchain portion of runtime path of "/root/real_ws/install/armquadrover_msgs/lib/libarmquadrover_msgs__rosidl_typesupport_introspection_cpp.so" to ""
-- Installing: /root/real_ws/install/armquadrover_msgs/lib/libarmquadrover_msgs__rosidl_typesupport_cpp.so
-- Set non-toolchain portion of runtime path of "/root/real_ws/install/armquadrover_msgs/lib/libarmquadrover_msgs__rosidl_typesupport_cpp.so" to ""
-- Up-to-date: /root/real_ws/install/armquadrover_msgs/share/armquadrover_msgs/environment/pythonpath.sh
-- Up-to-date: /root/real_ws/install/armquadrover_msgs/share/armquadrover_msgs/environment/pythonpath.dsv
-- Up-to-date: /root/real_ws/install/armquadrover_msgs/local/lib/python3.10/dist-packages/armquadrover_msgs-0.0.0-py3.10.egg-info
-- Installing: /root/real_ws/install/armquadrover_msgs/local/lib/python3.10/dist-packages/armquadrover_msgs-0.0.0-py3.10.egg-info/SOURCES.txt
-- Installing: /root/real_ws/install/armquadrover_msgs/local/lib/python3.10/dist-packages/armquadrover_msgs-0.0.0-py3.10.egg-info/PKG-INFO
-- Installing: /root/real_ws/install/armquadrover_msgs/local/lib/python3.10/dist-packages/armquadrover_msgs-0.0.0-py3.10.egg-info/dependency_links.txt
-- Installing: /root/real_ws/install/armquadrover_msgs/local/lib/python3.10/dist-packages/armquadrover_msgs-0.0.0-py3.10.egg-info/top_level.txt
-- Up-to-date: /root/real_ws/install/armquadrover_msgs/local/lib/python3.10/dist-packages/armquadrover_msgs
-- Up-to-date: /root/real_ws/install/armquadrover_msgs/local/lib/python3.10/dist-packages/armquadrover_msgs/msg
-- Up-to-date: /root/real_ws/install/armquadrover_msgs/local/lib/python3.10/dist-packages/armquadrover_msgs/msg/_ddsm115_servo_s.c
-- Up-to-date: /root/real_ws/install/armquadrover_msgs/local/lib/python3.10/dist-packages/armquadrover_msgs/msg/_ddsm115_servo.py
-- Up-to-date: /root/real_ws/install/armquadrover_msgs/local/lib/python3.10/dist-packages/armquadrover_msgs/msg/_ddsm115_s.c
-- Up-to-date: /root/real_ws/install/armquadrover_msgs/local/lib/python3.10/dist-packages/armquadrover_msgs/msg/__init__.py
-- Up-to-date: /root/real_ws/install/armquadrover_msgs/local/lib/python3.10/dist-packages/armquadrover_msgs/msg/_ddsm115.py
-- Up-to-date: /root/real_ws/install/armquadrover_msgs/local/lib/python3.10/dist-packages/armquadrover_msgs/_armquadrover_msgs_s.ep.rosidl_typesupport_introspection_c.c
-- Installing: /root/real_ws/install/armquadrover_msgs/local/lib/python3.10/dist-packages/armquadrover_msgs/libarmquadrover_msgs__rosidl_generator_py.so
-- Up-to-date: /root/real_ws/install/armquadrover_msgs/local/lib/python3.10/dist-packages/armquadrover_msgs/_armquadrover_msgs_s.ep.rosidl_typesupport_fastrtps_c.c
-- Installing: /root/real_ws/install/armquadrover_msgs/local/lib/python3.10/dist-packages/armquadrover_msgs/armquadrover_msgs_s__rosidl_typesupport_c.cpython-310-aarch64-linux-gnu.so
-- Installing: /root/real_ws/install/armquadrover_msgs/local/lib/python3.10/dist-packages/armquadrover_msgs/armquadrover_msgs_s__rosidl_typesupport_introspection_c.cpython-310-aarch64-linux-gnu.so
-- Up-to-date: /root/real_ws/install/armquadrover_msgs/local/lib/python3.10/dist-packages/armquadrover_msgs/_armquadrover_msgs_s.ep.rosidl_typesupport_c.c
-- Up-to-date: /root/real_ws/install/armquadrover_msgs/local/lib/python3.10/dist-packages/armquadrover_msgs/__init__.py
-- Installing: /root/real_ws/install/armquadrover_msgs/local/lib/python3.10/dist-packages/armquadrover_msgs/armquadrover_msgs_s__rosidl_typesupport_fastrtps_c.cpython-310-aarch64-linux-gnu.so
Listing '/root/real_ws/install/armquadrover_msgs/local/lib/python3.10/dist-packages/armquadrover_msgs'...
Listing '/root/real_ws/install/armquadrover_msgs/local/lib/python3.10/dist-packages/armquadrover_msgs/msg'...
-- Installing: /root/real_ws/install/armquadrover_msgs/local/lib/python3.10/dist-packages/armquadrover_msgs/armquadrover_msgs_s__rosidl_typesupport_fastrtps_c.cpython-310-aarch64-linux-gnu.so
-- Set non-toolchain portion of runtime path of "/root/real_ws/install/armquadrover_msgs/local/lib/python3.10/dist-packages/armquadrover_msgs/armquadrover_msgs_s__rosidl_typesupport_fastrtps_c.cpython-310-aarch64-linux-gnu.so" to ""
-- Installing: /root/real_ws/install/armquadrover_msgs/local/lib/python3.10/dist-packages/armquadrover_msgs/armquadrover_msgs_s__rosidl_typesupport_introspection_c.cpython-310-aarch64-linux-gnu.so
-- Set non-toolchain portion of runtime path of "/root/real_ws/install/armquadrover_msgs/local/lib/python3.10/dist-packages/armquadrover_msgs/armquadrover_msgs_s__rosidl_typesupport_introspection_c.cpython-310-aarch64-linux-gnu.so" to ""
-- Installing: /root/real_ws/install/armquadrover_msgs/local/lib/python3.10/dist-packages/armquadrover_msgs/armquadrover_msgs_s__rosidl_typesupport_c.cpython-310-aarch64-linux-gnu.so
-- Set non-toolchain portion of runtime path of "/root/real_ws/install/armquadrover_msgs/local/lib/python3.10/dist-packages/armquadrover_msgs/armquadrover_msgs_s__rosidl_typesupport_c.cpython-310-aarch64-linux-gnu.so" to ""
-- Installing: /root/real_ws/install/armquadrover_msgs/lib/libarmquadrover_msgs__rosidl_generator_py.so
-- Set non-toolchain portion of runtime path of "/root/real_ws/install/armquadrover_msgs/lib/libarmquadrover_msgs__rosidl_generator_py.so" to ""
-- Up-to-date: /root/real_ws/install/armquadrover_msgs/share/armquadrover_msgs/msg/DDSM115.idl
-- Up-to-date: /root/real_ws/install/armquadrover_msgs/share/armquadrover_msgs/msg/DDSM115Servo.idl
-- Up-to-date: /root/real_ws/install/armquadrover_msgs/share/armquadrover_msgs/msg/DDSM115.msg
-- Up-to-date: /root/real_ws/install/armquadrover_msgs/share/armquadrover_msgs/msg/DDSM115Servo.msg
-- Up-to-date: /root/real_ws/install/armquadrover_msgs/share/ament_index/resource_index/package_run_dependencies/armquadrover_msgs
-- Up-to-date: /root/real_ws/install/armquadrover_msgs/share/ament_index/resource_index/parent_prefix_path/armquadrover_msgs
-- Up-to-date: /root/real_ws/install/armquadrover_msgs/share/armquadrover_msgs/environment/ament_prefix_path.sh
-- Up-to-date: /root/real_ws/install/armquadrover_msgs/share/armquadrover_msgs/environment/ament_prefix_path.dsv
-- Up-to-date: /root/real_ws/install/armquadrover_msgs/share/armquadrover_msgs/environment/path.sh
-- Up-to-date: /root/real_ws/install/armquadrover_msgs/share/armquadrover_msgs/environment/path.dsv
-- Up-to-date: /root/real_ws/install/armquadrover_msgs/share/armquadrover_msgs/local_setup.bash
-- Up-to-date: /root/real_ws/install/armquadrover_msgs/share/armquadrover_msgs/local_setup.sh
-- Up-to-date: /root/real_ws/install/armquadrover_msgs/share/armquadrover_msgs/local_setup.zsh
-- Up-to-date: /root/real_ws/install/armquadrover_msgs/share/armquadrover_msgs/local_setup.dsv
-- Installing: /root/real_ws/install/armquadrover_msgs/share/armquadrover_msgs/package.dsv
-- Up-to-date: /root/real_ws/install/armquadrover_msgs/share/ament_index/resource_index/packages/armquadrover_msgs
-- Up-to-date: /root/real_ws/install/armquadrover_msgs/share/armquadrover_msgs/cmake/export_armquadrover_msgs__rosidl_generator_cExport.cmake
-- Up-to-date: /root/real_ws/install/armquadrover_msgs/share/armquadrover_msgs/cmake/export_armquadrover_msgs__rosidl_generator_cExport-noconfig.cmake
-- Up-to-date: /root/real_ws/install/armquadrover_msgs/share/armquadrover_msgs/cmake/export_armquadrover_msgs__rosidl_typesupport_fastrtps_cExport.cmake
-- Up-to-date: /root/real_ws/install/armquadrover_msgs/share/armquadrover_msgs/cmake/export_armquadrover_msgs__rosidl_typesupport_fastrtps_cExport-noconfig.cmake
-- Up-to-date: /root/real_ws/install/armquadrover_msgs/share/armquadrover_msgs/cmake/armquadrover_msgs__rosidl_typesupport_introspection_cExport.cmake
-- Up-to-date: /root/real_ws/install/armquadrover_msgs/share/armquadrover_msgs/cmake/armquadrover_msgs__rosidl_typesupport_introspection_cExport-noconfig.cmake
-- Up-to-date: /root/real_ws/install/armquadrover_msgs/share/armquadrover_msgs/cmake/armquadrover_msgs__rosidl_typesupport_cExport.cmake
-- Up-to-date: /root/real_ws/install/armquadrover_msgs/share/armquadrover_msgs/cmake/armquadrover_msgs__rosidl_typesupport_cExport-noconfig.cmake
-- Up-to-date: /root/real_ws/install/armquadrover_msgs/share/armquadrover_msgs/cmake/export_armquadrover_msgs__rosidl_generator_cppExport.cmake
-- Up-to-date: /root/real_ws/install/armquadrover_msgs/share/armquadrover_msgs/cmake/export_armquadrover_msgs__rosidl_typesupport_fastrtps_cppExport.cmake
-- Up-to-date: /root/real_ws/install/armquadrover_msgs/share/armquadrover_msgs/cmake/export_armquadrover_msgs__rosidl_typesupport_fastrtps_cppExport-noconfig.cmake
-- Up-to-date: /root/real_ws/install/armquadrover_msgs/share/armquadrover_msgs/cmake/armquadrover_msgs__rosidl_typesupport_introspection_cppExport.cmake
-- Up-to-date: /root/real_ws/install/armquadrover_msgs/share/armquadrover_msgs/cmake/armquadrover_msgs__rosidl_typesupport_introspection_cppExport-noconfig.cmake
-- Up-to-date: /root/real_ws/install/armquadrover_msgs/share/armquadrover_msgs/cmake/armquadrover_msgs__rosidl_typesupport_cppExport.cmake
-- Up-to-date: /root/real_ws/install/armquadrover_msgs/share/armquadrover_msgs/cmake/armquadrover_msgs__rosidl_typesupport_cppExport-noconfig.cmake
-- Up-to-date: /root/real_ws/install/armquadrover_msgs/share/armquadrover_msgs/cmake/export_armquadrover_msgs__rosidl_generator_pyExport.cmake
-- Up-to-date: /root/real_ws/install/armquadrover_msgs/share/armquadrover_msgs/cmake/export_armquadrover_msgs__rosidl_generator_pyExport-noconfig.cmake
-- Up-to-date: /root/real_ws/install/armquadrover_msgs/share/armquadrover_msgs/cmake/rosidl_cmake-extras.cmake
-- Up-to-date: /root/real_ws/install/armquadrover_msgs/share/armquadrover_msgs/cmake/ament_cmake_export_include_directories-extras.cmake
-- Up-to-date: /root/real_ws/install/armquadrover_msgs/share/armquadrover_msgs/cmake/ament_cmake_export_libraries-extras.cmake
-- Up-to-date: /root/real_ws/install/armquadrover_msgs/share/armquadrover_msgs/cmake/ament_cmake_export_targets-extras.cmake
-- Up-to-date: /root/real_ws/install/armquadrover_msgs/share/armquadrover_msgs/cmake/rosidl_cmake_export_typesupport_targets-extras.cmake
-- Up-to-date: /root/real_ws/install/armquadrover_msgs/share/armquadrover_msgs/cmake/ament_cmake_export_dependencies-extras.cmake
-- Up-to-date: /root/real_ws/install/armquadrover_msgs/share/armquadrover_msgs/cmake/rosidl_cmake_export_typesupport_libraries-extras.cmake
-- Up-to-date: /root/real_ws/install/armquadrover_msgs/share/armquadrover_msgs/cmake/armquadrover_msgsConfig.cmake
-- Up-to-date: /root/real_ws/install/armquadrover_msgs/share/armquadrover_msgs/cmake/armquadrover_msgsConfig-version.cmake
-- Up-to-date: /root/real_ws/install/armquadrover_msgs/share/armquadrover_msgs/package.xml
