[0.181s] Invoking command in '/root/real_ws/build/armquadrover': CMAKE_PREFIX_PATH=${CMAKE_PREFIX_PATH}:/root/urdf_ws/install/doublearm6_description:/opt/ros/humble /usr/local/bin/cmake --build /root/real_ws/build/armquadrover -- -j4 -l4
[1.785s] [ 25%] Built target node_01
[1.918s] [35m[1mConsolidate compiler generated dependencies of target SerialNode[0m
[2.112s] [ 37%] [32mBuilding CXX object CMakeFiles/SerialNode.dir/src/SerialNode.cpp.o[0m
[122.711s] [ 50%] [32m[1mLinking CXX executable SerialNode[0m
[130.060s] [ 62%] Built target SerialNode
[130.525s] [ 75%] [32mBuilding CXX object CMakeFiles/ArmServer.dir/src/Action.cpp.o[0m
[165.164s] [01m[K/root/real_ws/src/armquadrover_gnb/armquadrover/src/Action.cpp:[m[K In member function ‘[01m[Krclcpp_action::CancelResponse MyActionRobot::handle_cancel(std::shared_ptr<rclcpp_action::ServerGoalHandle<control_msgs::action::FollowJointTrajectory> >)[m[K’:
[165.170s] [01m[K/root/real_ws/src/armquadrover_gnb/armquadrover/src/Action.cpp:36:101:[m[K [01;35m[Kwarning: [m[Kunused parameter ‘[01m[Kgoal_handle[m[K’ [[01;35m[K]8;;https://gcc.gnu.org/onlinedocs/gcc/Warning-Options.html#index-Wunused-parameter-Wunused-parameter]8;;[m[K]
[165.175s]    36 |     rclcpp_action::CancelResponse MyActionRobot::handle_cancel([01;35m[Kconst std::shared_ptr<GoalHandleFJT> goal_handle[m[K)
[165.179s]       |                                                                [01;35m[K~~~~~~~~~~~~~~~~~~~~~~~~~~~~~~~~~~~~~^~~~~~~~~~~[m[K
[165.204s] [01m[K/root/real_ws/src/armquadrover_gnb/armquadrover/src/Action.cpp:[m[K In member function ‘[01m[Kvoid MyActionRobot::execute_move(std::shared_ptr<rclcpp_action::ServerGoalHandle<control_msgs::action::FollowJointTrajectory> >)[m[K’:
[165.204s] [01m[K/root/real_ws/src/armquadrover_gnb/armquadrover/src/Action.cpp:55:35:[m[K [01;35m[Kwarning: [m[Kcomparison of integer expressions of different signedness: ‘[01m[Kint[m[K’ and ‘[01m[Klong unsigned int[m[K’ [[01;35m[K]8;;https://gcc.gnu.org/onlinedocs/gcc/Warning-Options.html#index-Wsign-compare-Wsign-compare]8;;[m[K]
[165.205s]    55 |     while (rclcpp::ok() && [01;35m[KtrjIdx < trjPointsSize[m[K) {
[165.206s]       |                            [01;35m[K~~~~~~~^~~~~~~~~~~~~~~[m[K
[189.246s] [ 87%] [32m[1mLinking CXX executable ArmServer[0m
[192.308s] [100%] Built target ArmServer
[192.650s] Invoked command in '/root/real_ws/build/armquadrover' returned '0': CMAKE_PREFIX_PATH=${CMAKE_PREFIX_PATH}:/root/urdf_ws/install/doublearm6_description:/opt/ros/humble /usr/local/bin/cmake --build /root/real_ws/build/armquadrover -- -j4 -l4
[194.043s] Invoking command in '/root/real_ws/build/armquadrover': CMAKE_PREFIX_PATH=${CMAKE_PREFIX_PATH}:/root/urdf_ws/install/doublearm6_description:/opt/ros/humble /usr/local/bin/cmake --install /root/real_ws/build/armquadrover
[194.779s] -- Install configuration: ""
[194.790s] -- Up-to-date: /root/real_ws/install/armquadrover/share/ament_index/resource_index/package_run_dependencies/armquadrover
[194.799s] -- Up-to-date: /root/real_ws/install/armquadrover/share/ament_index/resource_index/parent_prefix_path/armquadrover
[194.813s] -- Up-to-date: /root/real_ws/install/armquadrover/share/armquadrover/environment/ament_prefix_path.sh
[194.819s] -- Up-to-date: /root/real_ws/install/armquadrover/share/armquadrover/environment/ament_prefix_path.dsv
[194.827s] -- Up-to-date: /root/real_ws/install/armquadrover/share/armquadrover/environment/path.sh
[194.829s] -- Up-to-date: /root/real_ws/install/armquadrover/share/armquadrover/environment/path.dsv
[194.832s] -- Up-to-date: /root/real_ws/install/armquadrover/share/armquadrover/local_setup.bash
[194.838s] -- Up-to-date: /root/real_ws/install/armquadrover/share/armquadrover/local_setup.sh
[194.839s] -- Up-to-date: /root/real_ws/install/armquadrover/share/armquadrover/local_setup.zsh
[194.844s] -- Up-to-date: /root/real_ws/install/armquadrover/share/armquadrover/local_setup.dsv
[194.848s] -- Installing: /root/real_ws/install/armquadrover/share/armquadrover/package.dsv
[194.853s] -- Up-to-date: /root/real_ws/install/armquadrover/share/ament_index/resource_index/packages/armquadrover
[194.856s] -- Up-to-date: /root/real_ws/install/armquadrover/share/armquadrover/cmake/armquadroverConfig.cmake
[194.859s] -- Up-to-date: /root/real_ws/install/armquadrover/share/armquadrover/cmake/armquadroverConfig-version.cmake
[194.862s] -- Up-to-date: /root/real_ws/install/armquadrover/share/armquadrover/package.xml
[194.865s] -- Up-to-date: /root/real_ws/install/armquadrover/lib/armquadrover/node_01
[194.868s] -- Installing: /root/real_ws/install/armquadrover/lib/armquadrover/ArmServer
[194.878s] -- Set non-toolchain portion of runtime path of "/root/real_ws/install/armquadrover/lib/armquadrover/ArmServer" to ""
[194.882s] -- Installing: /root/real_ws/install/armquadrover/lib/armquadrover/SerialNode
[194.957s] -- Set non-toolchain portion of runtime path of "/root/real_ws/install/armquadrover/lib/armquadrover/SerialNode" to ""
[195.168s] Invoked command in '/root/real_ws/build/armquadrover' returned '0': CMAKE_PREFIX_PATH=${CMAKE_PREFIX_PATH}:/root/urdf_ws/install/doublearm6_description:/opt/ros/humble /usr/local/bin/cmake --install /root/real_ws/build/armquadrover
