[ 25%] Built target node_01
[35m[1mConsolidate compiler generated dependencies of target SerialNode[0m
[ 37%] [32mBuilding CXX object CMakeFiles/SerialNode.dir/src/SerialNode.cpp.o[0m
[ 50%] [32m[1mLinking CXX executable SerialNode[0m
[ 62%] Built target SerialNode
[35m[1mConsolidate compiler generated dependencies of target ArmServer[0m
[100%] Built target ArmServer
-- Install configuration: ""
-- Up-to-date: /root/real_ws/install/armquadrover/share/ament_index/resource_index/package_run_dependencies/armquadrover
-- Up-to-date: /root/real_ws/install/armquadrover/share/ament_index/resource_index/parent_prefix_path/armquadrover
-- Up-to-date: /root/real_ws/install/armquadrover/share/armquadrover/environment/ament_prefix_path.sh
-- Up-to-date: /root/real_ws/install/armquadrover/share/armquadrover/environment/ament_prefix_path.dsv
-- Up-to-date: /root/real_ws/install/armquadrover/share/armquadrover/environment/path.sh
-- Up-to-date: /root/real_ws/install/armquadrover/share/armquadrover/environment/path.dsv
-- Up-to-date: /root/real_ws/install/armquadrover/share/armquadrover/local_setup.bash
-- Up-to-date: /root/real_ws/install/armquadrover/share/armquadrover/local_setup.sh
-- Up-to-date: /root/real_ws/install/armquadrover/share/armquadrover/local_setup.zsh
-- Up-to-date: /root/real_ws/install/armquadrover/share/armquadrover/local_setup.dsv
-- Installing: /root/real_ws/install/armquadrover/share/armquadrover/package.dsv
-- Up-to-date: /root/real_ws/install/armquadrover/share/ament_index/resource_index/packages/armquadrover
-- Up-to-date: /root/real_ws/install/armquadrover/share/armquadrover/cmake/armquadroverConfig.cmake
-- Up-to-date: /root/real_ws/install/armquadrover/share/armquadrover/cmake/armquadroverConfig-version.cmake
-- Up-to-date: /root/real_ws/install/armquadrover/share/armquadrover/package.xml
-- Up-to-date: /root/real_ws/install/armquadrover/lib/armquadrover/node_01
-- Up-to-date: /root/real_ws/install/armquadrover/lib/armquadrover/ArmServer
-- Installing: /root/real_ws/install/armquadrover/lib/armquadrover/SerialNode
-- Set non-toolchain portion of runtime path of "/root/real_ws/install/armquadrover/lib/armquadrover/SerialNode" to ""
