[0.183s] Invoking command in '/root/real_ws/build/armquadrover': CMAKE_PREFIX_PATH=${CMAKE_PREFIX_PATH}:/root/urdf_ws/install/doublearm6_description:/opt/ros/humble /usr/local/bin/cmake --build /root/real_ws/build/armquadrover -- -j4 -l4
[1.909s] [ 25%] Built target node_01
[2.070s] [35m[1mConsolidate compiler generated dependencies of target SerialNode[0m
[2.298s] [ 37%] [32mBuilding CXX object CMakeFiles/SerialNode.dir/src/SerialNode.cpp.o[0m
[120.499s] [ 50%] [32m[1mLinking CXX executable SerialNode[0m
[127.642s] [ 62%] Built target SerialNode
[127.836s] [35m[1mConsolidate compiler generated dependencies of target ArmServer[0m
[128.376s] [100%] Built target ArmServer
[128.750s] Invoked command in '/root/real_ws/build/armquadrover' returned '0': CMAKE_PREFIX_PATH=${CMAKE_PREFIX_PATH}:/root/urdf_ws/install/doublearm6_description:/opt/ros/humble /usr/local/bin/cmake --build /root/real_ws/build/armquadrover -- -j4 -l4
[130.118s] Invoking command in '/root/real_ws/build/armquadrover': CMAKE_PREFIX_PATH=${CMAKE_PREFIX_PATH}:/root/urdf_ws/install/doublearm6_description:/opt/ros/humble /usr/local/bin/cmake --install /root/real_ws/build/armquadrover
[130.748s] -- Install configuration: ""
[130.757s] -- Up-to-date: /root/real_ws/install/armquadrover/share/ament_index/resource_index/package_run_dependencies/armquadrover
[130.762s] -- Up-to-date: /root/real_ws/install/armquadrover/share/ament_index/resource_index/parent_prefix_path/armquadrover
[130.771s] -- Up-to-date: /root/real_ws/install/armquadrover/share/armquadrover/environment/ament_prefix_path.sh
[130.778s] -- Up-to-date: /root/real_ws/install/armquadrover/share/armquadrover/environment/ament_prefix_path.dsv
[130.779s] -- Up-to-date: /root/real_ws/install/armquadrover/share/armquadrover/environment/path.sh
[130.783s] -- Up-to-date: /root/real_ws/install/armquadrover/share/armquadrover/environment/path.dsv
[130.788s] -- Up-to-date: /root/real_ws/install/armquadrover/share/armquadrover/local_setup.bash
[130.790s] -- Up-to-date: /root/real_ws/install/armquadrover/share/armquadrover/local_setup.sh
[130.791s] -- Up-to-date: /root/real_ws/install/armquadrover/share/armquadrover/local_setup.zsh
[130.799s] -- Up-to-date: /root/real_ws/install/armquadrover/share/armquadrover/local_setup.dsv
[130.802s] -- Installing: /root/real_ws/install/armquadrover/share/armquadrover/package.dsv
[130.807s] -- Up-to-date: /root/real_ws/install/armquadrover/share/ament_index/resource_index/packages/armquadrover
[130.809s] -- Up-to-date: /root/real_ws/install/armquadrover/share/armquadrover/cmake/armquadroverConfig.cmake
[130.812s] -- Up-to-date: /root/real_ws/install/armquadrover/share/armquadrover/cmake/armquadroverConfig-version.cmake
[130.818s] -- Up-to-date: /root/real_ws/install/armquadrover/share/armquadrover/package.xml
[130.819s] -- Up-to-date: /root/real_ws/install/armquadrover/lib/armquadrover/node_01
[130.820s] -- Up-to-date: /root/real_ws/install/armquadrover/lib/armquadrover/ArmServer
[130.820s] -- Installing: /root/real_ws/install/armquadrover/lib/armquadrover/SerialNode
[130.901s] -- Set non-toolchain portion of runtime path of "/root/real_ws/install/armquadrover/lib/armquadrover/SerialNode" to ""
[131.112s] Invoked command in '/root/real_ws/build/armquadrover' returned '0': CMAKE_PREFIX_PATH=${CMAKE_PREFIX_PATH}:/root/urdf_ws/install/doublearm6_description:/opt/ros/humble /usr/local/bin/cmake --install /root/real_ws/build/armquadrover
