[0.187s] Invoking command in '/root/real_ws/build/armquadrover_msgs': CMAKE_PREFIX_PATH=${CMAKE_PREFIX_PATH}:/root/urdf_ws/install/doublearm6_description:/opt/ros/humble /usr/local/bin/cmake --build /root/real_ws/build/armquadrover_msgs -- -j4 -l4
[1.652s] [  2%] Built target armquadrover_msgs__cpp
[1.899s] [  2%] Built target ament_cmake_python_copy_armquadrover_msgs
[2.121s] [ 12%] Built target armquadrover_msgs__rosidl_typesupport_fastrtps_cpp
[2.395s] [ 23%] Built target armquadrover_msgs__rosidl_typesupport_introspection_cpp
[6.070s] running egg_info
[6.073s] writing armquadrover_msgs.egg-info/PKG-INFO
[6.076s] writing dependency_links to armquadrover_msgs.egg-info/dependency_links.txt
[6.082s] writing top-level names to armquadrover_msgs.egg-info/top_level.txt
[6.118s] reading manifest file 'armquadrover_msgs.egg-info/SOURCES.txt'
[6.129s] writing manifest file 'armquadrover_msgs.egg-info/SOURCES.txt'
[6.429s] [ 23%] Built target ament_cmake_python_build_armquadrover_msgs_egg
[6.664s] [ 33%] Built target armquadrover_msgs__rosidl_typesupport_cpp
[6.844s] [ 43%] Built target armquadrover_msgs__rosidl_generator_c
[7.069s] [ 53%] Built target armquadrover_msgs__rosidl_typesupport_fastrtps_c
[7.281s] [ 64%] Built target armquadrover_msgs__rosidl_typesupport_c
[7.509s] [ 74%] Built target armquadrover_msgs__rosidl_typesupport_introspection_c
[7.645s] [ 74%] Built target armquadrover_msgs
[7.763s] [ 76%] Built target armquadrover_msgs__py
[8.051s] [ 84%] Built target armquadrover_msgs__rosidl_generator_py
[8.194s] [ 89%] Built target armquadrover_msgs__rosidl_typesupport_fastrtps_c__pyext
[8.322s] [ 94%] Built target armquadrover_msgs__rosidl_typesupport_c__pyext
[8.535s] [100%] Built target armquadrover_msgs__rosidl_typesupport_introspection_c__pyext
[8.874s] Invoked command in '/root/real_ws/build/armquadrover_msgs' returned '0': CMAKE_PREFIX_PATH=${CMAKE_PREFIX_PATH}:/root/urdf_ws/install/doublearm6_description:/opt/ros/humble /usr/local/bin/cmake --build /root/real_ws/build/armquadrover_msgs -- -j4 -l4
[12.267s] Invoking command in '/root/real_ws/build/armquadrover_msgs': CMAKE_PREFIX_PATH=${CMAKE_PREFIX_PATH}:/root/urdf_ws/install/doublearm6_description:/opt/ros/humble /usr/local/bin/cmake --install /root/real_ws/build/armquadrover_msgs
[13.286s] -- Install configuration: ""
[13.316s] -- Up-to-date: /root/real_ws/install/armquadrover_msgs/share/ament_index/resource_index/rosidl_interfaces/armquadrover_msgs
[13.320s] -- Up-to-date: /root/real_ws/install/armquadrover_msgs/include/armquadrover_msgs/armquadrover_msgs
[13.321s] -- Up-to-date: /root/real_ws/install/armquadrover_msgs/include/armquadrover_msgs/armquadrover_msgs/msg
[13.321s] -- Up-to-date: /root/real_ws/install/armquadrover_msgs/include/armquadrover_msgs/armquadrover_msgs/msg/ddsm115.h
[13.341s] -- Up-to-date: /root/real_ws/install/armquadrover_msgs/include/armquadrover_msgs/armquadrover_msgs/msg/detail
[13.358s] -- Up-to-date: /root/real_ws/install/armquadrover_msgs/include/armquadrover_msgs/armquadrover_msgs/msg/detail/ddsm115_servo__functions.c
[13.371s] -- Up-to-date: /root/real_ws/install/armquadrover_msgs/include/armquadrover_msgs/armquadrover_msgs/msg/detail/ddsm115_servo__struct.h
[13.378s] -- Up-to-date: /root/real_ws/install/armquadrover_msgs/include/armquadrover_msgs/armquadrover_msgs/msg/detail/ddsm115__functions.c
[13.379s] -- Up-to-date: /root/real_ws/install/armquadrover_msgs/include/armquadrover_msgs/armquadrover_msgs/msg/detail/ddsm115_servo__functions.h
[13.380s] -- Up-to-date: /root/real_ws/install/armquadrover_msgs/include/armquadrover_msgs/armquadrover_msgs/msg/detail/ddsm115_servo__type_support.h
[13.381s] -- Up-to-date: /root/real_ws/install/armquadrover_msgs/include/armquadrover_msgs/armquadrover_msgs/msg/detail/ddsm115__struct.h
[13.387s] -- Up-to-date: /root/real_ws/install/armquadrover_msgs/include/armquadrover_msgs/armquadrover_msgs/msg/detail/ddsm115__functions.h
[13.388s] -- Up-to-date: /root/real_ws/install/armquadrover_msgs/include/armquadrover_msgs/armquadrover_msgs/msg/detail/ddsm115__type_support.h
[13.389s] -- Up-to-date: /root/real_ws/install/armquadrover_msgs/include/armquadrover_msgs/armquadrover_msgs/msg/ddsm115_servo.h
[13.414s] -- Up-to-date: /root/real_ws/install/armquadrover_msgs/include/armquadrover_msgs/armquadrover_msgs/msg/rosidl_generator_c__visibility_control.h
[13.416s] -- Up-to-date: /root/real_ws/install/armquadrover_msgs/share/armquadrover_msgs/environment/library_path.sh
[13.417s] -- Up-to-date: /root/real_ws/install/armquadrover_msgs/share/armquadrover_msgs/environment/library_path.dsv
[13.417s] -- Up-to-date: /root/real_ws/install/armquadrover_msgs/lib/libarmquadrover_msgs__rosidl_generator_c.so
[13.418s] -- Up-to-date: /root/real_ws/install/armquadrover_msgs/include/armquadrover_msgs/armquadrover_msgs
[13.419s] -- Up-to-date: /root/real_ws/install/armquadrover_msgs/include/armquadrover_msgs/armquadrover_msgs/msg
[13.425s] -- Up-to-date: /root/real_ws/install/armquadrover_msgs/include/armquadrover_msgs/armquadrover_msgs/msg/detail
[13.430s] -- Up-to-date: /root/real_ws/install/armquadrover_msgs/include/armquadrover_msgs/armquadrover_msgs/msg/detail/ddsm115_servo__rosidl_typesupport_fastrtps_c.h
[13.431s] -- Up-to-date: /root/real_ws/install/armquadrover_msgs/include/armquadrover_msgs/armquadrover_msgs/msg/detail/ddsm115__rosidl_typesupport_fastrtps_c.h
[13.432s] -- Up-to-date: /root/real_ws/install/armquadrover_msgs/include/armquadrover_msgs/armquadrover_msgs/msg/rosidl_typesupport_fastrtps_c__visibility_control.h
[13.433s] -- Up-to-date: /root/real_ws/install/armquadrover_msgs/lib/libarmquadrover_msgs__rosidl_typesupport_fastrtps_c.so
[13.433s] -- Up-to-date: /root/real_ws/install/armquadrover_msgs/include/armquadrover_msgs/armquadrover_msgs
[13.446s] -- Up-to-date: /root/real_ws/install/armquadrover_msgs/include/armquadrover_msgs/armquadrover_msgs/msg
[13.447s] -- Up-to-date: /root/real_ws/install/armquadrover_msgs/include/armquadrover_msgs/armquadrover_msgs/msg/rosidl_typesupport_introspection_c__visibility_control.h
[13.448s] -- Up-to-date: /root/real_ws/install/armquadrover_msgs/include/armquadrover_msgs/armquadrover_msgs/msg/detail
[13.448s] -- Up-to-date: /root/real_ws/install/armquadrover_msgs/include/armquadrover_msgs/armquadrover_msgs/msg/detail/ddsm115_servo__type_support.c
[13.449s] -- Up-to-date: /root/real_ws/install/armquadrover_msgs/include/armquadrover_msgs/armquadrover_msgs/msg/detail/ddsm115_servo__rosidl_typesupport_introspection_c.h
[13.449s] -- Up-to-date: /root/real_ws/install/armquadrover_msgs/include/armquadrover_msgs/armquadrover_msgs/msg/detail/ddsm115__type_support.c
[13.462s] -- Up-to-date: /root/real_ws/install/armquadrover_msgs/include/armquadrover_msgs/armquadrover_msgs/msg/detail/ddsm115__rosidl_typesupport_introspection_c.h
[13.463s] -- Up-to-date: /root/real_ws/install/armquadrover_msgs/lib/libarmquadrover_msgs__rosidl_typesupport_introspection_c.so
[13.464s] -- Up-to-date: /root/real_ws/install/armquadrover_msgs/lib/libarmquadrover_msgs__rosidl_typesupport_c.so
[13.465s] -- Up-to-date: /root/real_ws/install/armquadrover_msgs/include/armquadrover_msgs/armquadrover_msgs
[13.473s] -- Up-to-date: /root/real_ws/install/armquadrover_msgs/include/armquadrover_msgs/armquadrover_msgs/msg
[13.480s] -- Up-to-date: /root/real_ws/install/armquadrover_msgs/include/armquadrover_msgs/armquadrover_msgs/msg/ddsm115_servo.hpp
[13.480s] -- Up-to-date: /root/real_ws/install/armquadrover_msgs/include/armquadrover_msgs/armquadrover_msgs/msg/detail
[13.481s] -- Up-to-date: /root/real_ws/install/armquadrover_msgs/include/armquadrover_msgs/armquadrover_msgs/msg/detail/ddsm115__traits.hpp
[13.482s] -- Up-to-date: /root/real_ws/install/armquadrover_msgs/include/armquadrover_msgs/armquadrover_msgs/msg/detail/ddsm115_servo__builder.hpp
[13.495s] -- Up-to-date: /root/real_ws/install/armquadrover_msgs/include/armquadrover_msgs/armquadrover_msgs/msg/detail/ddsm115__builder.hpp
[13.496s] -- Up-to-date: /root/real_ws/install/armquadrover_msgs/include/armquadrover_msgs/armquadrover_msgs/msg/detail/ddsm115_servo__traits.hpp
[13.497s] -- Up-to-date: /root/real_ws/install/armquadrover_msgs/include/armquadrover_msgs/armquadrover_msgs/msg/detail/ddsm115__struct.hpp
[13.497s] -- Up-to-date: /root/real_ws/install/armquadrover_msgs/include/armquadrover_msgs/armquadrover_msgs/msg/detail/ddsm115_servo__struct.hpp
[13.501s] -- Up-to-date: /root/real_ws/install/armquadrover_msgs/include/armquadrover_msgs/armquadrover_msgs/msg/ddsm115.hpp
[13.510s] -- Up-to-date: /root/real_ws/install/armquadrover_msgs/include/armquadrover_msgs/armquadrover_msgs
[13.511s] -- Up-to-date: /root/real_ws/install/armquadrover_msgs/include/armquadrover_msgs/armquadrover_msgs/msg
[13.512s] -- Up-to-date: /root/real_ws/install/armquadrover_msgs/include/armquadrover_msgs/armquadrover_msgs/msg/rosidl_typesupport_fastrtps_cpp__visibility_control.h
[13.513s] -- Up-to-date: /root/real_ws/install/armquadrover_msgs/include/armquadrover_msgs/armquadrover_msgs/msg/detail
[13.518s] -- Up-to-date: /root/real_ws/install/armquadrover_msgs/include/armquadrover_msgs/armquadrover_msgs/msg/detail/dds_fastrtps
[13.519s] -- Up-to-date: /root/real_ws/install/armquadrover_msgs/include/armquadrover_msgs/armquadrover_msgs/msg/detail/ddsm115_servo__rosidl_typesupport_fastrtps_cpp.hpp
[13.520s] -- Up-to-date: /root/real_ws/install/armquadrover_msgs/include/armquadrover_msgs/armquadrover_msgs/msg/detail/ddsm115__rosidl_typesupport_fastrtps_cpp.hpp
[13.520s] -- Up-to-date: /root/real_ws/install/armquadrover_msgs/lib/libarmquadrover_msgs__rosidl_typesupport_fastrtps_cpp.so
[13.521s] -- Up-to-date: /root/real_ws/install/armquadrover_msgs/include/armquadrover_msgs/armquadrover_msgs
[13.521s] -- Up-to-date: /root/real_ws/install/armquadrover_msgs/include/armquadrover_msgs/armquadrover_msgs/msg
[13.534s] -- Up-to-date: /root/real_ws/install/armquadrover_msgs/include/armquadrover_msgs/armquadrover_msgs/msg/detail
[13.535s] -- Up-to-date: /root/real_ws/install/armquadrover_msgs/include/armquadrover_msgs/armquadrover_msgs/msg/detail/ddsm115__type_support.cpp
[13.535s] -- Up-to-date: /root/real_ws/install/armquadrover_msgs/include/armquadrover_msgs/armquadrover_msgs/msg/detail/ddsm115_servo__rosidl_typesupport_introspection_cpp.hpp
[13.536s] -- Up-to-date: /root/real_ws/install/armquadrover_msgs/include/armquadrover_msgs/armquadrover_msgs/msg/detail/ddsm115_servo__type_support.cpp
[13.537s] -- Up-to-date: /root/real_ws/install/armquadrover_msgs/include/armquadrover_msgs/armquadrover_msgs/msg/detail/ddsm115__rosidl_typesupport_introspection_cpp.hpp
[13.537s] -- Up-to-date: /root/real_ws/install/armquadrover_msgs/lib/libarmquadrover_msgs__rosidl_typesupport_introspection_cpp.so
[13.538s] -- Up-to-date: /root/real_ws/install/armquadrover_msgs/lib/libarmquadrover_msgs__rosidl_typesupport_cpp.so
[13.539s] -- Up-to-date: /root/real_ws/install/armquadrover_msgs/share/armquadrover_msgs/environment/pythonpath.sh
[13.540s] -- Up-to-date: /root/real_ws/install/armquadrover_msgs/share/armquadrover_msgs/environment/pythonpath.dsv
[13.541s] -- Up-to-date: /root/real_ws/install/armquadrover_msgs/local/lib/python3.10/dist-packages/armquadrover_msgs-0.0.0-py3.10.egg-info
[13.560s] -- Installing: /root/real_ws/install/armquadrover_msgs/local/lib/python3.10/dist-packages/armquadrover_msgs-0.0.0-py3.10.egg-info/SOURCES.txt
[13.561s] -- Installing: /root/real_ws/install/armquadrover_msgs/local/lib/python3.10/dist-packages/armquadrover_msgs-0.0.0-py3.10.egg-info/PKG-INFO
[13.569s] -- Installing: /root/real_ws/install/armquadrover_msgs/local/lib/python3.10/dist-packages/armquadrover_msgs-0.0.0-py3.10.egg-info/dependency_links.txt
[13.571s] -- Installing: /root/real_ws/install/armquadrover_msgs/local/lib/python3.10/dist-packages/armquadrover_msgs-0.0.0-py3.10.egg-info/top_level.txt
[13.572s] -- Up-to-date: /root/real_ws/install/armquadrover_msgs/local/lib/python3.10/dist-packages/armquadrover_msgs
[13.572s] -- Up-to-date: /root/real_ws/install/armquadrover_msgs/local/lib/python3.10/dist-packages/armquadrover_msgs/msg
[13.576s] -- Up-to-date: /root/real_ws/install/armquadrover_msgs/local/lib/python3.10/dist-packages/armquadrover_msgs/msg/_ddsm115_servo_s.c
[13.579s] -- Up-to-date: /root/real_ws/install/armquadrover_msgs/local/lib/python3.10/dist-packages/armquadrover_msgs/msg/_ddsm115_servo.py
[13.585s] -- Up-to-date: /root/real_ws/install/armquadrover_msgs/local/lib/python3.10/dist-packages/armquadrover_msgs/msg/_ddsm115_s.c
[13.586s] -- Up-to-date: /root/real_ws/install/armquadrover_msgs/local/lib/python3.10/dist-packages/armquadrover_msgs/msg/__init__.py
[13.592s] -- Up-to-date: /root/real_ws/install/armquadrover_msgs/local/lib/python3.10/dist-packages/armquadrover_msgs/msg/_ddsm115.py
[13.593s] -- Up-to-date: /root/real_ws/install/armquadrover_msgs/local/lib/python3.10/dist-packages/armquadrover_msgs/_armquadrover_msgs_s.ep.rosidl_typesupport_introspection_c.c
[13.596s] -- Up-to-date: /root/real_ws/install/armquadrover_msgs/local/lib/python3.10/dist-packages/armquadrover_msgs/libarmquadrover_msgs__rosidl_generator_py.so
[13.597s] -- Up-to-date: /root/real_ws/install/armquadrover_msgs/local/lib/python3.10/dist-packages/armquadrover_msgs/_armquadrover_msgs_s.ep.rosidl_typesupport_fastrtps_c.c
[13.597s] -- Up-to-date: /root/real_ws/install/armquadrover_msgs/local/lib/python3.10/dist-packages/armquadrover_msgs/armquadrover_msgs_s__rosidl_typesupport_c.cpython-310-aarch64-linux-gnu.so
[13.603s] -- Up-to-date: /root/real_ws/install/armquadrover_msgs/local/lib/python3.10/dist-packages/armquadrover_msgs/armquadrover_msgs_s__rosidl_typesupport_introspection_c.cpython-310-aarch64-linux-gnu.so
[13.607s] -- Up-to-date: /root/real_ws/install/armquadrover_msgs/local/lib/python3.10/dist-packages/armquadrover_msgs/_armquadrover_msgs_s.ep.rosidl_typesupport_c.c
[13.612s] -- Up-to-date: /root/real_ws/install/armquadrover_msgs/local/lib/python3.10/dist-packages/armquadrover_msgs/__init__.py
[13.613s] -- Up-to-date: /root/real_ws/install/armquadrover_msgs/local/lib/python3.10/dist-packages/armquadrover_msgs/armquadrover_msgs_s__rosidl_typesupport_fastrtps_c.cpython-310-aarch64-linux-gnu.so
[14.040s] Listing '/root/real_ws/install/armquadrover_msgs/local/lib/python3.10/dist-packages/armquadrover_msgs'...
[14.041s] Listing '/root/real_ws/install/armquadrover_msgs/local/lib/python3.10/dist-packages/armquadrover_msgs/msg'...
[14.153s] -- Up-to-date: /root/real_ws/install/armquadrover_msgs/local/lib/python3.10/dist-packages/armquadrover_msgs/armquadrover_msgs_s__rosidl_typesupport_fastrtps_c.cpython-310-aarch64-linux-gnu.so
[14.181s] -- Up-to-date: /root/real_ws/install/armquadrover_msgs/local/lib/python3.10/dist-packages/armquadrover_msgs/armquadrover_msgs_s__rosidl_typesupport_introspection_c.cpython-310-aarch64-linux-gnu.so
[14.211s] -- Up-to-date: /root/real_ws/install/armquadrover_msgs/local/lib/python3.10/dist-packages/armquadrover_msgs/armquadrover_msgs_s__rosidl_typesupport_c.cpython-310-aarch64-linux-gnu.so
[14.212s] -- Up-to-date: /root/real_ws/install/armquadrover_msgs/lib/libarmquadrover_msgs__rosidl_generator_py.so
[14.224s] -- Up-to-date: /root/real_ws/install/armquadrover_msgs/share/armquadrover_msgs/msg/DDSM115.idl
[14.225s] -- Up-to-date: /root/real_ws/install/armquadrover_msgs/share/armquadrover_msgs/msg/DDSM115Servo.idl
[14.237s] -- Up-to-date: /root/real_ws/install/armquadrover_msgs/share/armquadrover_msgs/msg/DDSM115.msg
[14.248s] -- Up-to-date: /root/real_ws/install/armquadrover_msgs/share/armquadrover_msgs/msg/DDSM115Servo.msg
[14.249s] -- Up-to-date: /root/real_ws/install/armquadrover_msgs/share/ament_index/resource_index/package_run_dependencies/armquadrover_msgs
[14.266s] -- Up-to-date: /root/real_ws/install/armquadrover_msgs/share/ament_index/resource_index/parent_prefix_path/armquadrover_msgs
[14.267s] -- Up-to-date: /root/real_ws/install/armquadrover_msgs/share/armquadrover_msgs/environment/ament_prefix_path.sh
[14.269s] -- Up-to-date: /root/real_ws/install/armquadrover_msgs/share/armquadrover_msgs/environment/ament_prefix_path.dsv
[14.274s] -- Up-to-date: /root/real_ws/install/armquadrover_msgs/share/armquadrover_msgs/environment/path.sh
[14.276s] -- Up-to-date: /root/real_ws/install/armquadrover_msgs/share/armquadrover_msgs/environment/path.dsv
[14.277s] -- Up-to-date: /root/real_ws/install/armquadrover_msgs/share/armquadrover_msgs/local_setup.bash
[14.291s] -- Up-to-date: /root/real_ws/install/armquadrover_msgs/share/armquadrover_msgs/local_setup.sh
[14.302s] -- Up-to-date: /root/real_ws/install/armquadrover_msgs/share/armquadrover_msgs/local_setup.zsh
[14.303s] -- Up-to-date: /root/real_ws/install/armquadrover_msgs/share/armquadrover_msgs/local_setup.dsv
[14.304s] -- Installing: /root/real_ws/install/armquadrover_msgs/share/armquadrover_msgs/package.dsv
[14.305s] -- Up-to-date: /root/real_ws/install/armquadrover_msgs/share/ament_index/resource_index/packages/armquadrover_msgs
[14.319s] -- Up-to-date: /root/real_ws/install/armquadrover_msgs/share/armquadrover_msgs/cmake/export_armquadrover_msgs__rosidl_generator_cExport.cmake
[14.320s] -- Up-to-date: /root/real_ws/install/armquadrover_msgs/share/armquadrover_msgs/cmake/export_armquadrover_msgs__rosidl_generator_cExport-noconfig.cmake
[14.321s] -- Up-to-date: /root/real_ws/install/armquadrover_msgs/share/armquadrover_msgs/cmake/export_armquadrover_msgs__rosidl_typesupport_fastrtps_cExport.cmake
[14.330s] -- Up-to-date: /root/real_ws/install/armquadrover_msgs/share/armquadrover_msgs/cmake/export_armquadrover_msgs__rosidl_typesupport_fastrtps_cExport-noconfig.cmake
[14.331s] -- Up-to-date: /root/real_ws/install/armquadrover_msgs/share/armquadrover_msgs/cmake/armquadrover_msgs__rosidl_typesupport_introspection_cExport.cmake
[14.332s] -- Up-to-date: /root/real_ws/install/armquadrover_msgs/share/armquadrover_msgs/cmake/armquadrover_msgs__rosidl_typesupport_introspection_cExport-noconfig.cmake
[14.333s] -- Up-to-date: /root/real_ws/install/armquadrover_msgs/share/armquadrover_msgs/cmake/armquadrover_msgs__rosidl_typesupport_cExport.cmake
[14.342s] -- Up-to-date: /root/real_ws/install/armquadrover_msgs/share/armquadrover_msgs/cmake/armquadrover_msgs__rosidl_typesupport_cExport-noconfig.cmake
[14.343s] -- Up-to-date: /root/real_ws/install/armquadrover_msgs/share/armquadrover_msgs/cmake/export_armquadrover_msgs__rosidl_generator_cppExport.cmake
[14.344s] -- Up-to-date: /root/real_ws/install/armquadrover_msgs/share/armquadrover_msgs/cmake/export_armquadrover_msgs__rosidl_typesupport_fastrtps_cppExport.cmake
[14.345s] -- Up-to-date: /root/real_ws/install/armquadrover_msgs/share/armquadrover_msgs/cmake/export_armquadrover_msgs__rosidl_typesupport_fastrtps_cppExport-noconfig.cmake
[14.355s] -- Up-to-date: /root/real_ws/install/armquadrover_msgs/share/armquadrover_msgs/cmake/armquadrover_msgs__rosidl_typesupport_introspection_cppExport.cmake
[14.356s] -- Up-to-date: /root/real_ws/install/armquadrover_msgs/share/armquadrover_msgs/cmake/armquadrover_msgs__rosidl_typesupport_introspection_cppExport-noconfig.cmake
[14.357s] -- Up-to-date: /root/real_ws/install/armquadrover_msgs/share/armquadrover_msgs/cmake/armquadrover_msgs__rosidl_typesupport_cppExport.cmake
[14.362s] -- Up-to-date: /root/real_ws/install/armquadrover_msgs/share/armquadrover_msgs/cmake/armquadrover_msgs__rosidl_typesupport_cppExport-noconfig.cmake
[14.363s] -- Up-to-date: /root/real_ws/install/armquadrover_msgs/share/armquadrover_msgs/cmake/export_armquadrover_msgs__rosidl_generator_pyExport.cmake
[14.364s] -- Up-to-date: /root/real_ws/install/armquadrover_msgs/share/armquadrover_msgs/cmake/export_armquadrover_msgs__rosidl_generator_pyExport-noconfig.cmake
[14.365s] -- Up-to-date: /root/real_ws/install/armquadrover_msgs/share/armquadrover_msgs/cmake/rosidl_cmake-extras.cmake
[14.371s] -- Up-to-date: /root/real_ws/install/armquadrover_msgs/share/armquadrover_msgs/cmake/ament_cmake_export_include_directories-extras.cmake
[14.372s] -- Up-to-date: /root/real_ws/install/armquadrover_msgs/share/armquadrover_msgs/cmake/ament_cmake_export_libraries-extras.cmake
[14.373s] -- Up-to-date: /root/real_ws/install/armquadrover_msgs/share/armquadrover_msgs/cmake/ament_cmake_export_targets-extras.cmake
[14.378s] -- Up-to-date: /root/real_ws/install/armquadrover_msgs/share/armquadrover_msgs/cmake/rosidl_cmake_export_typesupport_targets-extras.cmake
[14.380s] -- Up-to-date: /root/real_ws/install/armquadrover_msgs/share/armquadrover_msgs/cmake/ament_cmake_export_dependencies-extras.cmake
[14.381s] -- Up-to-date: /root/real_ws/install/armquadrover_msgs/share/armquadrover_msgs/cmake/rosidl_cmake_export_typesupport_libraries-extras.cmake
[14.386s] -- Up-to-date: /root/real_ws/install/armquadrover_msgs/share/armquadrover_msgs/cmake/armquadrover_msgsConfig.cmake
[14.387s] -- Up-to-date: /root/real_ws/install/armquadrover_msgs/share/armquadrover_msgs/cmake/armquadrover_msgsConfig-version.cmake
[14.388s] -- Up-to-date: /root/real_ws/install/armquadrover_msgs/share/armquadrover_msgs/package.xml
[14.810s] Invoked command in '/root/real_ws/build/armquadrover_msgs' returned '0': CMAKE_PREFIX_PATH=${CMAKE_PREFIX_PATH}:/root/urdf_ws/install/doublearm6_description:/opt/ros/humble /usr/local/bin/cmake --install /root/real_ws/build/armquadrover_msgs
