[1.220s] [34mcolcon[0m [1;30mDEBUG[0m [32mCommand line arguments: ['/usr/bin/colcon', 'build'][0m
[1.222s] [34mcolcon[0m [1;30mDEBUG[0m [32mParsed command line arguments: Namespace(log_base=None, log_level=None, verb_name='build', build_base='build', install_base='install', merge_install=False, symlink_install=False, test_result_base=None, continue_on_error=False, executor='parallel', parallel_workers=4, event_handlers=None, ignore_user_meta=False, metas=['./colcon.meta'], base_paths=['.'], packages_ignore=None, packages_ignore_regex=None, paths=None, packages_up_to=None, packages_up_to_regex=None, packages_above=None, packages_above_and_dependencies=None, packages_above_depth=None, packages_select_by_dep=None, packages_skip_by_dep=None, packages_skip_up_to=None, packages_select_build_failed=False, packages_skip_build_finished=False, packages_select_test_failures=False, packages_skip_test_passed=False, packages_select=None, packages_skip=None, packages_select_regex=None, packages_skip_regex=None, packages_start=None, packages_end=None, allow_overriding=[], cmake_args=None, cmake_target=None, cmake_target_skip_unavailable=False, cmake_clean_cache=False, cmake_clean_first=False, cmake_force_configure=False, ament_cmake_args=None, catkin_cmake_args=None, catkin_skip_building_tests=False, mixin_files=None, mixin=None, verb_parser=<colcon_mixin.mixin.mixin_argument.MixinArgumentDecorator object at 0x7f9c230880>, verb_extension=<colcon_core.verb.build.BuildVerb object at 0x7f9c433e80>, main=<bound method BuildVerb.main of <colcon_core.verb.build.BuildVerb object at 0x7f9c433e80>>, mixin_verb=('build',))[0m
[3.241s] [34mcolcon.colcon_core.package_discovery[0m [1;30mLevel 1[0m discover_packages(colcon_meta) check parameters
[3.242s] [34mcolcon.colcon_core.package_discovery[0m [1;30mLevel 1[0m discover_packages(recursive) check parameters
[3.243s] [34mcolcon.colcon_core.package_discovery[0m [1;30mLevel 1[0m discover_packages(ignore) check parameters
[3.243s] [34mcolcon.colcon_core.package_discovery[0m [1;30mLevel 1[0m discover_packages(path) check parameters
[3.243s] [34mcolcon.colcon_core.package_discovery[0m [1;30mLevel 1[0m discover_packages(colcon_meta) discover
[3.244s] [34mcolcon.colcon_core.package_discovery[0m [1;30mLevel 1[0m discover_packages(recursive) discover
[3.245s] [34mcolcon.colcon_core.package_discovery[0m [1;30mINFO[0m Crawling recursively for packages in '/root/real_ws'
[3.246s] [34mcolcon.colcon_core.package_identification[0m [1;30mLevel 1[0m _identify(.) by extensions ['ignore', 'ignore_ament_install']
[3.247s] [34mcolcon.colcon_core.package_identification[0m [1;30mLevel 1[0m _identify(.) by extension 'ignore'
[3.248s] [34mcolcon.colcon_core.package_identification[0m [1;30mLevel 1[0m _identify(.) by extension 'ignore_ament_install'
[3.248s] [34mcolcon.colcon_core.package_identification[0m [1;30mLevel 1[0m _identify(.) by extensions ['colcon_pkg']
[3.249s] [34mcolcon.colcon_core.package_identification[0m [1;30mLevel 1[0m _identify(.) by extension 'colcon_pkg'
[3.250s] [34mcolcon.colcon_core.package_identification[0m [1;30mLevel 1[0m _identify(.) by extensions ['colcon_meta']
[3.250s] [34mcolcon.colcon_core.package_identification[0m [1;30mLevel 1[0m _identify(.) by extension 'colcon_meta'
[3.251s] [34mcolcon.colcon_core.package_identification[0m [1;30mLevel 1[0m _identify(.) by extensions ['ros']
[3.251s] [34mcolcon.colcon_core.package_identification[0m [1;30mLevel 1[0m _identify(.) by extension 'ros'
[3.348s] [34mcolcon.colcon_core.package_identification[0m [1;30mLevel 1[0m _identify(.) by extensions ['cmake', 'python']
[3.349s] [34mcolcon.colcon_core.package_identification[0m [1;30mLevel 1[0m _identify(.) by extension 'cmake'
[3.350s] [34mcolcon.colcon_core.package_identification[0m [1;30mLevel 1[0m _identify(.) by extension 'python'
[3.350s] [34mcolcon.colcon_core.package_identification[0m [1;30mLevel 1[0m _identify(.) by extensions ['python_setup_py']
[3.351s] [34mcolcon.colcon_core.package_identification[0m [1;30mLevel 1[0m _identify(.) by extension 'python_setup_py'
[3.352s] [34mcolcon.colcon_core.package_identification[0m [1;30mLevel 1[0m _identify(build) by extensions ['ignore', 'ignore_ament_install']
[3.353s] [34mcolcon.colcon_core.package_identification[0m [1;30mLevel 1[0m _identify(build) by extension 'ignore'
[3.354s] [34mcolcon.colcon_core.package_identification[0m [1;30mLevel 1[0m _identify(build) ignored
[3.355s] [34mcolcon.colcon_core.package_identification[0m [1;30mLevel 1[0m _identify(install) by extensions ['ignore', 'ignore_ament_install']
[3.356s] [34mcolcon.colcon_core.package_identification[0m [1;30mLevel 1[0m _identify(install) by extension 'ignore'
[3.357s] [34mcolcon.colcon_core.package_identification[0m [1;30mLevel 1[0m _identify(install) ignored
[3.358s] [34mcolcon.colcon_core.package_identification[0m [1;30mLevel 1[0m _identify(log) by extensions ['ignore', 'ignore_ament_install']
[3.359s] [34mcolcon.colcon_core.package_identification[0m [1;30mLevel 1[0m _identify(log) by extension 'ignore'
[3.360s] [34mcolcon.colcon_core.package_identification[0m [1;30mLevel 1[0m _identify(log) ignored
[3.361s] [34mcolcon.colcon_core.package_identification[0m [1;30mLevel 1[0m _identify(src) by extensions ['ignore', 'ignore_ament_install']
[3.362s] [34mcolcon.colcon_core.package_identification[0m [1;30mLevel 1[0m _identify(src) by extension 'ignore'
[3.363s] [34mcolcon.colcon_core.package_identification[0m [1;30mLevel 1[0m _identify(src) by extension 'ignore_ament_install'
[3.363s] [34mcolcon.colcon_core.package_identification[0m [1;30mLevel 1[0m _identify(src) by extensions ['colcon_pkg']
[3.364s] [34mcolcon.colcon_core.package_identification[0m [1;30mLevel 1[0m _identify(src) by extension 'colcon_pkg'
[3.365s] [34mcolcon.colcon_core.package_identification[0m [1;30mLevel 1[0m _identify(src) by extensions ['colcon_meta']
[3.365s] [34mcolcon.colcon_core.package_identification[0m [1;30mLevel 1[0m _identify(src) by extension 'colcon_meta'
[3.366s] [34mcolcon.colcon_core.package_identification[0m [1;30mLevel 1[0m _identify(src) by extensions ['ros']
[3.367s] [34mcolcon.colcon_core.package_identification[0m [1;30mLevel 1[0m _identify(src) by extension 'ros'
[3.368s] [34mcolcon.colcon_core.package_identification[0m [1;30mLevel 1[0m _identify(src) by extensions ['cmake', 'python']
[3.368s] [34mcolcon.colcon_core.package_identification[0m [1;30mLevel 1[0m _identify(src) by extension 'cmake'
[3.369s] [34mcolcon.colcon_core.package_identification[0m [1;30mLevel 1[0m _identify(src) by extension 'python'
[3.370s] [34mcolcon.colcon_core.package_identification[0m [1;30mLevel 1[0m _identify(src) by extensions ['python_setup_py']
[3.370s] [34mcolcon.colcon_core.package_identification[0m [1;30mLevel 1[0m _identify(src) by extension 'python_setup_py'
[3.371s] [34mcolcon.colcon_core.package_identification[0m [1;30mLevel 1[0m _identify(src/armquadrover_gnb) by extensions ['ignore', 'ignore_ament_install']
[3.372s] [34mcolcon.colcon_core.package_identification[0m [1;30mLevel 1[0m _identify(src/armquadrover_gnb) by extension 'ignore'
[3.373s] [34mcolcon.colcon_core.package_identification[0m [1;30mLevel 1[0m _identify(src/armquadrover_gnb) by extension 'ignore_ament_install'
[3.374s] [34mcolcon.colcon_core.package_identification[0m [1;30mLevel 1[0m _identify(src/armquadrover_gnb) by extensions ['colcon_pkg']
[3.374s] [34mcolcon.colcon_core.package_identification[0m [1;30mLevel 1[0m _identify(src/armquadrover_gnb) by extension 'colcon_pkg'
[3.375s] [34mcolcon.colcon_core.package_identification[0m [1;30mLevel 1[0m _identify(src/armquadrover_gnb) by extensions ['colcon_meta']
[3.376s] [34mcolcon.colcon_core.package_identification[0m [1;30mLevel 1[0m _identify(src/armquadrover_gnb) by extension 'colcon_meta'
[3.377s] [34mcolcon.colcon_core.package_identification[0m [1;30mLevel 1[0m _identify(src/armquadrover_gnb) by extensions ['ros']
[3.377s] [34mcolcon.colcon_core.package_identification[0m [1;30mLevel 1[0m _identify(src/armquadrover_gnb) by extension 'ros'
[3.378s] [34mcolcon.colcon_core.package_identification[0m [1;30mLevel 1[0m _identify(src/armquadrover_gnb) by extensions ['cmake', 'python']
[3.379s] [34mcolcon.colcon_core.package_identification[0m [1;30mLevel 1[0m _identify(src/armquadrover_gnb) by extension 'cmake'
[3.379s] [34mcolcon.colcon_core.package_identification[0m [1;30mLevel 1[0m _identify(src/armquadrover_gnb) by extension 'python'
[3.380s] [34mcolcon.colcon_core.package_identification[0m [1;30mLevel 1[0m _identify(src/armquadrover_gnb) by extensions ['python_setup_py']
[3.381s] [34mcolcon.colcon_core.package_identification[0m [1;30mLevel 1[0m _identify(src/armquadrover_gnb) by extension 'python_setup_py'
[3.382s] [34mcolcon.colcon_core.package_identification[0m [1;30mLevel 1[0m _identify(src/armquadrover_gnb/armquadrover) by extensions ['ignore', 'ignore_ament_install']
[3.383s] [34mcolcon.colcon_core.package_identification[0m [1;30mLevel 1[0m _identify(src/armquadrover_gnb/armquadrover) by extension 'ignore'
[3.384s] [34mcolcon.colcon_core.package_identification[0m [1;30mLevel 1[0m _identify(src/armquadrover_gnb/armquadrover) by extension 'ignore_ament_install'
[3.385s] [34mcolcon.colcon_core.package_identification[0m [1;30mLevel 1[0m _identify(src/armquadrover_gnb/armquadrover) by extensions ['colcon_pkg']
[3.385s] [34mcolcon.colcon_core.package_identification[0m [1;30mLevel 1[0m _identify(src/armquadrover_gnb/armquadrover) by extension 'colcon_pkg'
[3.386s] [34mcolcon.colcon_core.package_identification[0m [1;30mLevel 1[0m _identify(src/armquadrover_gnb/armquadrover) by extensions ['colcon_meta']
[3.386s] [34mcolcon.colcon_core.package_identification[0m [1;30mLevel 1[0m _identify(src/armquadrover_gnb/armquadrover) by extension 'colcon_meta'
[3.387s] [34mcolcon.colcon_core.package_identification[0m [1;30mLevel 1[0m _identify(src/armquadrover_gnb/armquadrover) by extensions ['ros']
[3.388s] [34mcolcon.colcon_core.package_identification[0m [1;30mLevel 1[0m _identify(src/armquadrover_gnb/armquadrover) by extension 'ros'
[3.412s] [34mcolcon.colcon_core.package_identification[0m [1;30mDEBUG[0m [32mPackage 'src/armquadrover_gnb/armquadrover' with type 'ros.ament_cmake' and name 'armquadrover'[0m
[3.414s] [34mcolcon.colcon_core.package_identification[0m [1;30mLevel 1[0m _identify(src/armquadrover_gnb/armquadrover_msgs) by extensions ['ignore', 'ignore_ament_install']
[3.415s] [34mcolcon.colcon_core.package_identification[0m [1;30mLevel 1[0m _identify(src/armquadrover_gnb/armquadrover_msgs) by extension 'ignore'
[3.416s] [34mcolcon.colcon_core.package_identification[0m [1;30mLevel 1[0m _identify(src/armquadrover_gnb/armquadrover_msgs) by extension 'ignore_ament_install'
[3.417s] [34mcolcon.colcon_core.package_identification[0m [1;30mLevel 1[0m _identify(src/armquadrover_gnb/armquadrover_msgs) by extensions ['colcon_pkg']
[3.417s] [34mcolcon.colcon_core.package_identification[0m [1;30mLevel 1[0m _identify(src/armquadrover_gnb/armquadrover_msgs) by extension 'colcon_pkg'
[3.418s] [34mcolcon.colcon_core.package_identification[0m [1;30mLevel 1[0m _identify(src/armquadrover_gnb/armquadrover_msgs) by extensions ['colcon_meta']
[3.418s] [34mcolcon.colcon_core.package_identification[0m [1;30mLevel 1[0m _identify(src/armquadrover_gnb/armquadrover_msgs) by extension 'colcon_meta'
[3.419s] [34mcolcon.colcon_core.package_identification[0m [1;30mLevel 1[0m _identify(src/armquadrover_gnb/armquadrover_msgs) by extensions ['ros']
[3.420s] [34mcolcon.colcon_core.package_identification[0m [1;30mLevel 1[0m _identify(src/armquadrover_gnb/armquadrover_msgs) by extension 'ros'
[3.424s] [34mcolcon.colcon_core.package_identification[0m [1;30mDEBUG[0m [32mPackage 'src/armquadrover_gnb/armquadrover_msgs' with type 'ros.ament_cmake' and name 'armquadrover_msgs'[0m
[3.425s] [34mcolcon.colcon_core.package_discovery[0m [1;30mLevel 1[0m discover_packages(recursive) using defaults
[3.426s] [34mcolcon.colcon_core.package_discovery[0m [1;30mLevel 1[0m discover_packages(ignore) discover
[3.427s] [34mcolcon.colcon_core.package_discovery[0m [1;30mLevel 1[0m discover_packages(ignore) using defaults
[3.427s] [34mcolcon.colcon_core.package_discovery[0m [1;30mLevel 1[0m discover_packages(path) discover
[3.427s] [34mcolcon.colcon_core.package_discovery[0m [1;30mLevel 1[0m discover_packages(path) using defaults
[3.664s] [34mcolcon.colcon_core.package_discovery[0m [1;30mLevel 1[0m discover_packages(prefix_path) check parameters
[3.664s] [34mcolcon.colcon_core.package_discovery[0m [1;30mLevel 1[0m discover_packages(prefix_path) discover
[3.684s] [34mcolcon.colcon_installed_package_information.package_discovery[0m [1;30mDEBUG[0m [32mFound 3 installed packages in /root/dev_ws/install[0m
[3.690s] [34mcolcon.colcon_installed_package_information.package_discovery[0m [1;30mDEBUG[0m [32mFound 3 installed packages in /root/urdf_ws/install[0m
[3.695s] [34mcolcon.colcon_installed_package_information.package_discovery[0m [1;30mDEBUG[0m [32mFound 2 installed packages in /root/real_ws/install[0m
[3.700s] [34mcolcon.colcon_installed_package_information.package_discovery[0m [1;30mDEBUG[0m [32mFound 1 installed packages in /root/catkin_ws/install[0m
[3.713s] [34mcolcon.colcon_installed_package_information.package_discovery[0m [1;30mDEBUG[0m [32mFound 371 installed packages in /opt/ros/humble[0m
[3.732s] [34mcolcon.colcon_core.package_discovery[0m [1;30mLevel 1[0m discover_packages(prefix_path) using defaults
[4.309s] [34mcolcon.colcon_core.verb[0m [1;30mLevel 5[0m set package 'armquadrover' build argument 'cmake_args' from command line to 'None'
[4.311s] [34mcolcon.colcon_core.verb[0m [1;30mLevel 5[0m set package 'armquadrover' build argument 'cmake_target' from command line to 'None'
[4.312s] [34mcolcon.colcon_core.verb[0m [1;30mLevel 5[0m set package 'armquadrover' build argument 'cmake_target_skip_unavailable' from command line to 'False'
[4.313s] [34mcolcon.colcon_core.verb[0m [1;30mLevel 5[0m set package 'armquadrover' build argument 'cmake_clean_cache' from command line to 'False'
[4.314s] [34mcolcon.colcon_core.verb[0m [1;30mLevel 5[0m set package 'armquadrover' build argument 'cmake_clean_first' from command line to 'False'
[4.315s] [34mcolcon.colcon_core.verb[0m [1;30mLevel 5[0m set package 'armquadrover' build argument 'cmake_force_configure' from command line to 'False'
[4.316s] [34mcolcon.colcon_core.verb[0m [1;30mLevel 5[0m set package 'armquadrover' build argument 'ament_cmake_args' from command line to 'None'
[4.316s] [34mcolcon.colcon_core.verb[0m [1;30mLevel 5[0m set package 'armquadrover' build argument 'catkin_cmake_args' from command line to 'None'
[4.317s] [34mcolcon.colcon_core.verb[0m [1;30mLevel 5[0m set package 'armquadrover' build argument 'catkin_skip_building_tests' from command line to 'False'
[4.317s] [34mcolcon.colcon_core.verb[0m [1;30mDEBUG[0m [32mBuilding package 'armquadrover' with the following arguments: {'ament_cmake_args': None, 'build_base': '/root/real_ws/build/armquadrover', 'catkin_cmake_args': None, 'catkin_skip_building_tests': False, 'cmake_args': None, 'cmake_clean_cache': False, 'cmake_clean_first': False, 'cmake_force_configure': False, 'cmake_target': None, 'cmake_target_skip_unavailable': False, 'install_base': '/root/real_ws/install/armquadrover', 'merge_install': False, 'path': '/root/real_ws/src/armquadrover_gnb/armquadrover', 'symlink_install': False, 'test_result_base': None}[0m
[4.322s] [34mcolcon.colcon_core.verb[0m [1;30mLevel 5[0m set package 'armquadrover_msgs' build argument 'cmake_args' from command line to 'None'
[4.323s] [34mcolcon.colcon_core.verb[0m [1;30mLevel 5[0m set package 'armquadrover_msgs' build argument 'cmake_target' from command line to 'None'
[4.325s] [34mcolcon.colcon_core.verb[0m [1;30mLevel 5[0m set package 'armquadrover_msgs' build argument 'cmake_target_skip_unavailable' from command line to 'False'
[4.326s] [34mcolcon.colcon_core.verb[0m [1;30mLevel 5[0m set package 'armquadrover_msgs' build argument 'cmake_clean_cache' from command line to 'False'
[4.327s] [34mcolcon.colcon_core.verb[0m [1;30mLevel 5[0m set package 'armquadrover_msgs' build argument 'cmake_clean_first' from command line to 'False'
[4.328s] [34mcolcon.colcon_core.verb[0m [1;30mLevel 5[0m set package 'armquadrover_msgs' build argument 'cmake_force_configure' from command line to 'False'
[4.329s] [34mcolcon.colcon_core.verb[0m [1;30mLevel 5[0m set package 'armquadrover_msgs' build argument 'ament_cmake_args' from command line to 'None'
[4.329s] [34mcolcon.colcon_core.verb[0m [1;30mLevel 5[0m set package 'armquadrover_msgs' build argument 'catkin_cmake_args' from command line to 'None'
[4.330s] [34mcolcon.colcon_core.verb[0m [1;30mLevel 5[0m set package 'armquadrover_msgs' build argument 'catkin_skip_building_tests' from command line to 'False'
[4.331s] [34mcolcon.colcon_core.verb[0m [1;30mDEBUG[0m [32mBuilding package 'armquadrover_msgs' with the following arguments: {'ament_cmake_args': None, 'build_base': '/root/real_ws/build/armquadrover_msgs', 'catkin_cmake_args': None, 'catkin_skip_building_tests': False, 'cmake_args': None, 'cmake_clean_cache': False, 'cmake_clean_first': False, 'cmake_force_configure': False, 'cmake_target': None, 'cmake_target_skip_unavailable': False, 'install_base': '/root/real_ws/install/armquadrover_msgs', 'merge_install': False, 'path': '/root/real_ws/src/armquadrover_gnb/armquadrover_msgs', 'symlink_install': False, 'test_result_base': None}[0m
[4.332s] [34mcolcon.colcon_core.executor[0m [1;30mINFO[0m Executing jobs using 'parallel' executor
[4.339s] [34mcolcon.colcon_parallel_executor.executor.parallel[0m [1;30mDEBUG[0m [32mrun_until_complete[0m
[4.342s] [34mcolcon.colcon_ros.task.ament_cmake.build[0m [1;30mINFO[0m Building ROS package in '/root/real_ws/src/armquadrover_gnb/armquadrover' with build type 'ament_cmake'
[4.344s] [34mcolcon.colcon_cmake.task.cmake.build[0m [1;30mINFO[0m Building CMake package in '/root/real_ws/src/armquadrover_gnb/armquadrover'
[4.360s] [34mcolcon.colcon_core.plugin_system[0m [1;30mINFO[0m Skipping extension 'colcon_core.shell.bat': Not used on non-Windows systems
[4.363s] [34mcolcon.colcon_core.shell[0m [1;30mINFO[0m Skip shell extension 'powershell' for command environment: Not usable outside of PowerShell
[4.364s] [34mcolcon.colcon_core.shell[0m [1;30mDEBUG[0m [32mSkip shell extension 'dsv' for command environment[0m
[4.408s] [34mcolcon.colcon_ros.task.ament_cmake.build[0m [1;30mINFO[0m Building ROS package in '/root/real_ws/src/armquadrover_gnb/armquadrover_msgs' with build type 'ament_cmake'
[4.410s] [34mcolcon.colcon_cmake.task.cmake.build[0m [1;30mINFO[0m Building CMake package in '/root/real_ws/src/armquadrover_gnb/armquadrover_msgs'
[4.412s] [34mcolcon.colcon_core.shell[0m [1;30mINFO[0m Skip shell extension 'powershell' for command environment: Not usable outside of PowerShell
[4.413s] [34mcolcon.colcon_core.shell[0m [1;30mDEBUG[0m [32mSkip shell extension 'dsv' for command environment[0m
[4.506s] [34mcolcon.colcon_core.event_handler.log_command[0m [1;30mDEBUG[0m [32mInvoking command in '/root/real_ws/build/armquadrover': CMAKE_PREFIX_PATH=${CMAKE_PREFIX_PATH}:/root/urdf_ws/install/doublearm6_description:/opt/ros/humble /usr/local/bin/cmake --build /root/real_ws/build/armquadrover -- -j4 -l4[0m
[4.561s] [34mcolcon.colcon_core.event_handler.log_command[0m [1;30mDEBUG[0m [32mInvoking command in '/root/real_ws/build/armquadrover_msgs': CMAKE_PREFIX_PATH=${CMAKE_PREFIX_PATH}:/root/urdf_ws/install/doublearm6_description:/opt/ros/humble /usr/local/bin/cmake --build /root/real_ws/build/armquadrover_msgs -- -j4 -l4[0m
[15.603s] [34mcolcon.colcon_core.event_handler.log_command[0m [1;30mDEBUG[0m [32mInvoked command in '/root/real_ws/build/armquadrover_msgs' returned '0': CMAKE_PREFIX_PATH=${CMAKE_PREFIX_PATH}:/root/urdf_ws/install/doublearm6_description:/opt/ros/humble /usr/local/bin/cmake --build /root/real_ws/build/armquadrover_msgs -- -j4 -l4[0m
[19.013s] [34mcolcon.colcon_core.event_handler.log_command[0m [1;30mDEBUG[0m [32mInvoking command in '/root/real_ws/build/armquadrover_msgs': CMAKE_PREFIX_PATH=${CMAKE_PREFIX_PATH}:/root/urdf_ws/install/doublearm6_description:/opt/ros/humble /usr/local/bin/cmake --install /root/real_ws/build/armquadrover_msgs[0m
[21.788s] [34mcolcon.colcon_core.environment[0m [1;30mLevel 1[0m create_environment_scripts_only(armquadrover_msgs)
[21.790s] [34mcolcon.colcon_core.event_handler.log_command[0m [1;30mDEBUG[0m [32mInvoked command in '/root/real_ws/build/armquadrover_msgs' returned '0': CMAKE_PREFIX_PATH=${CMAKE_PREFIX_PATH}:/root/urdf_ws/install/doublearm6_description:/opt/ros/humble /usr/local/bin/cmake --install /root/real_ws/build/armquadrover_msgs[0m
[21.857s] [34mcolcon.colcon_core.environment[0m [1;30mLevel 1[0m checking '/root/real_ws/install/armquadrover_msgs' for CMake module files
[21.869s] [34mcolcon.colcon_core.environment[0m [1;30mLevel 1[0m checking '/root/real_ws/install/armquadrover_msgs' for CMake config files
[21.877s] [34mcolcon.colcon_core.shell[0m [1;30mLevel 1[0m create_environment_hook('armquadrover_msgs', 'cmake_prefix_path')
[21.891s] [34mcolcon.colcon_core.shell[0m [1;30mINFO[0m Creating environment hook '/root/real_ws/install/armquadrover_msgs/share/armquadrover_msgs/hook/cmake_prefix_path.ps1'
[21.908s] [34mcolcon.colcon_core.shell[0m [1;30mINFO[0m Creating environment descriptor '/root/real_ws/install/armquadrover_msgs/share/armquadrover_msgs/hook/cmake_prefix_path.dsv'
[21.912s] [34mcolcon.colcon_core.shell[0m [1;30mINFO[0m Creating environment hook '/root/real_ws/install/armquadrover_msgs/share/armquadrover_msgs/hook/cmake_prefix_path.sh'
[21.936s] [34mcolcon.colcon_core.environment[0m [1;30mLevel 1[0m checking '/root/real_ws/install/armquadrover_msgs/lib'
[21.946s] [34mcolcon.colcon_core.shell[0m [1;30mLevel 1[0m create_environment_hook('armquadrover_msgs', 'ld_library_path_lib')
[21.954s] [34mcolcon.colcon_core.shell[0m [1;30mINFO[0m Creating environment hook '/root/real_ws/install/armquadrover_msgs/share/armquadrover_msgs/hook/ld_library_path_lib.ps1'
[21.969s] [34mcolcon.colcon_core.shell[0m [1;30mINFO[0m Creating environment descriptor '/root/real_ws/install/armquadrover_msgs/share/armquadrover_msgs/hook/ld_library_path_lib.dsv'
[21.978s] [34mcolcon.colcon_core.shell[0m [1;30mINFO[0m Creating environment hook '/root/real_ws/install/armquadrover_msgs/share/armquadrover_msgs/hook/ld_library_path_lib.sh'
[21.989s] [34mcolcon.colcon_core.environment[0m [1;30mLevel 1[0m checking '/root/real_ws/install/armquadrover_msgs/bin'
[21.991s] [34mcolcon.colcon_core.environment[0m [1;30mLevel 1[0m checking '/root/real_ws/install/armquadrover_msgs/lib/pkgconfig/armquadrover_msgs.pc'
[21.997s] [34mcolcon.colcon_core.environment[0m [1;30mLevel 1[0m checking '/root/real_ws/install/armquadrover_msgs/lib/python3.10/site-packages'
[22.004s] [34mcolcon.colcon_core.environment[0m [1;30mLevel 1[0m checking '/root/real_ws/install/armquadrover_msgs/bin'
[22.048s] [34mcolcon.colcon_core.shell[0m [1;30mINFO[0m Creating package script '/root/real_ws/install/armquadrover_msgs/share/armquadrover_msgs/package.ps1'
[22.079s] [34mcolcon.colcon_core.shell[0m [1;30mINFO[0m Creating package descriptor '/root/real_ws/install/armquadrover_msgs/share/armquadrover_msgs/package.dsv'
[22.100s] [34mcolcon.colcon_core.shell[0m [1;30mINFO[0m Creating package script '/root/real_ws/install/armquadrover_msgs/share/armquadrover_msgs/package.sh'
[22.118s] [34mcolcon.colcon_core.shell[0m [1;30mINFO[0m Creating package script '/root/real_ws/install/armquadrover_msgs/share/armquadrover_msgs/package.bash'
[22.137s] [34mcolcon.colcon_core.shell[0m [1;30mINFO[0m Creating package script '/root/real_ws/install/armquadrover_msgs/share/armquadrover_msgs/package.zsh'
[22.156s] [34mcolcon.colcon_core.environment[0m [1;30mLevel 1[0m create_file_with_runtime_dependencies(/root/real_ws/install/armquadrover_msgs/share/colcon-core/packages/armquadrover_msgs)
[24.496s] [34mcolcon.colcon_core.environment[0m [1;30mLevel 1[0m create_environment_scripts_only(armquadrover_msgs)
[24.499s] [34mcolcon.colcon_core.environment[0m [1;30mLevel 1[0m checking '/root/real_ws/install/armquadrover_msgs' for CMake module files
[24.510s] [34mcolcon.colcon_core.environment[0m [1;30mLevel 1[0m checking '/root/real_ws/install/armquadrover_msgs' for CMake config files
[24.513s] [34mcolcon.colcon_core.shell[0m [1;30mLevel 1[0m create_environment_hook('armquadrover_msgs', 'cmake_prefix_path')
[24.520s] [34mcolcon.colcon_core.shell[0m [1;30mINFO[0m Creating environment hook '/root/real_ws/install/armquadrover_msgs/share/armquadrover_msgs/hook/cmake_prefix_path.ps1'
[24.527s] [34mcolcon.colcon_core.shell[0m [1;30mINFO[0m Creating environment descriptor '/root/real_ws/install/armquadrover_msgs/share/armquadrover_msgs/hook/cmake_prefix_path.dsv'
[24.539s] [34mcolcon.colcon_core.shell[0m [1;30mINFO[0m Creating environment hook '/root/real_ws/install/armquadrover_msgs/share/armquadrover_msgs/hook/cmake_prefix_path.sh'
[24.548s] [34mcolcon.colcon_core.environment[0m [1;30mLevel 1[0m checking '/root/real_ws/install/armquadrover_msgs/lib'
[24.549s] [34mcolcon.colcon_core.shell[0m [1;30mLevel 1[0m create_environment_hook('armquadrover_msgs', 'ld_library_path_lib')
[24.551s] [34mcolcon.colcon_core.shell[0m [1;30mINFO[0m Creating environment hook '/root/real_ws/install/armquadrover_msgs/share/armquadrover_msgs/hook/ld_library_path_lib.ps1'
[24.563s] [34mcolcon.colcon_core.shell[0m [1;30mINFO[0m Creating environment descriptor '/root/real_ws/install/armquadrover_msgs/share/armquadrover_msgs/hook/ld_library_path_lib.dsv'
[24.565s] [34mcolcon.colcon_core.shell[0m [1;30mINFO[0m Creating environment hook '/root/real_ws/install/armquadrover_msgs/share/armquadrover_msgs/hook/ld_library_path_lib.sh'
[24.569s] [34mcolcon.colcon_core.environment[0m [1;30mLevel 1[0m checking '/root/real_ws/install/armquadrover_msgs/bin'
[24.578s] [34mcolcon.colcon_core.environment[0m [1;30mLevel 1[0m checking '/root/real_ws/install/armquadrover_msgs/lib/pkgconfig/armquadrover_msgs.pc'
[24.580s] [34mcolcon.colcon_core.environment[0m [1;30mLevel 1[0m checking '/root/real_ws/install/armquadrover_msgs/lib/python3.10/site-packages'
[24.587s] [34mcolcon.colcon_core.environment[0m [1;30mLevel 1[0m checking '/root/real_ws/install/armquadrover_msgs/bin'
[24.594s] [34mcolcon.colcon_core.shell[0m [1;30mINFO[0m Creating package script '/root/real_ws/install/armquadrover_msgs/share/armquadrover_msgs/package.ps1'
[24.604s] [34mcolcon.colcon_core.shell[0m [1;30mINFO[0m Creating package descriptor '/root/real_ws/install/armquadrover_msgs/share/armquadrover_msgs/package.dsv'
[24.617s] [34mcolcon.colcon_core.shell[0m [1;30mINFO[0m Creating package script '/root/real_ws/install/armquadrover_msgs/share/armquadrover_msgs/package.sh'
[24.620s] [34mcolcon.colcon_core.shell[0m [1;30mINFO[0m Creating package script '/root/real_ws/install/armquadrover_msgs/share/armquadrover_msgs/package.bash'
[24.628s] [34mcolcon.colcon_core.shell[0m [1;30mINFO[0m Creating package script '/root/real_ws/install/armquadrover_msgs/share/armquadrover_msgs/package.zsh'
[24.638s] [34mcolcon.colcon_core.environment[0m [1;30mLevel 1[0m create_file_with_runtime_dependencies(/root/real_ws/install/armquadrover_msgs/share/colcon-core/packages/armquadrover_msgs)
[135.900s] [34mcolcon.colcon_core.event_handler.log_command[0m [1;30mDEBUG[0m [32mInvoked command in '/root/real_ws/build/armquadrover' returned '0': CMAKE_PREFIX_PATH=${CMAKE_PREFIX_PATH}:/root/urdf_ws/install/doublearm6_description:/opt/ros/humble /usr/local/bin/cmake --build /root/real_ws/build/armquadrover -- -j4 -l4[0m
[137.153s] [34mcolcon.colcon_core.event_handler.log_command[0m [1;30mDEBUG[0m [32mInvoking command in '/root/real_ws/build/armquadrover': CMAKE_PREFIX_PATH=${CMAKE_PREFIX_PATH}:/root/urdf_ws/install/doublearm6_description:/opt/ros/humble /usr/local/bin/cmake --install /root/real_ws/build/armquadrover[0m
[138.062s] [34mcolcon.colcon_core.environment[0m [1;30mLevel 1[0m create_environment_scripts_only(armquadrover)
[138.065s] [34mcolcon.colcon_core.environment[0m [1;30mLevel 1[0m checking '/root/real_ws/install/armquadrover' for CMake module files
[138.073s] [34mcolcon.colcon_core.event_handler.log_command[0m [1;30mDEBUG[0m [32mInvoked command in '/root/real_ws/build/armquadrover' returned '0': CMAKE_PREFIX_PATH=${CMAKE_PREFIX_PATH}:/root/urdf_ws/install/doublearm6_description:/opt/ros/humble /usr/local/bin/cmake --install /root/real_ws/build/armquadrover[0m
[138.076s] [34mcolcon.colcon_core.environment[0m [1;30mLevel 1[0m checking '/root/real_ws/install/armquadrover' for CMake config files
[138.079s] [34mcolcon.colcon_core.shell[0m [1;30mLevel 1[0m create_environment_hook('armquadrover', 'cmake_prefix_path')
[138.081s] [34mcolcon.colcon_core.shell[0m [1;30mINFO[0m Creating environment hook '/root/real_ws/install/armquadrover/share/armquadrover/hook/cmake_prefix_path.ps1'
[138.090s] [34mcolcon.colcon_core.shell[0m [1;30mINFO[0m Creating environment descriptor '/root/real_ws/install/armquadrover/share/armquadrover/hook/cmake_prefix_path.dsv'
[138.103s] [34mcolcon.colcon_core.shell[0m [1;30mINFO[0m Creating environment hook '/root/real_ws/install/armquadrover/share/armquadrover/hook/cmake_prefix_path.sh'
[138.108s] [34mcolcon.colcon_core.environment[0m [1;30mLevel 1[0m checking '/root/real_ws/install/armquadrover/lib'
[138.109s] [34mcolcon.colcon_core.environment[0m [1;30mLevel 1[0m checking '/root/real_ws/install/armquadrover/bin'
[138.110s] [34mcolcon.colcon_core.environment[0m [1;30mLevel 1[0m checking '/root/real_ws/install/armquadrover/lib/pkgconfig/armquadrover.pc'
[138.112s] [34mcolcon.colcon_core.environment[0m [1;30mLevel 1[0m checking '/root/real_ws/install/armquadrover/lib/python3.10/site-packages'
[138.118s] [34mcolcon.colcon_core.environment[0m [1;30mLevel 1[0m checking '/root/real_ws/install/armquadrover/bin'
[138.121s] [34mcolcon.colcon_core.shell[0m [1;30mINFO[0m Creating package script '/root/real_ws/install/armquadrover/share/armquadrover/package.ps1'
[138.126s] [34mcolcon.colcon_core.shell[0m [1;30mINFO[0m Creating package descriptor '/root/real_ws/install/armquadrover/share/armquadrover/package.dsv'
[138.131s] [34mcolcon.colcon_core.shell[0m [1;30mINFO[0m Creating package script '/root/real_ws/install/armquadrover/share/armquadrover/package.sh'
[138.136s] [34mcolcon.colcon_core.shell[0m [1;30mINFO[0m Creating package script '/root/real_ws/install/armquadrover/share/armquadrover/package.bash'
[138.144s] [34mcolcon.colcon_core.shell[0m [1;30mINFO[0m Creating package script '/root/real_ws/install/armquadrover/share/armquadrover/package.zsh'
[138.150s] [34mcolcon.colcon_core.environment[0m [1;30mLevel 1[0m create_file_with_runtime_dependencies(/root/real_ws/install/armquadrover/share/colcon-core/packages/armquadrover)
[139.209s] [34mcolcon.colcon_core.environment[0m [1;30mLevel 1[0m create_environment_scripts_only(armquadrover)
[139.212s] [34mcolcon.colcon_core.environment[0m [1;30mLevel 1[0m checking '/root/real_ws/install/armquadrover' for CMake module files
[139.220s] [34mcolcon.colcon_core.environment[0m [1;30mLevel 1[0m checking '/root/real_ws/install/armquadrover' for CMake config files
[139.222s] [34mcolcon.colcon_core.shell[0m [1;30mLevel 1[0m create_environment_hook('armquadrover', 'cmake_prefix_path')
[139.225s] [34mcolcon.colcon_core.shell[0m [1;30mINFO[0m Creating environment hook '/root/real_ws/install/armquadrover/share/armquadrover/hook/cmake_prefix_path.ps1'
[139.232s] [34mcolcon.colcon_core.shell[0m [1;30mINFO[0m Creating environment descriptor '/root/real_ws/install/armquadrover/share/armquadrover/hook/cmake_prefix_path.dsv'
[139.235s] [34mcolcon.colcon_core.shell[0m [1;30mINFO[0m Creating environment hook '/root/real_ws/install/armquadrover/share/armquadrover/hook/cmake_prefix_path.sh'
[139.241s] [34mcolcon.colcon_core.environment[0m [1;30mLevel 1[0m checking '/root/real_ws/install/armquadrover/lib'
[139.242s] [34mcolcon.colcon_core.environment[0m [1;30mLevel 1[0m checking '/root/real_ws/install/armquadrover/bin'
[139.243s] [34mcolcon.colcon_core.environment[0m [1;30mLevel 1[0m checking '/root/real_ws/install/armquadrover/lib/pkgconfig/armquadrover.pc'
[139.245s] [34mcolcon.colcon_core.environment[0m [1;30mLevel 1[0m checking '/root/real_ws/install/armquadrover/lib/python3.10/site-packages'
[139.251s] [34mcolcon.colcon_core.environment[0m [1;30mLevel 1[0m checking '/root/real_ws/install/armquadrover/bin'
[139.254s] [34mcolcon.colcon_core.shell[0m [1;30mINFO[0m Creating package script '/root/real_ws/install/armquadrover/share/armquadrover/package.ps1'
[139.262s] [34mcolcon.colcon_core.shell[0m [1;30mINFO[0m Creating package descriptor '/root/real_ws/install/armquadrover/share/armquadrover/package.dsv'
[139.266s] [34mcolcon.colcon_core.shell[0m [1;30mINFO[0m Creating package script '/root/real_ws/install/armquadrover/share/armquadrover/package.sh'
[139.270s] [34mcolcon.colcon_core.shell[0m [1;30mINFO[0m Creating package script '/root/real_ws/install/armquadrover/share/armquadrover/package.bash'
[139.276s] [34mcolcon.colcon_core.shell[0m [1;30mINFO[0m Creating package script '/root/real_ws/install/armquadrover/share/armquadrover/package.zsh'
[139.280s] [34mcolcon.colcon_core.environment[0m [1;30mLevel 1[0m create_file_with_runtime_dependencies(/root/real_ws/install/armquadrover/share/colcon-core/packages/armquadrover)
[139.289s] [34mcolcon.colcon_parallel_executor.executor.parallel[0m [1;30mDEBUG[0m [32mclosing loop[0m
[139.294s] [34mcolcon.colcon_parallel_executor.executor.parallel[0m [1;30mDEBUG[0m [32mloop closed[0m
[139.294s] [34mcolcon.colcon_parallel_executor.executor.parallel[0m [1;30mDEBUG[0m [32mrun_until_complete finished with '0'[0m
[139.295s] [34mcolcon.colcon_core.event_reactor[0m [1;30mDEBUG[0m [32mjoining thread[0m
[139.444s] [34mcolcon.colcon_core.plugin_system[0m [1;30mINFO[0m Skipping extension 'colcon_notification.desktop_notification.notify_send': Could not find 'notify-send'
[139.445s] [34mcolcon.colcon_core.plugin_system[0m [1;30mINFO[0m Skipping extension 'colcon_notification.desktop_notification.terminal_notifier': Not used on non-Darwin systems
[139.446s] [34mcolcon.colcon_core.plugin_system[0m [1;30mINFO[0m Skipping extension 'colcon_notification.desktop_notification.win32': Not used on non-Windows systems
[139.446s] [34mcolcon.colcon_notification.desktop_notification[0m [1;30mINFO[0m Sending desktop notification using 'notify2'
[164.478s] [34mcolcon.colcon_notification.desktop_notification.notify2[0m [1;30mDEBUG[0m [32mFailed to initialize notify2: org.freedesktop.DBus.Error.NoReply: Did not receive a reply. Possible causes include: the remote application did not send a reply, the message bus security policy blocked the reply, the reply timeout expired, or the network connection was broken.[0m
[164.479s] [34mcolcon.colcon_core.event_reactor[0m [1;30mDEBUG[0m [32mjoined thread[0m
[164.482s] [34mcolcon.colcon_core.shell[0m [1;30mINFO[0m Creating prefix script '/root/real_ws/install/local_setup.ps1'
[164.493s] [34mcolcon.colcon_core.shell[0m [1;30mINFO[0m Creating prefix util module '/root/real_ws/install/_local_setup_util_ps1.py'
[164.507s] [34mcolcon.colcon_core.shell[0m [1;30mINFO[0m Creating prefix chain script '/root/real_ws/install/setup.ps1'
[164.530s] [34mcolcon.colcon_core.shell[0m [1;30mINFO[0m Creating prefix script '/root/real_ws/install/local_setup.sh'
[164.538s] [34mcolcon.colcon_core.shell[0m [1;30mINFO[0m Creating prefix util module '/root/real_ws/install/_local_setup_util_sh.py'
[164.544s] [34mcolcon.colcon_core.shell[0m [1;30mINFO[0m Creating prefix chain script '/root/real_ws/install/setup.sh'
[164.562s] [34mcolcon.colcon_core.shell[0m [1;30mINFO[0m Creating prefix script '/root/real_ws/install/local_setup.bash'
[164.569s] [34mcolcon.colcon_core.shell[0m [1;30mINFO[0m Creating prefix chain script '/root/real_ws/install/setup.bash'
[164.588s] [34mcolcon.colcon_core.shell[0m [1;30mINFO[0m Creating prefix script '/root/real_ws/install/local_setup.zsh'
[164.593s] [34mcolcon.colcon_core.shell[0m [1;30mINFO[0m Creating prefix chain script '/root/real_ws/install/setup.zsh'
