[0.150s] Invoking command in '/root/real_ws/build/armquadrover': CMAKE_PREFIX_PATH=${CMAKE_PREFIX_PATH}:/root/urdf_ws/install/doublearm6_description:/opt/ros/humble /usr/local/bin/cmake --build /root/real_ws/build/armquadrover -- -j4 -l4
[1.580s] [ 25%] Built target node_01
[1.844s] [35m[1mConsolidate compiler generated dependencies of target SerialNode[0m
[2.225s] [ 37%] [32mBuilding CXX object CMakeFiles/SerialNode.dir/src/SerialNode.cpp.o[0m
[123.930s] [ 50%] [32m[1mLinking CXX executable SerialNode[0m
[130.791s] [ 62%] Built target SerialNode
[131.315s] [100%] Built target ArmServer
[131.557s] Invoked command in '/root/real_ws/build/armquadrover' returned '0': CMAKE_PREFIX_PATH=${CMAKE_PREFIX_PATH}:/root/urdf_ws/install/doublearm6_description:/opt/ros/humble /usr/local/bin/cmake --build /root/real_ws/build/armquadrover -- -j4 -l4
[132.809s] Invoking command in '/root/real_ws/build/armquadrover': CMAKE_PREFIX_PATH=${CMAKE_PREFIX_PATH}:/root/urdf_ws/install/doublearm6_description:/opt/ros/humble /usr/local/bin/cmake --install /root/real_ws/build/armquadrover
[133.456s] -- Install configuration: ""
[133.457s] -- Up-to-date: /root/real_ws/install/armquadrover/share/ament_index/resource_index/package_run_dependencies/armquadrover
[133.459s] -- Up-to-date: /root/real_ws/install/armquadrover/share/ament_index/resource_index/parent_prefix_path/armquadrover
[133.463s] -- Up-to-date: /root/real_ws/install/armquadrover/share/armquadrover/environment/ament_prefix_path.sh
[133.464s] -- Up-to-date: /root/real_ws/install/armquadrover/share/armquadrover/environment/ament_prefix_path.dsv
[133.465s] -- Up-to-date: /root/real_ws/install/armquadrover/share/armquadrover/environment/path.sh
[133.471s] -- Up-to-date: /root/real_ws/install/armquadrover/share/armquadrover/environment/path.dsv
[133.472s] -- Up-to-date: /root/real_ws/install/armquadrover/share/armquadrover/local_setup.bash
[133.473s] -- Up-to-date: /root/real_ws/install/armquadrover/share/armquadrover/local_setup.sh
[133.473s] -- Up-to-date: /root/real_ws/install/armquadrover/share/armquadrover/local_setup.zsh
[133.474s] -- Up-to-date: /root/real_ws/install/armquadrover/share/armquadrover/local_setup.dsv
[133.479s] -- Installing: /root/real_ws/install/armquadrover/share/armquadrover/package.dsv
[133.479s] -- Up-to-date: /root/real_ws/install/armquadrover/share/ament_index/resource_index/packages/armquadrover
[133.480s] -- Up-to-date: /root/real_ws/install/armquadrover/share/armquadrover/cmake/armquadroverConfig.cmake
[133.481s] -- Up-to-date: /root/real_ws/install/armquadrover/share/armquadrover/cmake/armquadroverConfig-version.cmake
[133.482s] -- Up-to-date: /root/real_ws/install/armquadrover/share/armquadrover/package.xml
[133.488s] -- Up-to-date: /root/real_ws/install/armquadrover/lib/armquadrover/node_01
[133.495s] -- Up-to-date: /root/real_ws/install/armquadrover/lib/armquadrover/ArmServer
[133.496s] -- Installing: /root/real_ws/install/armquadrover/lib/armquadrover/SerialNode
[133.525s] -- Set non-toolchain portion of runtime path of "/root/real_ws/install/armquadrover/lib/armquadrover/SerialNode" to ""
[133.729s] Invoked command in '/root/real_ws/build/armquadrover' returned '0': CMAKE_PREFIX_PATH=${CMAKE_PREFIX_PATH}:/root/urdf_ws/install/doublearm6_description:/opt/ros/humble /usr/local/bin/cmake --install /root/real_ws/build/armquadrover
