[0.202s] Invoking command in '/root/real_ws/build/armquadrover': CMAKE_PREFIX_PATH=${CMAKE_PREFIX_PATH}:/root/urdf_ws/install/doublearm6_description:/opt/ros/humble /usr/local/bin/cmake --build /root/real_ws/build/armquadrover -- -j4 -l4
[1.945s] [ 25%] Built target node_01
[2.099s] [35m[1mConsolidate compiler generated dependencies of target SerialNode[0m
[2.331s] [ 37%] [32mBuilding CXX object CMakeFiles/SerialNode.dir/src/SerialNode.cpp.o[0m
[37.311s] [01m[K/root/real_ws/src/armquadrover_gnb/armquadrover/src/SerialNode.cpp:92:51:[m[K [01;31m[Kerror: [m[K‘[01m[KBool[m[K’ in namespace ‘[01m[Kstd_msgs::msg[m[K’ does not name a type
[37.321s]    92 |     void leftSuccessCallback(const std_msgs::msg::[01;31m[KBool[m[K::SharedPtr msg) {
[37.322s]       |                                                   [01;31m[K^~~~[m[K
[37.332s] [01m[K/root/real_ws/src/armquadrover_gnb/armquadrover/src/SerialNode.cpp:92:67:[m[K [01;31m[Kerror: [m[Kexpected unqualified-id before ‘[01m[Kmsg[m[K’
[37.347s]    92 |     void leftSuccessCallback(const std_msgs::msg::Bool::SharedPtr [01;31m[Kmsg[m[K) {
[37.348s]       |                                                                   [01;31m[K^~~[m[K
[37.353s] [01m[K/root/real_ws/src/armquadrover_gnb/armquadrover/src/SerialNode.cpp:92:66:[m[K [01;31m[Kerror: [m[Kexpected ‘[01m[K)[m[K’ before ‘[01m[Kmsg[m[K’
[37.355s]    92 |     void leftSuccessCallback[34m[K([m[Kconst std_msgs::msg::Bool::SharedPtr[01;31m[K [m[K[32m[Kmsg[m[K) {
[37.356s]       |                             [34m[K~[m[K                                    [01;31m[K^[m[K[32m[K~~~[m[K
[37.374s]       |                                                                  [32m[K)[m[K
[37.375s] [01m[K/root/real_ws/src/armquadrover_gnb/armquadrover/src/SerialNode.cpp:92:57:[m[K [01;31m[Kerror: [m[Kexpected ‘[01m[K;[m[K’ at end of member declaration
[37.390s]    92 |     void leftSuccessCallback(const std_msgs::msg::Bool::[01;31m[KSharedPtr[m[K msg) {
[37.391s]       |                                                         [01;31m[K^~~~~~~~~[m[K
[37.392s]       |                                                                  [32m[K;[m[K
[37.392s] [01m[K/root/real_ws/src/armquadrover_gnb/armquadrover/src/SerialNode.cpp:92:67:[m[K [01;31m[Kerror: [m[K‘[01m[Kmsg[m[K’ does not name a type
[37.406s]    92 |     void leftSuccessCallback(const std_msgs::msg::Bool::SharedPtr [01;31m[Kmsg[m[K) {
[37.407s]       |                                                                   [01;31m[K^~~[m[K
[37.408s] [01m[K/root/real_ws/src/armquadrover_gnb/armquadrover/src/SerialNode.cpp:96:52:[m[K [01;31m[Kerror: [m[K‘[01m[KBool[m[K’ in namespace ‘[01m[Kstd_msgs::msg[m[K’ does not name a type
[37.408s]    96 |     void rightSuccessCallback(const std_msgs::msg::[01;31m[KBool[m[K::SharedPtr msg) {
[37.426s]       |                                                    [01;31m[K^~~~[m[K
[37.426s] [01m[K/root/real_ws/src/armquadrover_gnb/armquadrover/src/SerialNode.cpp:96:68:[m[K [01;31m[Kerror: [m[Kexpected unqualified-id before ‘[01m[Kmsg[m[K’
[37.427s]    96 |     void rightSuccessCallback(const std_msgs::msg::Bool::SharedPtr [01;31m[Kmsg[m[K) {
[37.428s]       |                                                                    [01;31m[K^~~[m[K
[37.445s] [01m[K/root/real_ws/src/armquadrover_gnb/armquadrover/src/SerialNode.cpp:96:67:[m[K [01;31m[Kerror: [m[Kexpected ‘[01m[K)[m[K’ before ‘[01m[Kmsg[m[K’
[37.446s]    96 |     void rightSuccessCallback[34m[K([m[Kconst std_msgs::msg::Bool::SharedPtr[01;31m[K [m[K[32m[Kmsg[m[K) {
[37.447s]       |                              [34m[K~[m[K                                    [01;31m[K^[m[K[32m[K~~~[m[K
[37.448s]       |                                                                   [32m[K)[m[K
[37.464s] [01m[K/root/real_ws/src/armquadrover_gnb/armquadrover/src/SerialNode.cpp:96:58:[m[K [01;31m[Kerror: [m[Kexpected ‘[01m[K;[m[K’ at end of member declaration
[37.464s]    96 |     void rightSuccessCallback(const std_msgs::msg::Bool::[01;31m[KSharedPtr[m[K msg) {
[37.465s]       |                                                          [01;31m[K^~~~~~~~~[m[K
[37.466s]       |                                                                   [32m[K;[m[K
[37.467s] [01m[K/root/real_ws/src/armquadrover_gnb/armquadrover/src/SerialNode.cpp:96:68:[m[K [01;31m[Kerror: [m[K‘[01m[Kmsg[m[K’ does not name a type
[37.468s]    96 |     void rightSuccessCallback(const std_msgs::msg::Bool::SharedPtr [01;31m[Kmsg[m[K) {
[37.481s]       |                                                                    [01;31m[K^~~[m[K
[38.130s] [01m[K/root/real_ws/src/armquadrover_gnb/armquadrover/src/SerialNode.cpp:[m[K In constructor ‘[01m[KSerialNode::SerialNode()[m[K’:
[38.131s] [01m[K/root/real_ws/src/armquadrover_gnb/armquadrover/src/SerialNode.cpp:39:9:[m[K [01;31m[Kerror: [m[K‘[01m[Ksuccess_left_subscription_[m[K’ was not declared in this scope
[38.141s]    39 |         [01;31m[Ksuccess_left_subscription_[m[K = this->create_subscription<std_msgs::msg::Bool>("/moveit_success_left", 10, std::bind(&SerialNode::leftSuccessCallback, this, std::placeholders::_1));
[38.142s]       |         [01;31m[K^~~~~~~~~~~~~~~~~~~~~~~~~~[m[K
[38.143s] [01m[K/root/real_ws/src/armquadrover_gnb/armquadrover/src/SerialNode.cpp:39:79:[m[K [01;31m[Kerror: [m[K‘[01m[KBool[m[K’ is not a member of ‘[01m[Kstd_msgs::msg[m[K’
[38.144s]    39 |         success_left_subscription_ = this->create_subscription<std_msgs::msg::[01;31m[KBool[m[K>("/moveit_success_left", 10, std::bind(&SerialNode::leftSuccessCallback, this, std::placeholders::_1));
[38.163s]       |                                                                               [01;31m[K^~~~[m[K
[38.164s] [01m[K/root/real_ws/src/armquadrover_gnb/armquadrover/src/SerialNode.cpp:39:84:[m[K [01;31m[Kerror: [m[Kno matching function for call to ‘[01m[KSerialNode::create_subscription<<expression error> >(const char [21], int, std::_Bind_helper<false, void (SerialNode::*)(...), SerialNode*, const std::_Placeholder<1>&>::type)[m[K’
[38.164s]    39 |         success_left_subscription_ = [01;31m[Kthis->create_subscription<std_msgs::msg::Bool>("/moveit_success_left", 10, std::bind(&SerialNode::leftSuccessCallback, this, std::placeholders::_1))[m[K;
[38.182s]       |                                      [01;31m[K~~~~~~~~~~~~~~~~~~~~~~~~~~~~~~~~~~~~~~~~~~~~~~^~~~~~~~~~~~~~~~~~~~~~~~~~~~~~~~~~~~~~~~~~~~~~~~~~~~~~~~~~~~~~~~~~~~~~~~~~~~~~~~~~~~~~~~~~~~~~~~~~~~~~[m[K
[38.189s] In file included from [01m[K/opt/ros/humble/include/rclcpp/rclcpp/node.hpp:1321[m[K,
[38.202s]                  from [01m[K/opt/ros/humble/include/rclcpp/rclcpp/executors/single_threaded_executor.hpp:28[m[K,
[38.203s]                  from [01m[K/opt/ros/humble/include/rclcpp/rclcpp/executors.hpp:22[m[K,
[38.215s]                  from [01m[K/opt/ros/humble/include/rclcpp/rclcpp/rclcpp.hpp:155[m[K,
[38.223s]                  from [01m[K/root/real_ws/src/armquadrover_gnb/armquadrover/src/SerialNode.cpp:1[m[K:
[38.232s] [01m[K/opt/ros/humble/include/rclcpp/rclcpp/node_impl.hpp:92:1:[m[K [01;36m[Knote: [m[Kcandidate: ‘[01m[Ktemplate<class MessageT, class CallbackT, class AllocatorT, class SubscriptionT, class MessageMemoryStrategyT> std::shared_ptr<ROSMessageT> rclcpp::Node::create_subscription(const string&, const rclcpp::QoS&, CallbackT&&, const rclcpp::SubscriptionOptionsWithAllocator<AllocatorT>&, typename MessageMemoryStrategyT::SharedPtr)[m[K’
[38.239s]    92 | [01;36m[KNode[m[K::create_subscription(
[38.247s]       | [01;36m[K^~~~[m[K
[38.255s] [01m[K/opt/ros/humble/include/rclcpp/rclcpp/node_impl.hpp:92:1:[m[K [01;36m[Knote: [m[K  template argument deduction/substitution failed:
[38.264s] [01m[K/root/real_ws/src/armquadrover_gnb/armquadrover/src/SerialNode.cpp:39:84:[m[K [01;31m[Kerror: [m[Ktemplate argument 1 is invalid
[38.276s]    39 |         success_left_subscription_ = [01;31m[Kthis->create_subscription<std_msgs::msg::Bool>("/moveit_success_left", 10, std::bind(&SerialNode::leftSuccessCallback, this, std::placeholders::_1))[m[K;
[38.284s]       |                                      [01;31m[K~~~~~~~~~~~~~~~~~~~~~~~~~~~~~~~~~~~~~~~~~~~~~~^~~~~~~~~~~~~~~~~~~~~~~~~~~~~~~~~~~~~~~~~~~~~~~~~~~~~~~~~~~~~~~~~~~~~~~~~~~~~~~~~~~~~~~~~~~~~~~~~~~~~~[m[K
[38.329s] [01m[K/root/real_ws/src/armquadrover_gnb/armquadrover/src/SerialNode.cpp:41:9:[m[K [01;31m[Kerror: [m[K‘[01m[Ksuccess_right_subscription_[m[K’ was not declared in this scope
[38.330s]    41 |         [01;31m[Ksuccess_right_subscription_[m[K = this->create_subscription<std_msgs::msg::Bool>("/moveit_success_right", 10, std::bind(&SerialNode::rightSuccessCallback, this, std::placeholders::_1));
[38.339s]       |         [01;31m[K^~~~~~~~~~~~~~~~~~~~~~~~~~~[m[K
[38.340s] [01m[K/root/real_ws/src/armquadrover_gnb/armquadrover/src/SerialNode.cpp:41:80:[m[K [01;31m[Kerror: [m[K‘[01m[KBool[m[K’ is not a member of ‘[01m[Kstd_msgs::msg[m[K’
[38.342s]    41 |         success_right_subscription_ = this->create_subscription<std_msgs::msg::[01;31m[KBool[m[K>("/moveit_success_right", 10, std::bind(&SerialNode::rightSuccessCallback, this, std::placeholders::_1));
[38.343s]       |                                                                                [01;31m[K^~~~[m[K
[38.362s] [01m[K/root/real_ws/src/armquadrover_gnb/armquadrover/src/SerialNode.cpp:41:85:[m[K [01;31m[Kerror: [m[Kno matching function for call to ‘[01m[KSerialNode::create_subscription<<expression error> >(const char [22], int, std::_Bind_helper<false, void (SerialNode::*)(...), SerialNode*, const std::_Placeholder<1>&>::type)[m[K’
[38.363s]    41 |         success_right_subscription_ = [01;31m[Kthis->create_subscription<std_msgs::msg::Bool>("/moveit_success_right", 10, std::bind(&SerialNode::rightSuccessCallback, this, std::placeholders::_1))[m[K;
[38.364s]       |                                       [01;31m[K~~~~~~~~~~~~~~~~~~~~~~~~~~~~~~~~~~~~~~~~~~~~~~^~~~~~~~~~~~~~~~~~~~~~~~~~~~~~~~~~~~~~~~~~~~~~~~~~~~~~~~~~~~~~~~~~~~~~~~~~~~~~~~~~~~~~~~~~~~~~~~~~~~~~~~[m[K
[38.375s] In file included from [01m[K/opt/ros/humble/include/rclcpp/rclcpp/node.hpp:1321[m[K,
[38.386s]                  from [01m[K/opt/ros/humble/include/rclcpp/rclcpp/executors/single_threaded_executor.hpp:28[m[K,
[38.396s]                  from [01m[K/opt/ros/humble/include/rclcpp/rclcpp/executors.hpp:22[m[K,
[38.404s]                  from [01m[K/opt/ros/humble/include/rclcpp/rclcpp/rclcpp.hpp:155[m[K,
[38.415s]                  from [01m[K/root/real_ws/src/armquadrover_gnb/armquadrover/src/SerialNode.cpp:1[m[K:
[38.423s] [01m[K/opt/ros/humble/include/rclcpp/rclcpp/node_impl.hpp:92:1:[m[K [01;36m[Knote: [m[Kcandidate: ‘[01m[Ktemplate<class MessageT, class CallbackT, class AllocatorT, class SubscriptionT, class MessageMemoryStrategyT> std::shared_ptr<ROSMessageT> rclcpp::Node::create_subscription(const string&, const rclcpp::QoS&, CallbackT&&, const rclcpp::SubscriptionOptionsWithAllocator<AllocatorT>&, typename MessageMemoryStrategyT::SharedPtr)[m[K’
[38.431s]    92 | [01;36m[KNode[m[K::create_subscription(
[38.437s]       | [01;36m[K^~~~[m[K
[38.447s] [01m[K/opt/ros/humble/include/rclcpp/rclcpp/node_impl.hpp:92:1:[m[K [01;36m[Knote: [m[K  template argument deduction/substitution failed:
[38.456s] [01m[K/root/real_ws/src/armquadrover_gnb/armquadrover/src/SerialNode.cpp:41:85:[m[K [01;31m[Kerror: [m[Ktemplate argument 1 is invalid
[38.465s]    41 |         success_right_subscription_ = [01;31m[Kthis->create_subscription<std_msgs::msg::Bool>("/moveit_success_right", 10, std::bind(&SerialNode::rightSuccessCallback, this, std::placeholders::_1))[m[K;
[38.474s]       |                                       [01;31m[K~~~~~~~~~~~~~~~~~~~~~~~~~~~~~~~~~~~~~~~~~~~~~~^~~~~~~~~~~~~~~~~~~~~~~~~~~~~~~~~~~~~~~~~~~~~~~~~~~~~~~~~~~~~~~~~~~~~~~~~~~~~~~~~~~~~~~~~~~~~~~~~~~~~~~~[m[K
[64.316s] gmake[2]: *** [CMakeFiles/SerialNode.dir/build.make:76: CMakeFiles/SerialNode.dir/src/SerialNode.cpp.o] Error 1
[64.321s] gmake[1]: *** [CMakeFiles/Makefile2:193: CMakeFiles/SerialNode.dir/all] Error 2
[64.322s] gmake: *** [Makefile:146: all] Error 2
[64.501s] Invoked command in '/root/real_ws/build/armquadrover' returned '2': CMAKE_PREFIX_PATH=${CMAKE_PREFIX_PATH}:/root/urdf_ws/install/doublearm6_description:/opt/ros/humble /usr/local/bin/cmake --build /root/real_ws/build/armquadrover -- -j4 -l4
