[0.118s] Invoking command in '/root/real_ws/build/armquadrover': CMAKE_PREFIX_PATH=${CMAKE_PREFIX_PATH}:/root/urdf_ws/install/doublearm6_description:/opt/ros/humble /usr/local/bin/cmake --build /root/real_ws/build/armquadrover -- -j4 -l4
[1.096s] [ 25%] Built target node_01
[1.120s] [35m[1mConsolidate compiler generated dependencies of target SerialNode[0m
[1.365s] [ 62%] Built target ArmServer
[1.407s] [ 75%] [32mBuilding CXX object CMakeFiles/SerialNode.dir/src/SerialNode.cpp.o[0m
[93.107s] [ 87%] [32m[1mLinking CXX executable SerialNode[0m
[98.634s] [100%] Built target SerialNode
[98.799s] Invoked command in '/root/real_ws/build/armquadrover' returned '0': CMAKE_PREFIX_PATH=${CMAKE_PREFIX_PATH}:/root/urdf_ws/install/doublearm6_description:/opt/ros/humble /usr/local/bin/cmake --build /root/real_ws/build/armquadrover -- -j4 -l4
[99.500s] Invoking command in '/root/real_ws/build/armquadrover': CMAKE_PREFIX_PATH=${CMAKE_PREFIX_PATH}:/root/urdf_ws/install/doublearm6_description:/opt/ros/humble /usr/local/bin/cmake --install /root/real_ws/build/armquadrover
[100.000s] -- Install configuration: ""
[100.001s] -- Up-to-date: /root/real_ws/install/armquadrover/share/ament_index/resource_index/package_run_dependencies/armquadrover
[100.003s] -- Up-to-date: /root/real_ws/install/armquadrover/share/ament_index/resource_index/parent_prefix_path/armquadrover
[100.005s] -- Up-to-date: /root/real_ws/install/armquadrover/share/armquadrover/environment/ament_prefix_path.sh
[100.005s] -- Up-to-date: /root/real_ws/install/armquadrover/share/armquadrover/environment/ament_prefix_path.dsv
[100.006s] -- Up-to-date: /root/real_ws/install/armquadrover/share/armquadrover/environment/path.sh
[100.006s] -- Up-to-date: /root/real_ws/install/armquadrover/share/armquadrover/environment/path.dsv
[100.007s] -- Up-to-date: /root/real_ws/install/armquadrover/share/armquadrover/local_setup.bash
[100.008s] -- Up-to-date: /root/real_ws/install/armquadrover/share/armquadrover/local_setup.sh
[100.008s] -- Up-to-date: /root/real_ws/install/armquadrover/share/armquadrover/local_setup.zsh
[100.009s] -- Up-to-date: /root/real_ws/install/armquadrover/share/armquadrover/local_setup.dsv
[100.010s] -- Installing: /root/real_ws/install/armquadrover/share/armquadrover/package.dsv
[100.010s] -- Up-to-date: /root/real_ws/install/armquadrover/share/ament_index/resource_index/packages/armquadrover
[100.011s] -- Up-to-date: /root/real_ws/install/armquadrover/share/armquadrover/cmake/armquadroverConfig.cmake
[100.012s] -- Up-to-date: /root/real_ws/install/armquadrover/share/armquadrover/cmake/armquadroverConfig-version.cmake
[100.012s] -- Up-to-date: /root/real_ws/install/armquadrover/share/armquadrover/package.xml
[100.013s] -- Up-to-date: /root/real_ws/install/armquadrover/lib/armquadrover/node_01
[100.016s] -- Up-to-date: /root/real_ws/install/armquadrover/lib/armquadrover/ArmServer
[100.017s] -- Installing: /root/real_ws/install/armquadrover/lib/armquadrover/SerialNode
[100.043s] -- Set non-toolchain portion of runtime path of "/root/real_ws/install/armquadrover/lib/armquadrover/SerialNode" to ""
[100.186s] Invoked command in '/root/real_ws/build/armquadrover' returned '0': CMAKE_PREFIX_PATH=${CMAKE_PREFIX_PATH}:/root/urdf_ws/install/doublearm6_description:/opt/ros/humble /usr/local/bin/cmake --install /root/real_ws/build/armquadrover
