[0.158s] Invoking command in '/root/real_ws/build/armquadrover_msgs': CMAKE_PREFIX_PATH=${CMAKE_PREFIX_PATH}:/root/urdf_ws/install/doublearm6_description:/opt/ros/humble /usr/local/bin/cmake --build /root/real_ws/build/armquadrover_msgs -- -j4 -l4
[1.716s] [  2%] Built target armquadrover_msgs__cpp
[2.038s] [  2%] Built target ament_cmake_python_copy_armquadrover_msgs
[2.249s] [ 12%] Built target armquadrover_msgs__rosidl_typesupport_fastrtps_cpp
[2.458s] [ 23%] Built target armquadrover_msgs__rosidl_typesupport_introspection_cpp
[5.819s] running egg_info
[5.836s] writing armquadrover_msgs.egg-info/PKG-INFO
[5.840s] writing dependency_links to armquadrover_msgs.egg-info/dependency_links.txt
[5.851s] writing top-level names to armquadrover_msgs.egg-info/top_level.txt
[5.891s] reading manifest file 'armquadrover_msgs.egg-info/SOURCES.txt'
[5.908s] writing manifest file 'armquadrover_msgs.egg-info/SOURCES.txt'
[6.208s] [ 23%] Built target ament_cmake_python_build_armquadrover_msgs_egg
[6.430s] [ 33%] Built target armquadrover_msgs__rosidl_typesupport_cpp
[6.614s] [ 43%] Built target armquadrover_msgs__rosidl_generator_c
[6.798s] [ 53%] Built target armquadrover_msgs__rosidl_typesupport_fastrtps_c
[6.942s] [ 64%] Built target armquadrover_msgs__rosidl_typesupport_c
[7.072s] [ 74%] Built target armquadrover_msgs__rosidl_typesupport_introspection_c
[7.173s] [ 74%] Built target armquadrover_msgs
[7.288s] [ 76%] Built target armquadrover_msgs__py
[7.445s] [ 84%] Built target armquadrover_msgs__rosidl_generator_py
[7.580s] [ 89%] Built target armquadrover_msgs__rosidl_typesupport_fastrtps_c__pyext
[7.746s] [ 94%] Built target armquadrover_msgs__rosidl_typesupport_c__pyext
[7.972s] [100%] Built target armquadrover_msgs__rosidl_typesupport_introspection_c__pyext
[8.350s] Invoked command in '/root/real_ws/build/armquadrover_msgs' returned '0': CMAKE_PREFIX_PATH=${CMAKE_PREFIX_PATH}:/root/urdf_ws/install/doublearm6_description:/opt/ros/humble /usr/local/bin/cmake --build /root/real_ws/build/armquadrover_msgs -- -j4 -l4
[11.267s] Invoking command in '/root/real_ws/build/armquadrover_msgs': CMAKE_PREFIX_PATH=${CMAKE_PREFIX_PATH}:/root/urdf_ws/install/doublearm6_description:/opt/ros/humble /usr/local/bin/cmake --install /root/real_ws/build/armquadrover_msgs
[12.199s] -- Install configuration: ""
[12.200s] -- Up-to-date: /root/real_ws/install/armquadrover_msgs/share/ament_index/resource_index/rosidl_interfaces/armquadrover_msgs
[12.201s] -- Up-to-date: /root/real_ws/install/armquadrover_msgs/include/armquadrover_msgs/armquadrover_msgs
[12.207s] -- Up-to-date: /root/real_ws/install/armquadrover_msgs/include/armquadrover_msgs/armquadrover_msgs/msg
[12.211s] -- Up-to-date: /root/real_ws/install/armquadrover_msgs/include/armquadrover_msgs/armquadrover_msgs/msg/ddsm115.h
[12.212s] -- Up-to-date: /root/real_ws/install/armquadrover_msgs/include/armquadrover_msgs/armquadrover_msgs/msg/detail
[12.224s] -- Up-to-date: /root/real_ws/install/armquadrover_msgs/include/armquadrover_msgs/armquadrover_msgs/msg/detail/ddsm115_servo__functions.c
[12.225s] -- Up-to-date: /root/real_ws/install/armquadrover_msgs/include/armquadrover_msgs/armquadrover_msgs/msg/detail/ddsm115_servo__struct.h
[12.236s] -- Up-to-date: /root/real_ws/install/armquadrover_msgs/include/armquadrover_msgs/armquadrover_msgs/msg/detail/ddsm115__functions.c
[12.242s] -- Up-to-date: /root/real_ws/install/armquadrover_msgs/include/armquadrover_msgs/armquadrover_msgs/msg/detail/ddsm115_servo__functions.h
[12.244s] -- Up-to-date: /root/real_ws/install/armquadrover_msgs/include/armquadrover_msgs/armquadrover_msgs/msg/detail/ddsm115_servo__type_support.h
[12.254s] -- Up-to-date: /root/real_ws/install/armquadrover_msgs/include/armquadrover_msgs/armquadrover_msgs/msg/detail/ddsm115__struct.h
[12.258s] -- Up-to-date: /root/real_ws/install/armquadrover_msgs/include/armquadrover_msgs/armquadrover_msgs/msg/detail/ddsm115__functions.h
[12.274s] -- Up-to-date: /root/real_ws/install/armquadrover_msgs/include/armquadrover_msgs/armquadrover_msgs/msg/detail/ddsm115__type_support.h
[12.275s] -- Up-to-date: /root/real_ws/install/armquadrover_msgs/include/armquadrover_msgs/armquadrover_msgs/msg/ddsm115_servo.h
[12.277s] -- Up-to-date: /root/real_ws/install/armquadrover_msgs/include/armquadrover_msgs/armquadrover_msgs/msg/rosidl_generator_c__visibility_control.h
[12.296s] -- Up-to-date: /root/real_ws/install/armquadrover_msgs/share/armquadrover_msgs/environment/library_path.sh
[12.300s] -- Up-to-date: /root/real_ws/install/armquadrover_msgs/share/armquadrover_msgs/environment/library_path.dsv
[12.305s] -- Up-to-date: /root/real_ws/install/armquadrover_msgs/lib/libarmquadrover_msgs__rosidl_generator_c.so
[12.312s] -- Up-to-date: /root/real_ws/install/armquadrover_msgs/include/armquadrover_msgs/armquadrover_msgs
[12.327s] -- Up-to-date: /root/real_ws/install/armquadrover_msgs/include/armquadrover_msgs/armquadrover_msgs/msg
[12.328s] -- Up-to-date: /root/real_ws/install/armquadrover_msgs/include/armquadrover_msgs/armquadrover_msgs/msg/detail
[12.329s] -- Up-to-date: /root/real_ws/install/armquadrover_msgs/include/armquadrover_msgs/armquadrover_msgs/msg/detail/ddsm115_servo__rosidl_typesupport_fastrtps_c.h
[12.346s] -- Up-to-date: /root/real_ws/install/armquadrover_msgs/include/armquadrover_msgs/armquadrover_msgs/msg/detail/ddsm115__rosidl_typesupport_fastrtps_c.h
[12.347s] -- Up-to-date: /root/real_ws/install/armquadrover_msgs/include/armquadrover_msgs/armquadrover_msgs/msg/rosidl_typesupport_fastrtps_c__visibility_control.h
[12.348s] -- Up-to-date: /root/real_ws/install/armquadrover_msgs/lib/libarmquadrover_msgs__rosidl_typesupport_fastrtps_c.so
[12.349s] -- Up-to-date: /root/real_ws/install/armquadrover_msgs/include/armquadrover_msgs/armquadrover_msgs
[12.349s] -- Up-to-date: /root/real_ws/install/armquadrover_msgs/include/armquadrover_msgs/armquadrover_msgs/msg
[12.365s] -- Up-to-date: /root/real_ws/install/armquadrover_msgs/include/armquadrover_msgs/armquadrover_msgs/msg/rosidl_typesupport_introspection_c__visibility_control.h
[12.370s] -- Up-to-date: /root/real_ws/install/armquadrover_msgs/include/armquadrover_msgs/armquadrover_msgs/msg/detail
[12.371s] -- Up-to-date: /root/real_ws/install/armquadrover_msgs/include/armquadrover_msgs/armquadrover_msgs/msg/detail/ddsm115_servo__type_support.c
[12.381s] -- Up-to-date: /root/real_ws/install/armquadrover_msgs/include/armquadrover_msgs/armquadrover_msgs/msg/detail/ddsm115_servo__rosidl_typesupport_introspection_c.h
[12.381s] -- Up-to-date: /root/real_ws/install/armquadrover_msgs/include/armquadrover_msgs/armquadrover_msgs/msg/detail/ddsm115__type_support.c
[12.383s] -- Up-to-date: /root/real_ws/install/armquadrover_msgs/include/armquadrover_msgs/armquadrover_msgs/msg/detail/ddsm115__rosidl_typesupport_introspection_c.h
[12.384s] -- Up-to-date: /root/real_ws/install/armquadrover_msgs/lib/libarmquadrover_msgs__rosidl_typesupport_introspection_c.so
[12.385s] -- Up-to-date: /root/real_ws/install/armquadrover_msgs/lib/libarmquadrover_msgs__rosidl_typesupport_c.so
[12.398s] -- Up-to-date: /root/real_ws/install/armquadrover_msgs/include/armquadrover_msgs/armquadrover_msgs
[12.399s] -- Up-to-date: /root/real_ws/install/armquadrover_msgs/include/armquadrover_msgs/armquadrover_msgs/msg
[12.410s] -- Up-to-date: /root/real_ws/install/armquadrover_msgs/include/armquadrover_msgs/armquadrover_msgs/msg/ddsm115_servo.hpp
[12.411s] -- Up-to-date: /root/real_ws/install/armquadrover_msgs/include/armquadrover_msgs/armquadrover_msgs/msg/detail
[12.411s] -- Up-to-date: /root/real_ws/install/armquadrover_msgs/include/armquadrover_msgs/armquadrover_msgs/msg/detail/ddsm115__traits.hpp
[12.414s] -- Up-to-date: /root/real_ws/install/armquadrover_msgs/include/armquadrover_msgs/armquadrover_msgs/msg/detail/ddsm115_servo__builder.hpp
[12.421s] -- Up-to-date: /root/real_ws/install/armquadrover_msgs/include/armquadrover_msgs/armquadrover_msgs/msg/detail/ddsm115__builder.hpp
[12.431s] -- Up-to-date: /root/real_ws/install/armquadrover_msgs/include/armquadrover_msgs/armquadrover_msgs/msg/detail/ddsm115_servo__traits.hpp
[12.432s] -- Up-to-date: /root/real_ws/install/armquadrover_msgs/include/armquadrover_msgs/armquadrover_msgs/msg/detail/ddsm115__struct.hpp
[12.438s] -- Up-to-date: /root/real_ws/install/armquadrover_msgs/include/armquadrover_msgs/armquadrover_msgs/msg/detail/ddsm115_servo__struct.hpp
[12.439s] -- Up-to-date: /root/real_ws/install/armquadrover_msgs/include/armquadrover_msgs/armquadrover_msgs/msg/ddsm115.hpp
[12.440s] -- Up-to-date: /root/real_ws/install/armquadrover_msgs/include/armquadrover_msgs/armquadrover_msgs
[12.440s] -- Up-to-date: /root/real_ws/install/armquadrover_msgs/include/armquadrover_msgs/armquadrover_msgs/msg
[12.441s] -- Up-to-date: /root/real_ws/install/armquadrover_msgs/include/armquadrover_msgs/armquadrover_msgs/msg/rosidl_typesupport_fastrtps_cpp__visibility_control.h
[12.449s] -- Up-to-date: /root/real_ws/install/armquadrover_msgs/include/armquadrover_msgs/armquadrover_msgs/msg/detail
[12.452s] -- Up-to-date: /root/real_ws/install/armquadrover_msgs/include/armquadrover_msgs/armquadrover_msgs/msg/detail/dds_fastrtps
[12.458s] -- Up-to-date: /root/real_ws/install/armquadrover_msgs/include/armquadrover_msgs/armquadrover_msgs/msg/detail/ddsm115_servo__rosidl_typesupport_fastrtps_cpp.hpp
[12.460s] -- Up-to-date: /root/real_ws/install/armquadrover_msgs/include/armquadrover_msgs/armquadrover_msgs/msg/detail/ddsm115__rosidl_typesupport_fastrtps_cpp.hpp
[12.461s] -- Up-to-date: /root/real_ws/install/armquadrover_msgs/lib/libarmquadrover_msgs__rosidl_typesupport_fastrtps_cpp.so
[12.467s] -- Up-to-date: /root/real_ws/install/armquadrover_msgs/include/armquadrover_msgs/armquadrover_msgs
[12.472s] -- Up-to-date: /root/real_ws/install/armquadrover_msgs/include/armquadrover_msgs/armquadrover_msgs/msg
[12.475s] -- Up-to-date: /root/real_ws/install/armquadrover_msgs/include/armquadrover_msgs/armquadrover_msgs/msg/detail
[12.479s] -- Up-to-date: /root/real_ws/install/armquadrover_msgs/include/armquadrover_msgs/armquadrover_msgs/msg/detail/ddsm115__type_support.cpp
[12.484s] -- Up-to-date: /root/real_ws/install/armquadrover_msgs/include/armquadrover_msgs/armquadrover_msgs/msg/detail/ddsm115_servo__rosidl_typesupport_introspection_cpp.hpp
[12.487s] -- Up-to-date: /root/real_ws/install/armquadrover_msgs/include/armquadrover_msgs/armquadrover_msgs/msg/detail/ddsm115_servo__type_support.cpp
[12.492s] -- Up-to-date: /root/real_ws/install/armquadrover_msgs/include/armquadrover_msgs/armquadrover_msgs/msg/detail/ddsm115__rosidl_typesupport_introspection_cpp.hpp
[12.497s] -- Up-to-date: /root/real_ws/install/armquadrover_msgs/lib/libarmquadrover_msgs__rosidl_typesupport_introspection_cpp.so
[12.500s] -- Up-to-date: /root/real_ws/install/armquadrover_msgs/lib/libarmquadrover_msgs__rosidl_typesupport_cpp.so
[12.503s] -- Up-to-date: /root/real_ws/install/armquadrover_msgs/share/armquadrover_msgs/environment/pythonpath.sh
[12.507s] -- Up-to-date: /root/real_ws/install/armquadrover_msgs/share/armquadrover_msgs/environment/pythonpath.dsv
[12.510s] -- Up-to-date: /root/real_ws/install/armquadrover_msgs/local/lib/python3.10/dist-packages/armquadrover_msgs-0.0.0-py3.10.egg-info
[12.517s] -- Installing: /root/real_ws/install/armquadrover_msgs/local/lib/python3.10/dist-packages/armquadrover_msgs-0.0.0-py3.10.egg-info/SOURCES.txt
[12.521s] -- Installing: /root/real_ws/install/armquadrover_msgs/local/lib/python3.10/dist-packages/armquadrover_msgs-0.0.0-py3.10.egg-info/PKG-INFO
[12.526s] -- Installing: /root/real_ws/install/armquadrover_msgs/local/lib/python3.10/dist-packages/armquadrover_msgs-0.0.0-py3.10.egg-info/dependency_links.txt
[12.531s] -- Installing: /root/real_ws/install/armquadrover_msgs/local/lib/python3.10/dist-packages/armquadrover_msgs-0.0.0-py3.10.egg-info/top_level.txt
[12.536s] -- Up-to-date: /root/real_ws/install/armquadrover_msgs/local/lib/python3.10/dist-packages/armquadrover_msgs
[12.539s] -- Up-to-date: /root/real_ws/install/armquadrover_msgs/local/lib/python3.10/dist-packages/armquadrover_msgs/msg
[12.544s] -- Up-to-date: /root/real_ws/install/armquadrover_msgs/local/lib/python3.10/dist-packages/armquadrover_msgs/msg/_ddsm115_servo_s.c
[12.550s] -- Up-to-date: /root/real_ws/install/armquadrover_msgs/local/lib/python3.10/dist-packages/armquadrover_msgs/msg/_ddsm115_servo.py
[12.552s] -- Up-to-date: /root/real_ws/install/armquadrover_msgs/local/lib/python3.10/dist-packages/armquadrover_msgs/msg/_ddsm115_s.c
[12.558s] -- Up-to-date: /root/real_ws/install/armquadrover_msgs/local/lib/python3.10/dist-packages/armquadrover_msgs/msg/__init__.py
[12.559s] -- Up-to-date: /root/real_ws/install/armquadrover_msgs/local/lib/python3.10/dist-packages/armquadrover_msgs/msg/_ddsm115.py
[12.560s] -- Up-to-date: /root/real_ws/install/armquadrover_msgs/local/lib/python3.10/dist-packages/armquadrover_msgs/_armquadrover_msgs_s.ep.rosidl_typesupport_introspection_c.c
[12.561s] -- Up-to-date: /root/real_ws/install/armquadrover_msgs/local/lib/python3.10/dist-packages/armquadrover_msgs/libarmquadrover_msgs__rosidl_generator_py.so
[12.572s] -- Up-to-date: /root/real_ws/install/armquadrover_msgs/local/lib/python3.10/dist-packages/armquadrover_msgs/_armquadrover_msgs_s.ep.rosidl_typesupport_fastrtps_c.c
[12.573s] -- Up-to-date: /root/real_ws/install/armquadrover_msgs/local/lib/python3.10/dist-packages/armquadrover_msgs/armquadrover_msgs_s__rosidl_typesupport_c.cpython-310-aarch64-linux-gnu.so
[12.578s] -- Up-to-date: /root/real_ws/install/armquadrover_msgs/local/lib/python3.10/dist-packages/armquadrover_msgs/armquadrover_msgs_s__rosidl_typesupport_introspection_c.cpython-310-aarch64-linux-gnu.so
[12.579s] -- Up-to-date: /root/real_ws/install/armquadrover_msgs/local/lib/python3.10/dist-packages/armquadrover_msgs/_armquadrover_msgs_s.ep.rosidl_typesupport_c.c
[12.580s] -- Up-to-date: /root/real_ws/install/armquadrover_msgs/local/lib/python3.10/dist-packages/armquadrover_msgs/__init__.py
[12.587s] -- Up-to-date: /root/real_ws/install/armquadrover_msgs/local/lib/python3.10/dist-packages/armquadrover_msgs/armquadrover_msgs_s__rosidl_typesupport_fastrtps_c.cpython-310-aarch64-linux-gnu.so
[12.899s] Listing '/root/real_ws/install/armquadrover_msgs/local/lib/python3.10/dist-packages/armquadrover_msgs'...
[12.900s] Listing '/root/real_ws/install/armquadrover_msgs/local/lib/python3.10/dist-packages/armquadrover_msgs/msg'...
[13.007s] -- Up-to-date: /root/real_ws/install/armquadrover_msgs/local/lib/python3.10/dist-packages/armquadrover_msgs/armquadrover_msgs_s__rosidl_typesupport_fastrtps_c.cpython-310-aarch64-linux-gnu.so
[13.022s] -- Up-to-date: /root/real_ws/install/armquadrover_msgs/local/lib/python3.10/dist-packages/armquadrover_msgs/armquadrover_msgs_s__rosidl_typesupport_introspection_c.cpython-310-aarch64-linux-gnu.so
[13.039s] -- Up-to-date: /root/real_ws/install/armquadrover_msgs/local/lib/python3.10/dist-packages/armquadrover_msgs/armquadrover_msgs_s__rosidl_typesupport_c.cpython-310-aarch64-linux-gnu.so
[13.066s] -- Up-to-date: /root/real_ws/install/armquadrover_msgs/lib/libarmquadrover_msgs__rosidl_generator_py.so
[13.067s] -- Up-to-date: /root/real_ws/install/armquadrover_msgs/share/armquadrover_msgs/msg/DDSM115.idl
[13.068s] -- Up-to-date: /root/real_ws/install/armquadrover_msgs/share/armquadrover_msgs/msg/DDSM115Servo.idl
[13.069s] -- Up-to-date: /root/real_ws/install/armquadrover_msgs/share/armquadrover_msgs/msg/DDSM115.msg
[13.083s] -- Up-to-date: /root/real_ws/install/armquadrover_msgs/share/armquadrover_msgs/msg/DDSM115Servo.msg
[13.084s] -- Up-to-date: /root/real_ws/install/armquadrover_msgs/share/ament_index/resource_index/package_run_dependencies/armquadrover_msgs
[13.085s] -- Up-to-date: /root/real_ws/install/armquadrover_msgs/share/ament_index/resource_index/parent_prefix_path/armquadrover_msgs
[13.099s] -- Up-to-date: /root/real_ws/install/armquadrover_msgs/share/armquadrover_msgs/environment/ament_prefix_path.sh
[13.099s] -- Up-to-date: /root/real_ws/install/armquadrover_msgs/share/armquadrover_msgs/environment/ament_prefix_path.dsv
[13.100s] -- Up-to-date: /root/real_ws/install/armquadrover_msgs/share/armquadrover_msgs/environment/path.sh
[13.107s] -- Up-to-date: /root/real_ws/install/armquadrover_msgs/share/armquadrover_msgs/environment/path.dsv
[13.108s] -- Up-to-date: /root/real_ws/install/armquadrover_msgs/share/armquadrover_msgs/local_setup.bash
[13.109s] -- Up-to-date: /root/real_ws/install/armquadrover_msgs/share/armquadrover_msgs/local_setup.sh
[13.110s] -- Up-to-date: /root/real_ws/install/armquadrover_msgs/share/armquadrover_msgs/local_setup.zsh
[13.111s] -- Up-to-date: /root/real_ws/install/armquadrover_msgs/share/armquadrover_msgs/local_setup.dsv
[13.112s] -- Installing: /root/real_ws/install/armquadrover_msgs/share/armquadrover_msgs/package.dsv
[13.119s] -- Up-to-date: /root/real_ws/install/armquadrover_msgs/share/ament_index/resource_index/packages/armquadrover_msgs
[13.123s] -- Up-to-date: /root/real_ws/install/armquadrover_msgs/share/armquadrover_msgs/cmake/export_armquadrover_msgs__rosidl_generator_cExport.cmake
[13.123s] -- Up-to-date: /root/real_ws/install/armquadrover_msgs/share/armquadrover_msgs/cmake/export_armquadrover_msgs__rosidl_generator_cExport-noconfig.cmake
[13.129s] -- Up-to-date: /root/real_ws/install/armquadrover_msgs/share/armquadrover_msgs/cmake/export_armquadrover_msgs__rosidl_typesupport_fastrtps_cExport.cmake
[13.130s] -- Up-to-date: /root/real_ws/install/armquadrover_msgs/share/armquadrover_msgs/cmake/export_armquadrover_msgs__rosidl_typesupport_fastrtps_cExport-noconfig.cmake
[13.134s] -- Up-to-date: /root/real_ws/install/armquadrover_msgs/share/armquadrover_msgs/cmake/armquadrover_msgs__rosidl_typesupport_introspection_cExport.cmake
[13.139s] -- Up-to-date: /root/real_ws/install/armquadrover_msgs/share/armquadrover_msgs/cmake/armquadrover_msgs__rosidl_typesupport_introspection_cExport-noconfig.cmake
[13.140s] -- Up-to-date: /root/real_ws/install/armquadrover_msgs/share/armquadrover_msgs/cmake/armquadrover_msgs__rosidl_typesupport_cExport.cmake
[13.141s] -- Up-to-date: /root/real_ws/install/armquadrover_msgs/share/armquadrover_msgs/cmake/armquadrover_msgs__rosidl_typesupport_cExport-noconfig.cmake
[13.151s] -- Up-to-date: /root/real_ws/install/armquadrover_msgs/share/armquadrover_msgs/cmake/export_armquadrover_msgs__rosidl_generator_cppExport.cmake
[13.156s] -- Up-to-date: /root/real_ws/install/armquadrover_msgs/share/armquadrover_msgs/cmake/export_armquadrover_msgs__rosidl_typesupport_fastrtps_cppExport.cmake
[13.162s] -- Up-to-date: /root/real_ws/install/armquadrover_msgs/share/armquadrover_msgs/cmake/export_armquadrover_msgs__rosidl_typesupport_fastrtps_cppExport-noconfig.cmake
[13.167s] -- Up-to-date: /root/real_ws/install/armquadrover_msgs/share/armquadrover_msgs/cmake/armquadrover_msgs__rosidl_typesupport_introspection_cppExport.cmake
[13.168s] -- Up-to-date: /root/real_ws/install/armquadrover_msgs/share/armquadrover_msgs/cmake/armquadrover_msgs__rosidl_typesupport_introspection_cppExport-noconfig.cmake
[13.169s] -- Up-to-date: /root/real_ws/install/armquadrover_msgs/share/armquadrover_msgs/cmake/armquadrover_msgs__rosidl_typesupport_cppExport.cmake
[13.175s] -- Up-to-date: /root/real_ws/install/armquadrover_msgs/share/armquadrover_msgs/cmake/armquadrover_msgs__rosidl_typesupport_cppExport-noconfig.cmake
[13.176s] -- Up-to-date: /root/real_ws/install/armquadrover_msgs/share/armquadrover_msgs/cmake/export_armquadrover_msgs__rosidl_generator_pyExport.cmake
[13.177s] -- Up-to-date: /root/real_ws/install/armquadrover_msgs/share/armquadrover_msgs/cmake/export_armquadrover_msgs__rosidl_generator_pyExport-noconfig.cmake
[13.186s] -- Up-to-date: /root/real_ws/install/armquadrover_msgs/share/armquadrover_msgs/cmake/rosidl_cmake-extras.cmake
[13.187s] -- Up-to-date: /root/real_ws/install/armquadrover_msgs/share/armquadrover_msgs/cmake/ament_cmake_export_include_directories-extras.cmake
[13.188s] -- Up-to-date: /root/real_ws/install/armquadrover_msgs/share/armquadrover_msgs/cmake/ament_cmake_export_libraries-extras.cmake
[13.189s] -- Up-to-date: /root/real_ws/install/armquadrover_msgs/share/armquadrover_msgs/cmake/ament_cmake_export_targets-extras.cmake
[13.194s] -- Up-to-date: /root/real_ws/install/armquadrover_msgs/share/armquadrover_msgs/cmake/rosidl_cmake_export_typesupport_targets-extras.cmake
[13.195s] -- Up-to-date: /root/real_ws/install/armquadrover_msgs/share/armquadrover_msgs/cmake/ament_cmake_export_dependencies-extras.cmake
[13.195s] -- Up-to-date: /root/real_ws/install/armquadrover_msgs/share/armquadrover_msgs/cmake/rosidl_cmake_export_typesupport_libraries-extras.cmake
[13.196s] -- Up-to-date: /root/real_ws/install/armquadrover_msgs/share/armquadrover_msgs/cmake/armquadrover_msgsConfig.cmake
[13.196s] -- Up-to-date: /root/real_ws/install/armquadrover_msgs/share/armquadrover_msgs/cmake/armquadrover_msgsConfig-version.cmake
[13.197s] -- Up-to-date: /root/real_ws/install/armquadrover_msgs/share/armquadrover_msgs/package.xml
[13.475s] Invoked command in '/root/real_ws/build/armquadrover_msgs' returned '0': CMAKE_PREFIX_PATH=${CMAKE_PREFIX_PATH}:/root/urdf_ws/install/doublearm6_description:/opt/ros/humble /usr/local/bin/cmake --install /root/real_ws/build/armquadrover_msgs
