[1.260s] [34mcolcon[0m [1;30mDEBUG[0m [32mCommand line arguments: ['/usr/bin/colcon', 'build'][0m
[1.261s] [34mcolcon[0m [1;30mDEBUG[0m [32mParsed command line arguments: Namespace(log_base=None, log_level=None, verb_name='build', build_base='build', install_base='install', merge_install=False, symlink_install=False, test_result_base=None, continue_on_error=False, executor='parallel', parallel_workers=4, event_handlers=None, ignore_user_meta=False, metas=['./colcon.meta'], base_paths=['.'], packages_ignore=None, packages_ignore_regex=None, paths=None, packages_up_to=None, packages_up_to_regex=None, packages_above=None, packages_above_and_dependencies=None, packages_above_depth=None, packages_select_by_dep=None, packages_skip_by_dep=None, packages_skip_up_to=None, packages_select_build_failed=False, packages_skip_build_finished=False, packages_select_test_failures=False, packages_skip_test_passed=False, packages_select=None, packages_skip=None, packages_select_regex=None, packages_skip_regex=None, packages_start=None, packages_end=None, allow_overriding=[], cmake_args=None, cmake_target=None, cmake_target_skip_unavailable=False, cmake_clean_cache=False, cmake_clean_first=False, cmake_force_configure=False, ament_cmake_args=None, catkin_cmake_args=None, catkin_skip_building_tests=False, mixin_files=None, mixin=None, verb_parser=<colcon_mixin.mixin.mixin_argument.MixinArgumentDecorator object at 0x7f974708e0>, verb_extension=<colcon_core.verb.build.BuildVerb object at 0x7f97673ee0>, main=<bound method BuildVerb.main of <colcon_core.verb.build.BuildVerb object at 0x7f97673ee0>>, mixin_verb=('build',))[0m
[3.185s] [34mcolcon.colcon_core.package_discovery[0m [1;30mLevel 1[0m discover_packages(colcon_meta) check parameters
[3.187s] [34mcolcon.colcon_core.package_discovery[0m [1;30mLevel 1[0m discover_packages(recursive) check parameters
[3.187s] [34mcolcon.colcon_core.package_discovery[0m [1;30mLevel 1[0m discover_packages(ignore) check parameters
[3.188s] [34mcolcon.colcon_core.package_discovery[0m [1;30mLevel 1[0m discover_packages(path) check parameters
[3.188s] [34mcolcon.colcon_core.package_discovery[0m [1;30mLevel 1[0m discover_packages(colcon_meta) discover
[3.189s] [34mcolcon.colcon_core.package_discovery[0m [1;30mLevel 1[0m discover_packages(recursive) discover
[3.189s] [34mcolcon.colcon_core.package_discovery[0m [1;30mINFO[0m Crawling recursively for packages in '/root/real_ws'
[3.190s] [34mcolcon.colcon_core.package_identification[0m [1;30mLevel 1[0m _identify(.) by extensions ['ignore', 'ignore_ament_install']
[3.191s] [34mcolcon.colcon_core.package_identification[0m [1;30mLevel 1[0m _identify(.) by extension 'ignore'
[3.192s] [34mcolcon.colcon_core.package_identification[0m [1;30mLevel 1[0m _identify(.) by extension 'ignore_ament_install'
[3.193s] [34mcolcon.colcon_core.package_identification[0m [1;30mLevel 1[0m _identify(.) by extensions ['colcon_pkg']
[3.193s] [34mcolcon.colcon_core.package_identification[0m [1;30mLevel 1[0m _identify(.) by extension 'colcon_pkg'
[3.194s] [34mcolcon.colcon_core.package_identification[0m [1;30mLevel 1[0m _identify(.) by extensions ['colcon_meta']
[3.195s] [34mcolcon.colcon_core.package_identification[0m [1;30mLevel 1[0m _identify(.) by extension 'colcon_meta'
[3.195s] [34mcolcon.colcon_core.package_identification[0m [1;30mLevel 1[0m _identify(.) by extensions ['ros']
[3.196s] [34mcolcon.colcon_core.package_identification[0m [1;30mLevel 1[0m _identify(.) by extension 'ros'
[3.312s] [34mcolcon.colcon_core.package_identification[0m [1;30mLevel 1[0m _identify(.) by extensions ['cmake', 'python']
[3.312s] [34mcolcon.colcon_core.package_identification[0m [1;30mLevel 1[0m _identify(.) by extension 'cmake'
[3.313s] [34mcolcon.colcon_core.package_identification[0m [1;30mLevel 1[0m _identify(.) by extension 'python'
[3.314s] [34mcolcon.colcon_core.package_identification[0m [1;30mLevel 1[0m _identify(.) by extensions ['python_setup_py']
[3.314s] [34mcolcon.colcon_core.package_identification[0m [1;30mLevel 1[0m _identify(.) by extension 'python_setup_py'
[3.316s] [34mcolcon.colcon_core.package_identification[0m [1;30mLevel 1[0m _identify(build) by extensions ['ignore', 'ignore_ament_install']
[3.318s] [34mcolcon.colcon_core.package_identification[0m [1;30mLevel 1[0m _identify(build) by extension 'ignore'
[3.319s] [34mcolcon.colcon_core.package_identification[0m [1;30mLevel 1[0m _identify(build) ignored
[3.320s] [34mcolcon.colcon_core.package_identification[0m [1;30mLevel 1[0m _identify(install) by extensions ['ignore', 'ignore_ament_install']
[3.321s] [34mcolcon.colcon_core.package_identification[0m [1;30mLevel 1[0m _identify(install) by extension 'ignore'
[3.322s] [34mcolcon.colcon_core.package_identification[0m [1;30mLevel 1[0m _identify(install) ignored
[3.323s] [34mcolcon.colcon_core.package_identification[0m [1;30mLevel 1[0m _identify(log) by extensions ['ignore', 'ignore_ament_install']
[3.324s] [34mcolcon.colcon_core.package_identification[0m [1;30mLevel 1[0m _identify(log) by extension 'ignore'
[3.325s] [34mcolcon.colcon_core.package_identification[0m [1;30mLevel 1[0m _identify(log) ignored
[3.325s] [34mcolcon.colcon_core.package_identification[0m [1;30mLevel 1[0m _identify(src) by extensions ['ignore', 'ignore_ament_install']
[3.327s] [34mcolcon.colcon_core.package_identification[0m [1;30mLevel 1[0m _identify(src) by extension 'ignore'
[3.328s] [34mcolcon.colcon_core.package_identification[0m [1;30mLevel 1[0m _identify(src) by extension 'ignore_ament_install'
[3.329s] [34mcolcon.colcon_core.package_identification[0m [1;30mLevel 1[0m _identify(src) by extensions ['colcon_pkg']
[3.329s] [34mcolcon.colcon_core.package_identification[0m [1;30mLevel 1[0m _identify(src) by extension 'colcon_pkg'
[3.330s] [34mcolcon.colcon_core.package_identification[0m [1;30mLevel 1[0m _identify(src) by extensions ['colcon_meta']
[3.331s] [34mcolcon.colcon_core.package_identification[0m [1;30mLevel 1[0m _identify(src) by extension 'colcon_meta'
[3.331s] [34mcolcon.colcon_core.package_identification[0m [1;30mLevel 1[0m _identify(src) by extensions ['ros']
[3.332s] [34mcolcon.colcon_core.package_identification[0m [1;30mLevel 1[0m _identify(src) by extension 'ros'
[3.333s] [34mcolcon.colcon_core.package_identification[0m [1;30mLevel 1[0m _identify(src) by extensions ['cmake', 'python']
[3.334s] [34mcolcon.colcon_core.package_identification[0m [1;30mLevel 1[0m _identify(src) by extension 'cmake'
[3.335s] [34mcolcon.colcon_core.package_identification[0m [1;30mLevel 1[0m _identify(src) by extension 'python'
[3.336s] [34mcolcon.colcon_core.package_identification[0m [1;30mLevel 1[0m _identify(src) by extensions ['python_setup_py']
[3.336s] [34mcolcon.colcon_core.package_identification[0m [1;30mLevel 1[0m _identify(src) by extension 'python_setup_py'
[3.338s] [34mcolcon.colcon_core.package_identification[0m [1;30mLevel 1[0m _identify(src/armquadrover_gnb) by extensions ['ignore', 'ignore_ament_install']
[3.339s] [34mcolcon.colcon_core.package_identification[0m [1;30mLevel 1[0m _identify(src/armquadrover_gnb) by extension 'ignore'
[3.340s] [34mcolcon.colcon_core.package_identification[0m [1;30mLevel 1[0m _identify(src/armquadrover_gnb) by extension 'ignore_ament_install'
[3.341s] [34mcolcon.colcon_core.package_identification[0m [1;30mLevel 1[0m _identify(src/armquadrover_gnb) by extensions ['colcon_pkg']
[3.341s] [34mcolcon.colcon_core.package_identification[0m [1;30mLevel 1[0m _identify(src/armquadrover_gnb) by extension 'colcon_pkg'
[3.342s] [34mcolcon.colcon_core.package_identification[0m [1;30mLevel 1[0m _identify(src/armquadrover_gnb) by extensions ['colcon_meta']
[3.342s] [34mcolcon.colcon_core.package_identification[0m [1;30mLevel 1[0m _identify(src/armquadrover_gnb) by extension 'colcon_meta'
[3.343s] [34mcolcon.colcon_core.package_identification[0m [1;30mLevel 1[0m _identify(src/armquadrover_gnb) by extensions ['ros']
[3.344s] [34mcolcon.colcon_core.package_identification[0m [1;30mLevel 1[0m _identify(src/armquadrover_gnb) by extension 'ros'
[3.345s] [34mcolcon.colcon_core.package_identification[0m [1;30mLevel 1[0m _identify(src/armquadrover_gnb) by extensions ['cmake', 'python']
[3.346s] [34mcolcon.colcon_core.package_identification[0m [1;30mLevel 1[0m _identify(src/armquadrover_gnb) by extension 'cmake'
[3.347s] [34mcolcon.colcon_core.package_identification[0m [1;30mLevel 1[0m _identify(src/armquadrover_gnb) by extension 'python'
[3.348s] [34mcolcon.colcon_core.package_identification[0m [1;30mLevel 1[0m _identify(src/armquadrover_gnb) by extensions ['python_setup_py']
[3.348s] [34mcolcon.colcon_core.package_identification[0m [1;30mLevel 1[0m _identify(src/armquadrover_gnb) by extension 'python_setup_py'
[3.349s] [34mcolcon.colcon_core.package_identification[0m [1;30mLevel 1[0m _identify(src/armquadrover_gnb/armquadrover) by extensions ['ignore', 'ignore_ament_install']
[3.350s] [34mcolcon.colcon_core.package_identification[0m [1;30mLevel 1[0m _identify(src/armquadrover_gnb/armquadrover) by extension 'ignore'
[3.351s] [34mcolcon.colcon_core.package_identification[0m [1;30mLevel 1[0m _identify(src/armquadrover_gnb/armquadrover) by extension 'ignore_ament_install'
[3.352s] [34mcolcon.colcon_core.package_identification[0m [1;30mLevel 1[0m _identify(src/armquadrover_gnb/armquadrover) by extensions ['colcon_pkg']
[3.353s] [34mcolcon.colcon_core.package_identification[0m [1;30mLevel 1[0m _identify(src/armquadrover_gnb/armquadrover) by extension 'colcon_pkg'
[3.353s] [34mcolcon.colcon_core.package_identification[0m [1;30mLevel 1[0m _identify(src/armquadrover_gnb/armquadrover) by extensions ['colcon_meta']
[3.354s] [34mcolcon.colcon_core.package_identification[0m [1;30mLevel 1[0m _identify(src/armquadrover_gnb/armquadrover) by extension 'colcon_meta'
[3.355s] [34mcolcon.colcon_core.package_identification[0m [1;30mLevel 1[0m _identify(src/armquadrover_gnb/armquadrover) by extensions ['ros']
[3.355s] [34mcolcon.colcon_core.package_identification[0m [1;30mLevel 1[0m _identify(src/armquadrover_gnb/armquadrover) by extension 'ros'
[3.382s] [34mcolcon.colcon_core.package_identification[0m [1;30mDEBUG[0m [32mPackage 'src/armquadrover_gnb/armquadrover' with type 'ros.ament_cmake' and name 'armquadrover'[0m
[3.383s] [34mcolcon.colcon_core.package_identification[0m [1;30mLevel 1[0m _identify(src/armquadrover_gnb/armquadrover_msgs) by extensions ['ignore', 'ignore_ament_install']
[3.385s] [34mcolcon.colcon_core.package_identification[0m [1;30mLevel 1[0m _identify(src/armquadrover_gnb/armquadrover_msgs) by extension 'ignore'
[3.385s] [34mcolcon.colcon_core.package_identification[0m [1;30mLevel 1[0m _identify(src/armquadrover_gnb/armquadrover_msgs) by extension 'ignore_ament_install'
[3.386s] [34mcolcon.colcon_core.package_identification[0m [1;30mLevel 1[0m _identify(src/armquadrover_gnb/armquadrover_msgs) by extensions ['colcon_pkg']
[3.387s] [34mcolcon.colcon_core.package_identification[0m [1;30mLevel 1[0m _identify(src/armquadrover_gnb/armquadrover_msgs) by extension 'colcon_pkg'
[3.387s] [34mcolcon.colcon_core.package_identification[0m [1;30mLevel 1[0m _identify(src/armquadrover_gnb/armquadrover_msgs) by extensions ['colcon_meta']
[3.388s] [34mcolcon.colcon_core.package_identification[0m [1;30mLevel 1[0m _identify(src/armquadrover_gnb/armquadrover_msgs) by extension 'colcon_meta'
[3.389s] [34mcolcon.colcon_core.package_identification[0m [1;30mLevel 1[0m _identify(src/armquadrover_gnb/armquadrover_msgs) by extensions ['ros']
[3.389s] [34mcolcon.colcon_core.package_identification[0m [1;30mLevel 1[0m _identify(src/armquadrover_gnb/armquadrover_msgs) by extension 'ros'
[3.394s] [34mcolcon.colcon_core.package_identification[0m [1;30mDEBUG[0m [32mPackage 'src/armquadrover_gnb/armquadrover_msgs' with type 'ros.ament_cmake' and name 'armquadrover_msgs'[0m
[3.395s] [34mcolcon.colcon_core.package_discovery[0m [1;30mLevel 1[0m discover_packages(recursive) using defaults
[3.396s] [34mcolcon.colcon_core.package_discovery[0m [1;30mLevel 1[0m discover_packages(ignore) discover
[3.396s] [34mcolcon.colcon_core.package_discovery[0m [1;30mLevel 1[0m discover_packages(ignore) using defaults
[3.397s] [34mcolcon.colcon_core.package_discovery[0m [1;30mLevel 1[0m discover_packages(path) discover
[3.397s] [34mcolcon.colcon_core.package_discovery[0m [1;30mLevel 1[0m discover_packages(path) using defaults
[3.635s] [34mcolcon.colcon_core.package_discovery[0m [1;30mLevel 1[0m discover_packages(prefix_path) check parameters
[3.636s] [34mcolcon.colcon_core.package_discovery[0m [1;30mLevel 1[0m discover_packages(prefix_path) discover
[3.657s] [34mcolcon.colcon_installed_package_information.package_discovery[0m [1;30mDEBUG[0m [32mFound 3 installed packages in /root/dev_ws/install[0m
[3.661s] [34mcolcon.colcon_installed_package_information.package_discovery[0m [1;30mDEBUG[0m [32mFound 3 installed packages in /root/urdf_ws/install[0m
[3.666s] [34mcolcon.colcon_installed_package_information.package_discovery[0m [1;30mDEBUG[0m [32mFound 2 installed packages in /root/real_ws/install[0m
[3.670s] [34mcolcon.colcon_installed_package_information.package_discovery[0m [1;30mDEBUG[0m [32mFound 1 installed packages in /root/catkin_ws/install[0m
[3.682s] [34mcolcon.colcon_installed_package_information.package_discovery[0m [1;30mDEBUG[0m [32mFound 371 installed packages in /opt/ros/humble[0m
[3.699s] [34mcolcon.colcon_core.package_discovery[0m [1;30mLevel 1[0m discover_packages(prefix_path) using defaults
[4.181s] [34mcolcon.colcon_core.verb[0m [1;30mLevel 5[0m set package 'armquadrover' build argument 'cmake_args' from command line to 'None'
[4.182s] [34mcolcon.colcon_core.verb[0m [1;30mLevel 5[0m set package 'armquadrover' build argument 'cmake_target' from command line to 'None'
[4.182s] [34mcolcon.colcon_core.verb[0m [1;30mLevel 5[0m set package 'armquadrover' build argument 'cmake_target_skip_unavailable' from command line to 'False'
[4.182s] [34mcolcon.colcon_core.verb[0m [1;30mLevel 5[0m set package 'armquadrover' build argument 'cmake_clean_cache' from command line to 'False'
[4.182s] [34mcolcon.colcon_core.verb[0m [1;30mLevel 5[0m set package 'armquadrover' build argument 'cmake_clean_first' from command line to 'False'
[4.183s] [34mcolcon.colcon_core.verb[0m [1;30mLevel 5[0m set package 'armquadrover' build argument 'cmake_force_configure' from command line to 'False'
[4.183s] [34mcolcon.colcon_core.verb[0m [1;30mLevel 5[0m set package 'armquadrover' build argument 'ament_cmake_args' from command line to 'None'
[4.183s] [34mcolcon.colcon_core.verb[0m [1;30mLevel 5[0m set package 'armquadrover' build argument 'catkin_cmake_args' from command line to 'None'
[4.183s] [34mcolcon.colcon_core.verb[0m [1;30mLevel 5[0m set package 'armquadrover' build argument 'catkin_skip_building_tests' from command line to 'False'
[4.184s] [34mcolcon.colcon_core.verb[0m [1;30mDEBUG[0m [32mBuilding package 'armquadrover' with the following arguments: {'ament_cmake_args': None, 'build_base': '/root/real_ws/build/armquadrover', 'catkin_cmake_args': None, 'catkin_skip_building_tests': False, 'cmake_args': None, 'cmake_clean_cache': False, 'cmake_clean_first': False, 'cmake_force_configure': False, 'cmake_target': None, 'cmake_target_skip_unavailable': False, 'install_base': '/root/real_ws/install/armquadrover', 'merge_install': False, 'path': '/root/real_ws/src/armquadrover_gnb/armquadrover', 'symlink_install': False, 'test_result_base': None}[0m
[4.186s] [34mcolcon.colcon_core.verb[0m [1;30mLevel 5[0m set package 'armquadrover_msgs' build argument 'cmake_args' from command line to 'None'
[4.187s] [34mcolcon.colcon_core.verb[0m [1;30mLevel 5[0m set package 'armquadrover_msgs' build argument 'cmake_target' from command line to 'None'
[4.187s] [34mcolcon.colcon_core.verb[0m [1;30mLevel 5[0m set package 'armquadrover_msgs' build argument 'cmake_target_skip_unavailable' from command line to 'False'
[4.187s] [34mcolcon.colcon_core.verb[0m [1;30mLevel 5[0m set package 'armquadrover_msgs' build argument 'cmake_clean_cache' from command line to 'False'
[4.188s] [34mcolcon.colcon_core.verb[0m [1;30mLevel 5[0m set package 'armquadrover_msgs' build argument 'cmake_clean_first' from command line to 'False'
[4.188s] [34mcolcon.colcon_core.verb[0m [1;30mLevel 5[0m set package 'armquadrover_msgs' build argument 'cmake_force_configure' from command line to 'False'
[4.188s] [34mcolcon.colcon_core.verb[0m [1;30mLevel 5[0m set package 'armquadrover_msgs' build argument 'ament_cmake_args' from command line to 'None'
[4.188s] [34mcolcon.colcon_core.verb[0m [1;30mLevel 5[0m set package 'armquadrover_msgs' build argument 'catkin_cmake_args' from command line to 'None'
[4.188s] [34mcolcon.colcon_core.verb[0m [1;30mLevel 5[0m set package 'armquadrover_msgs' build argument 'catkin_skip_building_tests' from command line to 'False'
[4.189s] [34mcolcon.colcon_core.verb[0m [1;30mDEBUG[0m [32mBuilding package 'armquadrover_msgs' with the following arguments: {'ament_cmake_args': None, 'build_base': '/root/real_ws/build/armquadrover_msgs', 'catkin_cmake_args': None, 'catkin_skip_building_tests': False, 'cmake_args': None, 'cmake_clean_cache': False, 'cmake_clean_first': False, 'cmake_force_configure': False, 'cmake_target': None, 'cmake_target_skip_unavailable': False, 'install_base': '/root/real_ws/install/armquadrover_msgs', 'merge_install': False, 'path': '/root/real_ws/src/armquadrover_gnb/armquadrover_msgs', 'symlink_install': False, 'test_result_base': None}[0m
[4.190s] [34mcolcon.colcon_core.executor[0m [1;30mINFO[0m Executing jobs using 'parallel' executor
[4.196s] [34mcolcon.colcon_parallel_executor.executor.parallel[0m [1;30mDEBUG[0m [32mrun_until_complete[0m
[4.197s] [34mcolcon.colcon_ros.task.ament_cmake.build[0m [1;30mINFO[0m Building ROS package in '/root/real_ws/src/armquadrover_gnb/armquadrover' with build type 'ament_cmake'
[4.198s] [34mcolcon.colcon_cmake.task.cmake.build[0m [1;30mINFO[0m Building CMake package in '/root/real_ws/src/armquadrover_gnb/armquadrover'
[4.217s] [34mcolcon.colcon_core.plugin_system[0m [1;30mINFO[0m Skipping extension 'colcon_core.shell.bat': Not used on non-Windows systems
[4.219s] [34mcolcon.colcon_core.shell[0m [1;30mINFO[0m Skip shell extension 'powershell' for command environment: Not usable outside of PowerShell
[4.219s] [34mcolcon.colcon_core.shell[0m [1;30mDEBUG[0m [32mSkip shell extension 'dsv' for command environment[0m
[4.256s] [34mcolcon.colcon_ros.task.ament_cmake.build[0m [1;30mINFO[0m Building ROS package in '/root/real_ws/src/armquadrover_gnb/armquadrover_msgs' with build type 'ament_cmake'
[4.258s] [34mcolcon.colcon_cmake.task.cmake.build[0m [1;30mINFO[0m Building CMake package in '/root/real_ws/src/armquadrover_gnb/armquadrover_msgs'
[4.260s] [34mcolcon.colcon_core.shell[0m [1;30mINFO[0m Skip shell extension 'powershell' for command environment: Not usable outside of PowerShell
[4.261s] [34mcolcon.colcon_core.shell[0m [1;30mDEBUG[0m [32mSkip shell extension 'dsv' for command environment[0m
[4.318s] [34mcolcon.colcon_core.event_handler.log_command[0m [1;30mDEBUG[0m [32mInvoking command in '/root/real_ws/build/armquadrover': CMAKE_PREFIX_PATH=${CMAKE_PREFIX_PATH}:/root/urdf_ws/install/doublearm6_description:/opt/ros/humble /usr/local/bin/cmake --build /root/real_ws/build/armquadrover -- -j4 -l4[0m
[4.346s] [34mcolcon.colcon_core.event_handler.log_command[0m [1;30mDEBUG[0m [32mInvoking command in '/root/real_ws/build/armquadrover_msgs': CMAKE_PREFIX_PATH=${CMAKE_PREFIX_PATH}:/root/urdf_ws/install/doublearm6_description:/opt/ros/humble /usr/local/bin/cmake --build /root/real_ws/build/armquadrover_msgs -- -j4 -l4[0m
[9.085s] [34mcolcon.colcon_core.event_handler.log_command[0m [1;30mDEBUG[0m [32mInvoked command in '/root/real_ws/build/armquadrover_msgs' returned '0': CMAKE_PREFIX_PATH=${CMAKE_PREFIX_PATH}:/root/urdf_ws/install/doublearm6_description:/opt/ros/humble /usr/local/bin/cmake --build /root/real_ws/build/armquadrover_msgs -- -j4 -l4[0m
[11.050s] [34mcolcon.colcon_core.event_handler.log_command[0m [1;30mDEBUG[0m [32mInvoking command in '/root/real_ws/build/armquadrover_msgs': CMAKE_PREFIX_PATH=${CMAKE_PREFIX_PATH}:/root/urdf_ws/install/doublearm6_description:/opt/ros/humble /usr/local/bin/cmake --install /root/real_ws/build/armquadrover_msgs[0m
[12.633s] [34mcolcon.colcon_core.environment[0m [1;30mLevel 1[0m create_environment_scripts_only(armquadrover_msgs)
[12.648s] [34mcolcon.colcon_core.event_handler.log_command[0m [1;30mDEBUG[0m [32mInvoked command in '/root/real_ws/build/armquadrover_msgs' returned '0': CMAKE_PREFIX_PATH=${CMAKE_PREFIX_PATH}:/root/urdf_ws/install/doublearm6_description:/opt/ros/humble /usr/local/bin/cmake --install /root/real_ws/build/armquadrover_msgs[0m
[12.663s] [34mcolcon.colcon_core.environment[0m [1;30mLevel 1[0m checking '/root/real_ws/install/armquadrover_msgs' for CMake module files
[12.669s] [34mcolcon.colcon_core.environment[0m [1;30mLevel 1[0m checking '/root/real_ws/install/armquadrover_msgs' for CMake config files
[12.673s] [34mcolcon.colcon_core.shell[0m [1;30mLevel 1[0m create_environment_hook('armquadrover_msgs', 'cmake_prefix_path')
[12.676s] [34mcolcon.colcon_core.shell[0m [1;30mINFO[0m Creating environment hook '/root/real_ws/install/armquadrover_msgs/share/armquadrover_msgs/hook/cmake_prefix_path.ps1'
[12.683s] [34mcolcon.colcon_core.shell[0m [1;30mINFO[0m Creating environment descriptor '/root/real_ws/install/armquadrover_msgs/share/armquadrover_msgs/hook/cmake_prefix_path.dsv'
[12.689s] [34mcolcon.colcon_core.shell[0m [1;30mINFO[0m Creating environment hook '/root/real_ws/install/armquadrover_msgs/share/armquadrover_msgs/hook/cmake_prefix_path.sh'
[12.700s] [34mcolcon.colcon_core.environment[0m [1;30mLevel 1[0m checking '/root/real_ws/install/armquadrover_msgs/lib'
[12.702s] [34mcolcon.colcon_core.shell[0m [1;30mLevel 1[0m create_environment_hook('armquadrover_msgs', 'ld_library_path_lib')
[12.705s] [34mcolcon.colcon_core.shell[0m [1;30mINFO[0m Creating environment hook '/root/real_ws/install/armquadrover_msgs/share/armquadrover_msgs/hook/ld_library_path_lib.ps1'
[12.710s] [34mcolcon.colcon_core.shell[0m [1;30mINFO[0m Creating environment descriptor '/root/real_ws/install/armquadrover_msgs/share/armquadrover_msgs/hook/ld_library_path_lib.dsv'
[12.714s] [34mcolcon.colcon_core.shell[0m [1;30mINFO[0m Creating environment hook '/root/real_ws/install/armquadrover_msgs/share/armquadrover_msgs/hook/ld_library_path_lib.sh'
[12.720s] [34mcolcon.colcon_core.environment[0m [1;30mLevel 1[0m checking '/root/real_ws/install/armquadrover_msgs/bin'
[12.722s] [34mcolcon.colcon_core.environment[0m [1;30mLevel 1[0m checking '/root/real_ws/install/armquadrover_msgs/lib/pkgconfig/armquadrover_msgs.pc'
[12.725s] [34mcolcon.colcon_core.environment[0m [1;30mLevel 1[0m checking '/root/real_ws/install/armquadrover_msgs/lib/python3.10/site-packages'
[12.728s] [34mcolcon.colcon_core.environment[0m [1;30mLevel 1[0m checking '/root/real_ws/install/armquadrover_msgs/bin'
[12.732s] [34mcolcon.colcon_core.shell[0m [1;30mINFO[0m Creating package script '/root/real_ws/install/armquadrover_msgs/share/armquadrover_msgs/package.ps1'
[12.741s] [34mcolcon.colcon_core.shell[0m [1;30mINFO[0m Creating package descriptor '/root/real_ws/install/armquadrover_msgs/share/armquadrover_msgs/package.dsv'
[12.749s] [34mcolcon.colcon_core.shell[0m [1;30mINFO[0m Creating package script '/root/real_ws/install/armquadrover_msgs/share/armquadrover_msgs/package.sh'
[12.760s] [34mcolcon.colcon_core.shell[0m [1;30mINFO[0m Creating package script '/root/real_ws/install/armquadrover_msgs/share/armquadrover_msgs/package.bash'
[12.769s] [34mcolcon.colcon_core.shell[0m [1;30mINFO[0m Creating package script '/root/real_ws/install/armquadrover_msgs/share/armquadrover_msgs/package.zsh'
[12.777s] [34mcolcon.colcon_core.environment[0m [1;30mLevel 1[0m create_file_with_runtime_dependencies(/root/real_ws/install/armquadrover_msgs/share/colcon-core/packages/armquadrover_msgs)
[13.921s] [34mcolcon.colcon_core.environment[0m [1;30mLevel 1[0m create_environment_scripts_only(armquadrover_msgs)
[13.925s] [34mcolcon.colcon_core.environment[0m [1;30mLevel 1[0m checking '/root/real_ws/install/armquadrover_msgs' for CMake module files
[13.931s] [34mcolcon.colcon_core.environment[0m [1;30mLevel 1[0m checking '/root/real_ws/install/armquadrover_msgs' for CMake config files
[13.935s] [34mcolcon.colcon_core.shell[0m [1;30mLevel 1[0m create_environment_hook('armquadrover_msgs', 'cmake_prefix_path')
[13.938s] [34mcolcon.colcon_core.shell[0m [1;30mINFO[0m Creating environment hook '/root/real_ws/install/armquadrover_msgs/share/armquadrover_msgs/hook/cmake_prefix_path.ps1'
[13.944s] [34mcolcon.colcon_core.shell[0m [1;30mINFO[0m Creating environment descriptor '/root/real_ws/install/armquadrover_msgs/share/armquadrover_msgs/hook/cmake_prefix_path.dsv'
[13.951s] [34mcolcon.colcon_core.shell[0m [1;30mINFO[0m Creating environment hook '/root/real_ws/install/armquadrover_msgs/share/armquadrover_msgs/hook/cmake_prefix_path.sh'
[13.961s] [34mcolcon.colcon_core.environment[0m [1;30mLevel 1[0m checking '/root/real_ws/install/armquadrover_msgs/lib'
[13.963s] [34mcolcon.colcon_core.shell[0m [1;30mLevel 1[0m create_environment_hook('armquadrover_msgs', 'ld_library_path_lib')
[13.967s] [34mcolcon.colcon_core.shell[0m [1;30mINFO[0m Creating environment hook '/root/real_ws/install/armquadrover_msgs/share/armquadrover_msgs/hook/ld_library_path_lib.ps1'
[13.973s] [34mcolcon.colcon_core.shell[0m [1;30mINFO[0m Creating environment descriptor '/root/real_ws/install/armquadrover_msgs/share/armquadrover_msgs/hook/ld_library_path_lib.dsv'
[13.978s] [34mcolcon.colcon_core.shell[0m [1;30mINFO[0m Creating environment hook '/root/real_ws/install/armquadrover_msgs/share/armquadrover_msgs/hook/ld_library_path_lib.sh'
[13.984s] [34mcolcon.colcon_core.environment[0m [1;30mLevel 1[0m checking '/root/real_ws/install/armquadrover_msgs/bin'
[13.985s] [34mcolcon.colcon_core.environment[0m [1;30mLevel 1[0m checking '/root/real_ws/install/armquadrover_msgs/lib/pkgconfig/armquadrover_msgs.pc'
[13.989s] [34mcolcon.colcon_core.environment[0m [1;30mLevel 1[0m checking '/root/real_ws/install/armquadrover_msgs/lib/python3.10/site-packages'
[13.993s] [34mcolcon.colcon_core.environment[0m [1;30mLevel 1[0m checking '/root/real_ws/install/armquadrover_msgs/bin'
[13.996s] [34mcolcon.colcon_core.shell[0m [1;30mINFO[0m Creating package script '/root/real_ws/install/armquadrover_msgs/share/armquadrover_msgs/package.ps1'
[14.002s] [34mcolcon.colcon_core.shell[0m [1;30mINFO[0m Creating package descriptor '/root/real_ws/install/armquadrover_msgs/share/armquadrover_msgs/package.dsv'
[14.009s] [34mcolcon.colcon_core.shell[0m [1;30mINFO[0m Creating package script '/root/real_ws/install/armquadrover_msgs/share/armquadrover_msgs/package.sh'
[14.016s] [34mcolcon.colcon_core.shell[0m [1;30mINFO[0m Creating package script '/root/real_ws/install/armquadrover_msgs/share/armquadrover_msgs/package.bash'
[14.019s] [34mcolcon.colcon_core.shell[0m [1;30mINFO[0m Creating package script '/root/real_ws/install/armquadrover_msgs/share/armquadrover_msgs/package.zsh'
[14.023s] [34mcolcon.colcon_core.environment[0m [1;30mLevel 1[0m create_file_with_runtime_dependencies(/root/real_ws/install/armquadrover_msgs/share/colcon-core/packages/armquadrover_msgs)
[114.654s] [34mcolcon.colcon_core.event_handler.log_command[0m [1;30mDEBUG[0m [32mInvoked command in '/root/real_ws/build/armquadrover' returned '0': CMAKE_PREFIX_PATH=${CMAKE_PREFIX_PATH}:/root/urdf_ws/install/doublearm6_description:/opt/ros/humble /usr/local/bin/cmake --build /root/real_ws/build/armquadrover -- -j4 -l4[0m
[115.548s] [34mcolcon.colcon_core.event_handler.log_command[0m [1;30mDEBUG[0m [32mInvoking command in '/root/real_ws/build/armquadrover': CMAKE_PREFIX_PATH=${CMAKE_PREFIX_PATH}:/root/urdf_ws/install/doublearm6_description:/opt/ros/humble /usr/local/bin/cmake --install /root/real_ws/build/armquadrover[0m
[116.345s] [34mcolcon.colcon_core.environment[0m [1;30mLevel 1[0m create_environment_scripts_only(armquadrover)
[116.348s] [34mcolcon.colcon_core.environment[0m [1;30mLevel 1[0m checking '/root/real_ws/install/armquadrover' for CMake module files
[116.352s] [34mcolcon.colcon_core.event_handler.log_command[0m [1;30mDEBUG[0m [32mInvoked command in '/root/real_ws/build/armquadrover' returned '0': CMAKE_PREFIX_PATH=${CMAKE_PREFIX_PATH}:/root/urdf_ws/install/doublearm6_description:/opt/ros/humble /usr/local/bin/cmake --install /root/real_ws/build/armquadrover[0m
[116.355s] [34mcolcon.colcon_core.environment[0m [1;30mLevel 1[0m checking '/root/real_ws/install/armquadrover' for CMake config files
[116.357s] [34mcolcon.colcon_core.shell[0m [1;30mLevel 1[0m create_environment_hook('armquadrover', 'cmake_prefix_path')
[116.359s] [34mcolcon.colcon_core.shell[0m [1;30mINFO[0m Creating environment hook '/root/real_ws/install/armquadrover/share/armquadrover/hook/cmake_prefix_path.ps1'
[116.364s] [34mcolcon.colcon_core.shell[0m [1;30mINFO[0m Creating environment descriptor '/root/real_ws/install/armquadrover/share/armquadrover/hook/cmake_prefix_path.dsv'
[116.367s] [34mcolcon.colcon_core.shell[0m [1;30mINFO[0m Creating environment hook '/root/real_ws/install/armquadrover/share/armquadrover/hook/cmake_prefix_path.sh'
[116.372s] [34mcolcon.colcon_core.environment[0m [1;30mLevel 1[0m checking '/root/real_ws/install/armquadrover/lib'
[116.373s] [34mcolcon.colcon_core.environment[0m [1;30mLevel 1[0m checking '/root/real_ws/install/armquadrover/bin'
[116.374s] [34mcolcon.colcon_core.environment[0m [1;30mLevel 1[0m checking '/root/real_ws/install/armquadrover/lib/pkgconfig/armquadrover.pc'
[116.376s] [34mcolcon.colcon_core.environment[0m [1;30mLevel 1[0m checking '/root/real_ws/install/armquadrover/lib/python3.10/site-packages'
[116.378s] [34mcolcon.colcon_core.environment[0m [1;30mLevel 1[0m checking '/root/real_ws/install/armquadrover/bin'
[116.381s] [34mcolcon.colcon_core.shell[0m [1;30mINFO[0m Creating package script '/root/real_ws/install/armquadrover/share/armquadrover/package.ps1'
[116.388s] [34mcolcon.colcon_core.shell[0m [1;30mINFO[0m Creating package descriptor '/root/real_ws/install/armquadrover/share/armquadrover/package.dsv'
[116.391s] [34mcolcon.colcon_core.shell[0m [1;30mINFO[0m Creating package script '/root/real_ws/install/armquadrover/share/armquadrover/package.sh'
[116.396s] [34mcolcon.colcon_core.shell[0m [1;30mINFO[0m Creating package script '/root/real_ws/install/armquadrover/share/armquadrover/package.bash'
[116.399s] [34mcolcon.colcon_core.shell[0m [1;30mINFO[0m Creating package script '/root/real_ws/install/armquadrover/share/armquadrover/package.zsh'
[116.403s] [34mcolcon.colcon_core.environment[0m [1;30mLevel 1[0m create_file_with_runtime_dependencies(/root/real_ws/install/armquadrover/share/colcon-core/packages/armquadrover)
[117.243s] [34mcolcon.colcon_core.environment[0m [1;30mLevel 1[0m create_environment_scripts_only(armquadrover)
[117.245s] [34mcolcon.colcon_core.environment[0m [1;30mLevel 1[0m checking '/root/real_ws/install/armquadrover' for CMake module files
[117.250s] [34mcolcon.colcon_core.environment[0m [1;30mLevel 1[0m checking '/root/real_ws/install/armquadrover' for CMake config files
[117.252s] [34mcolcon.colcon_core.shell[0m [1;30mLevel 1[0m create_environment_hook('armquadrover', 'cmake_prefix_path')
[117.255s] [34mcolcon.colcon_core.shell[0m [1;30mINFO[0m Creating environment hook '/root/real_ws/install/armquadrover/share/armquadrover/hook/cmake_prefix_path.ps1'
[117.258s] [34mcolcon.colcon_core.shell[0m [1;30mINFO[0m Creating environment descriptor '/root/real_ws/install/armquadrover/share/armquadrover/hook/cmake_prefix_path.dsv'
[117.261s] [34mcolcon.colcon_core.shell[0m [1;30mINFO[0m Creating environment hook '/root/real_ws/install/armquadrover/share/armquadrover/hook/cmake_prefix_path.sh'
[117.265s] [34mcolcon.colcon_core.environment[0m [1;30mLevel 1[0m checking '/root/real_ws/install/armquadrover/lib'
[117.266s] [34mcolcon.colcon_core.environment[0m [1;30mLevel 1[0m checking '/root/real_ws/install/armquadrover/bin'
[117.267s] [34mcolcon.colcon_core.environment[0m [1;30mLevel 1[0m checking '/root/real_ws/install/armquadrover/lib/pkgconfig/armquadrover.pc'
[117.269s] [34mcolcon.colcon_core.environment[0m [1;30mLevel 1[0m checking '/root/real_ws/install/armquadrover/lib/python3.10/site-packages'
[117.271s] [34mcolcon.colcon_core.environment[0m [1;30mLevel 1[0m checking '/root/real_ws/install/armquadrover/bin'
[117.274s] [34mcolcon.colcon_core.shell[0m [1;30mINFO[0m Creating package script '/root/real_ws/install/armquadrover/share/armquadrover/package.ps1'
[117.278s] [34mcolcon.colcon_core.shell[0m [1;30mINFO[0m Creating package descriptor '/root/real_ws/install/armquadrover/share/armquadrover/package.dsv'
[117.282s] [34mcolcon.colcon_core.shell[0m [1;30mINFO[0m Creating package script '/root/real_ws/install/armquadrover/share/armquadrover/package.sh'
[117.286s] [34mcolcon.colcon_core.shell[0m [1;30mINFO[0m Creating package script '/root/real_ws/install/armquadrover/share/armquadrover/package.bash'
[117.289s] [34mcolcon.colcon_core.shell[0m [1;30mINFO[0m Creating package script '/root/real_ws/install/armquadrover/share/armquadrover/package.zsh'
[117.293s] [34mcolcon.colcon_core.environment[0m [1;30mLevel 1[0m create_file_with_runtime_dependencies(/root/real_ws/install/armquadrover/share/colcon-core/packages/armquadrover)
[117.295s] [34mcolcon.colcon_parallel_executor.executor.parallel[0m [1;30mDEBUG[0m [32mclosing loop[0m
[117.297s] [34mcolcon.colcon_parallel_executor.executor.parallel[0m [1;30mDEBUG[0m [32mloop closed[0m
[117.298s] [34mcolcon.colcon_parallel_executor.executor.parallel[0m [1;30mDEBUG[0m [32mrun_until_complete finished with '0'[0m
[117.300s] [34mcolcon.colcon_core.event_reactor[0m [1;30mDEBUG[0m [32mjoining thread[0m
[117.341s] [34mcolcon.colcon_core.plugin_system[0m [1;30mINFO[0m Skipping extension 'colcon_notification.desktop_notification.notify_send': Could not find 'notify-send'
[117.342s] [34mcolcon.colcon_core.plugin_system[0m [1;30mINFO[0m Skipping extension 'colcon_notification.desktop_notification.terminal_notifier': Not used on non-Darwin systems
[117.343s] [34mcolcon.colcon_core.plugin_system[0m [1;30mINFO[0m Skipping extension 'colcon_notification.desktop_notification.win32': Not used on non-Windows systems
[117.343s] [34mcolcon.colcon_notification.desktop_notification[0m [1;30mINFO[0m Sending desktop notification using 'notify2'
[142.349s] [34mcolcon.colcon_notification.desktop_notification.notify2[0m [1;30mDEBUG[0m [32mFailed to initialize notify2: org.freedesktop.DBus.Error.NoReply: Did not receive a reply. Possible causes include: the remote application did not send a reply, the message bus security policy blocked the reply, the reply timeout expired, or the network connection was broken.[0m
[142.350s] [34mcolcon.colcon_core.event_reactor[0m [1;30mDEBUG[0m [32mjoined thread[0m
[142.352s] [34mcolcon.colcon_core.shell[0m [1;30mINFO[0m Creating prefix script '/root/real_ws/install/local_setup.ps1'
[142.359s] [34mcolcon.colcon_core.shell[0m [1;30mINFO[0m Creating prefix util module '/root/real_ws/install/_local_setup_util_ps1.py'
[142.370s] [34mcolcon.colcon_core.shell[0m [1;30mINFO[0m Creating prefix chain script '/root/real_ws/install/setup.ps1'
[142.385s] [34mcolcon.colcon_core.shell[0m [1;30mINFO[0m Creating prefix script '/root/real_ws/install/local_setup.sh'
[142.390s] [34mcolcon.colcon_core.shell[0m [1;30mINFO[0m Creating prefix util module '/root/real_ws/install/_local_setup_util_sh.py'
[142.393s] [34mcolcon.colcon_core.shell[0m [1;30mINFO[0m Creating prefix chain script '/root/real_ws/install/setup.sh'
[142.402s] [34mcolcon.colcon_core.shell[0m [1;30mINFO[0m Creating prefix script '/root/real_ws/install/local_setup.bash'
[142.406s] [34mcolcon.colcon_core.shell[0m [1;30mINFO[0m Creating prefix chain script '/root/real_ws/install/setup.bash'
[142.416s] [34mcolcon.colcon_core.shell[0m [1;30mINFO[0m Creating prefix script '/root/real_ws/install/local_setup.zsh'
[142.420s] [34mcolcon.colcon_core.shell[0m [1;30mINFO[0m Creating prefix chain script '/root/real_ws/install/setup.zsh'
