[0.145s] Invoking command in '/root/real_ws/build/armquadrover_msgs': CMAKE_PREFIX_PATH=${CMAKE_PREFIX_PATH}:/root/urdf_ws/install/doublearm6_description:/opt/ros/humble /usr/local/bin/cmake --build /root/real_ws/build/armquadrover_msgs -- -j4 -l4
[1.291s] [  2%] Built target armquadrover_msgs__cpp
[1.454s] [  2%] Built target ament_cmake_python_copy_armquadrover_msgs
[1.709s] [ 12%] Built target armquadrover_msgs__rosidl_typesupport_fastrtps_cpp
[2.025s] [ 23%] Built target armquadrover_msgs__rosidl_typesupport_introspection_cpp
[5.513s] running egg_info
[5.524s] writing armquadrover_msgs.egg-info/PKG-INFO
[5.533s] writing dependency_links to armquadrover_msgs.egg-info/dependency_links.txt
[5.542s] writing top-level names to armquadrover_msgs.egg-info/top_level.txt
[5.552s] reading manifest file 'armquadrover_msgs.egg-info/SOURCES.txt'
[5.562s] writing manifest file 'armquadrover_msgs.egg-info/SOURCES.txt'
[5.934s] [ 23%] Built target ament_cmake_python_build_armquadrover_msgs_egg
[6.122s] [ 33%] Built target armquadrover_msgs__rosidl_typesupport_cpp
[6.343s] [ 43%] Built target armquadrover_msgs__rosidl_generator_c
[6.532s] [ 53%] Built target armquadrover_msgs__rosidl_typesupport_fastrtps_c
[6.725s] [ 64%] Built target armquadrover_msgs__rosidl_typesupport_c
[6.919s] [ 74%] Built target armquadrover_msgs__rosidl_typesupport_introspection_c
[7.130s] [ 74%] Built target armquadrover_msgs
[7.343s] [ 76%] Built target armquadrover_msgs__py
[7.518s] [ 84%] Built target armquadrover_msgs__rosidl_generator_py
[7.719s] [ 89%] Built target armquadrover_msgs__rosidl_typesupport_fastrtps_c__pyext
[7.845s] [ 94%] Built target armquadrover_msgs__rosidl_typesupport_c__pyext
[7.958s] [100%] Built target armquadrover_msgs__rosidl_typesupport_introspection_c__pyext
[8.330s] Invoked command in '/root/real_ws/build/armquadrover_msgs' returned '0': CMAKE_PREFIX_PATH=${CMAKE_PREFIX_PATH}:/root/urdf_ws/install/doublearm6_description:/opt/ros/humble /usr/local/bin/cmake --build /root/real_ws/build/armquadrover_msgs -- -j4 -l4
[11.201s] Invoking command in '/root/real_ws/build/armquadrover_msgs': CMAKE_PREFIX_PATH=${CMAKE_PREFIX_PATH}:/root/urdf_ws/install/doublearm6_description:/opt/ros/humble /usr/local/bin/cmake --install /root/real_ws/build/armquadrover_msgs
[12.282s] -- Install configuration: ""
[12.293s] -- Up-to-date: /root/real_ws/install/armquadrover_msgs/share/ament_index/resource_index/rosidl_interfaces/armquadrover_msgs
[12.308s] -- Up-to-date: /root/real_ws/install/armquadrover_msgs/include/armquadrover_msgs/armquadrover_msgs
[12.324s] -- Up-to-date: /root/real_ws/install/armquadrover_msgs/include/armquadrover_msgs/armquadrover_msgs/msg
[12.339s] -- Up-to-date: /root/real_ws/install/armquadrover_msgs/include/armquadrover_msgs/armquadrover_msgs/msg/ddsm115.h
[12.340s] -- Up-to-date: /root/real_ws/install/armquadrover_msgs/include/armquadrover_msgs/armquadrover_msgs/msg/detail
[12.341s] -- Up-to-date: /root/real_ws/install/armquadrover_msgs/include/armquadrover_msgs/armquadrover_msgs/msg/detail/ddsm115_servo__functions.c
[12.346s] -- Up-to-date: /root/real_ws/install/armquadrover_msgs/include/armquadrover_msgs/armquadrover_msgs/msg/detail/ddsm115_servo__struct.h
[12.352s] -- Up-to-date: /root/real_ws/install/armquadrover_msgs/include/armquadrover_msgs/armquadrover_msgs/msg/detail/ddsm115__functions.c
[12.353s] -- Up-to-date: /root/real_ws/install/armquadrover_msgs/include/armquadrover_msgs/armquadrover_msgs/msg/detail/ddsm115_servo__functions.h
[12.359s] -- Up-to-date: /root/real_ws/install/armquadrover_msgs/include/armquadrover_msgs/armquadrover_msgs/msg/detail/ddsm115_servo__type_support.h
[12.360s] -- Up-to-date: /root/real_ws/install/armquadrover_msgs/include/armquadrover_msgs/armquadrover_msgs/msg/detail/ddsm115__struct.h
[12.360s] -- Up-to-date: /root/real_ws/install/armquadrover_msgs/include/armquadrover_msgs/armquadrover_msgs/msg/detail/ddsm115__functions.h
[12.361s] -- Up-to-date: /root/real_ws/install/armquadrover_msgs/include/armquadrover_msgs/armquadrover_msgs/msg/detail/ddsm115__type_support.h
[12.362s] -- Up-to-date: /root/real_ws/install/armquadrover_msgs/include/armquadrover_msgs/armquadrover_msgs/msg/ddsm115_servo.h
[12.367s] -- Up-to-date: /root/real_ws/install/armquadrover_msgs/include/armquadrover_msgs/armquadrover_msgs/msg/rosidl_generator_c__visibility_control.h
[12.368s] -- Up-to-date: /root/real_ws/install/armquadrover_msgs/share/armquadrover_msgs/environment/library_path.sh
[12.369s] -- Up-to-date: /root/real_ws/install/armquadrover_msgs/share/armquadrover_msgs/environment/library_path.dsv
[12.370s] -- Up-to-date: /root/real_ws/install/armquadrover_msgs/lib/libarmquadrover_msgs__rosidl_generator_c.so
[12.377s] -- Up-to-date: /root/real_ws/install/armquadrover_msgs/include/armquadrover_msgs/armquadrover_msgs
[12.378s] -- Up-to-date: /root/real_ws/install/armquadrover_msgs/include/armquadrover_msgs/armquadrover_msgs/msg
[12.383s] -- Up-to-date: /root/real_ws/install/armquadrover_msgs/include/armquadrover_msgs/armquadrover_msgs/msg/detail
[12.385s] -- Up-to-date: /root/real_ws/install/armquadrover_msgs/include/armquadrover_msgs/armquadrover_msgs/msg/detail/ddsm115_servo__rosidl_typesupport_fastrtps_c.h
[12.388s] -- Up-to-date: /root/real_ws/install/armquadrover_msgs/include/armquadrover_msgs/armquadrover_msgs/msg/detail/ddsm115__rosidl_typesupport_fastrtps_c.h
[12.389s] -- Up-to-date: /root/real_ws/install/armquadrover_msgs/include/armquadrover_msgs/armquadrover_msgs/msg/rosidl_typesupport_fastrtps_c__visibility_control.h
[12.390s] -- Up-to-date: /root/real_ws/install/armquadrover_msgs/lib/libarmquadrover_msgs__rosidl_typesupport_fastrtps_c.so
[12.395s] -- Up-to-date: /root/real_ws/install/armquadrover_msgs/include/armquadrover_msgs/armquadrover_msgs
[12.396s] -- Up-to-date: /root/real_ws/install/armquadrover_msgs/include/armquadrover_msgs/armquadrover_msgs/msg
[12.399s] -- Up-to-date: /root/real_ws/install/armquadrover_msgs/include/armquadrover_msgs/armquadrover_msgs/msg/rosidl_typesupport_introspection_c__visibility_control.h
[12.400s] -- Up-to-date: /root/real_ws/install/armquadrover_msgs/include/armquadrover_msgs/armquadrover_msgs/msg/detail
[12.401s] -- Up-to-date: /root/real_ws/install/armquadrover_msgs/include/armquadrover_msgs/armquadrover_msgs/msg/detail/ddsm115_servo__type_support.c
[12.402s] -- Up-to-date: /root/real_ws/install/armquadrover_msgs/include/armquadrover_msgs/armquadrover_msgs/msg/detail/ddsm115_servo__rosidl_typesupport_introspection_c.h
[12.407s] -- Up-to-date: /root/real_ws/install/armquadrover_msgs/include/armquadrover_msgs/armquadrover_msgs/msg/detail/ddsm115__type_support.c
[12.408s] -- Up-to-date: /root/real_ws/install/armquadrover_msgs/include/armquadrover_msgs/armquadrover_msgs/msg/detail/ddsm115__rosidl_typesupport_introspection_c.h
[12.408s] -- Up-to-date: /root/real_ws/install/armquadrover_msgs/lib/libarmquadrover_msgs__rosidl_typesupport_introspection_c.so
[12.409s] -- Up-to-date: /root/real_ws/install/armquadrover_msgs/lib/libarmquadrover_msgs__rosidl_typesupport_c.so
[12.417s] -- Up-to-date: /root/real_ws/install/armquadrover_msgs/include/armquadrover_msgs/armquadrover_msgs
[12.422s] -- Up-to-date: /root/real_ws/install/armquadrover_msgs/include/armquadrover_msgs/armquadrover_msgs/msg
[12.423s] -- Up-to-date: /root/real_ws/install/armquadrover_msgs/include/armquadrover_msgs/armquadrover_msgs/msg/ddsm115_servo.hpp
[12.424s] -- Up-to-date: /root/real_ws/install/armquadrover_msgs/include/armquadrover_msgs/armquadrover_msgs/msg/detail
[12.424s] -- Up-to-date: /root/real_ws/install/armquadrover_msgs/include/armquadrover_msgs/armquadrover_msgs/msg/detail/ddsm115__traits.hpp
[12.425s] -- Up-to-date: /root/real_ws/install/armquadrover_msgs/include/armquadrover_msgs/armquadrover_msgs/msg/detail/ddsm115_servo__builder.hpp
[12.426s] -- Up-to-date: /root/real_ws/install/armquadrover_msgs/include/armquadrover_msgs/armquadrover_msgs/msg/detail/ddsm115__builder.hpp
[12.431s] -- Up-to-date: /root/real_ws/install/armquadrover_msgs/include/armquadrover_msgs/armquadrover_msgs/msg/detail/ddsm115_servo__traits.hpp
[12.432s] -- Up-to-date: /root/real_ws/install/armquadrover_msgs/include/armquadrover_msgs/armquadrover_msgs/msg/detail/ddsm115__struct.hpp
[12.437s] -- Up-to-date: /root/real_ws/install/armquadrover_msgs/include/armquadrover_msgs/armquadrover_msgs/msg/detail/ddsm115_servo__struct.hpp
[12.439s] -- Up-to-date: /root/real_ws/install/armquadrover_msgs/include/armquadrover_msgs/armquadrover_msgs/msg/ddsm115.hpp
[12.440s] -- Up-to-date: /root/real_ws/install/armquadrover_msgs/include/armquadrover_msgs/armquadrover_msgs
[12.441s] -- Up-to-date: /root/real_ws/install/armquadrover_msgs/include/armquadrover_msgs/armquadrover_msgs/msg
[12.447s] -- Up-to-date: /root/real_ws/install/armquadrover_msgs/include/armquadrover_msgs/armquadrover_msgs/msg/rosidl_typesupport_fastrtps_cpp__visibility_control.h
[12.452s] -- Up-to-date: /root/real_ws/install/armquadrover_msgs/include/armquadrover_msgs/armquadrover_msgs/msg/detail
[12.453s] -- Up-to-date: /root/real_ws/install/armquadrover_msgs/include/armquadrover_msgs/armquadrover_msgs/msg/detail/dds_fastrtps
[12.454s] -- Up-to-date: /root/real_ws/install/armquadrover_msgs/include/armquadrover_msgs/armquadrover_msgs/msg/detail/ddsm115_servo__rosidl_typesupport_fastrtps_cpp.hpp
[12.468s] -- Up-to-date: /root/real_ws/install/armquadrover_msgs/include/armquadrover_msgs/armquadrover_msgs/msg/detail/ddsm115__rosidl_typesupport_fastrtps_cpp.hpp
[12.469s] -- Up-to-date: /root/real_ws/install/armquadrover_msgs/lib/libarmquadrover_msgs__rosidl_typesupport_fastrtps_cpp.so
[12.477s] -- Up-to-date: /root/real_ws/install/armquadrover_msgs/include/armquadrover_msgs/armquadrover_msgs
[12.479s] -- Up-to-date: /root/real_ws/install/armquadrover_msgs/include/armquadrover_msgs/armquadrover_msgs/msg
[12.479s] -- Up-to-date: /root/real_ws/install/armquadrover_msgs/include/armquadrover_msgs/armquadrover_msgs/msg/detail
[12.484s] -- Up-to-date: /root/real_ws/install/armquadrover_msgs/include/armquadrover_msgs/armquadrover_msgs/msg/detail/ddsm115__type_support.cpp
[12.485s] -- Up-to-date: /root/real_ws/install/armquadrover_msgs/include/armquadrover_msgs/armquadrover_msgs/msg/detail/ddsm115_servo__rosidl_typesupport_introspection_cpp.hpp
[12.491s] -- Up-to-date: /root/real_ws/install/armquadrover_msgs/include/armquadrover_msgs/armquadrover_msgs/msg/detail/ddsm115_servo__type_support.cpp
[12.491s] -- Up-to-date: /root/real_ws/install/armquadrover_msgs/include/armquadrover_msgs/armquadrover_msgs/msg/detail/ddsm115__rosidl_typesupport_introspection_cpp.hpp
[12.492s] -- Up-to-date: /root/real_ws/install/armquadrover_msgs/lib/libarmquadrover_msgs__rosidl_typesupport_introspection_cpp.so
[12.492s] -- Up-to-date: /root/real_ws/install/armquadrover_msgs/lib/libarmquadrover_msgs__rosidl_typesupport_cpp.so
[12.493s] -- Up-to-date: /root/real_ws/install/armquadrover_msgs/share/armquadrover_msgs/environment/pythonpath.sh
[12.493s] -- Up-to-date: /root/real_ws/install/armquadrover_msgs/share/armquadrover_msgs/environment/pythonpath.dsv
[12.494s] -- Up-to-date: /root/real_ws/install/armquadrover_msgs/local/lib/python3.10/dist-packages/armquadrover_msgs-0.0.0-py3.10.egg-info
[12.500s] -- Installing: /root/real_ws/install/armquadrover_msgs/local/lib/python3.10/dist-packages/armquadrover_msgs-0.0.0-py3.10.egg-info/SOURCES.txt
[12.500s] -- Installing: /root/real_ws/install/armquadrover_msgs/local/lib/python3.10/dist-packages/armquadrover_msgs-0.0.0-py3.10.egg-info/PKG-INFO
[12.501s] -- Installing: /root/real_ws/install/armquadrover_msgs/local/lib/python3.10/dist-packages/armquadrover_msgs-0.0.0-py3.10.egg-info/dependency_links.txt
[12.501s] -- Installing: /root/real_ws/install/armquadrover_msgs/local/lib/python3.10/dist-packages/armquadrover_msgs-0.0.0-py3.10.egg-info/top_level.txt
[12.502s] -- Up-to-date: /root/real_ws/install/armquadrover_msgs/local/lib/python3.10/dist-packages/armquadrover_msgs
[12.511s] -- Up-to-date: /root/real_ws/install/armquadrover_msgs/local/lib/python3.10/dist-packages/armquadrover_msgs/msg
[12.512s] -- Up-to-date: /root/real_ws/install/armquadrover_msgs/local/lib/python3.10/dist-packages/armquadrover_msgs/msg/_ddsm115_servo_s.c
[12.513s] -- Up-to-date: /root/real_ws/install/armquadrover_msgs/local/lib/python3.10/dist-packages/armquadrover_msgs/msg/_ddsm115_servo.py
[12.513s] -- Up-to-date: /root/real_ws/install/armquadrover_msgs/local/lib/python3.10/dist-packages/armquadrover_msgs/msg/_ddsm115_s.c
[12.514s] -- Up-to-date: /root/real_ws/install/armquadrover_msgs/local/lib/python3.10/dist-packages/armquadrover_msgs/msg/__init__.py
[12.520s] -- Up-to-date: /root/real_ws/install/armquadrover_msgs/local/lib/python3.10/dist-packages/armquadrover_msgs/msg/_ddsm115.py
[12.521s] -- Up-to-date: /root/real_ws/install/armquadrover_msgs/local/lib/python3.10/dist-packages/armquadrover_msgs/_armquadrover_msgs_s.ep.rosidl_typesupport_introspection_c.c
[12.521s] -- Up-to-date: /root/real_ws/install/armquadrover_msgs/local/lib/python3.10/dist-packages/armquadrover_msgs/libarmquadrover_msgs__rosidl_generator_py.so
[12.522s] -- Up-to-date: /root/real_ws/install/armquadrover_msgs/local/lib/python3.10/dist-packages/armquadrover_msgs/_armquadrover_msgs_s.ep.rosidl_typesupport_fastrtps_c.c
[12.524s] -- Up-to-date: /root/real_ws/install/armquadrover_msgs/local/lib/python3.10/dist-packages/armquadrover_msgs/armquadrover_msgs_s__rosidl_typesupport_c.cpython-310-aarch64-linux-gnu.so
[12.525s] -- Up-to-date: /root/real_ws/install/armquadrover_msgs/local/lib/python3.10/dist-packages/armquadrover_msgs/armquadrover_msgs_s__rosidl_typesupport_introspection_c.cpython-310-aarch64-linux-gnu.so
[12.525s] -- Up-to-date: /root/real_ws/install/armquadrover_msgs/local/lib/python3.10/dist-packages/armquadrover_msgs/_armquadrover_msgs_s.ep.rosidl_typesupport_c.c
[12.531s] -- Up-to-date: /root/real_ws/install/armquadrover_msgs/local/lib/python3.10/dist-packages/armquadrover_msgs/__init__.py
[12.532s] -- Up-to-date: /root/real_ws/install/armquadrover_msgs/local/lib/python3.10/dist-packages/armquadrover_msgs/armquadrover_msgs_s__rosidl_typesupport_fastrtps_c.cpython-310-aarch64-linux-gnu.so
[12.813s] Listing '/root/real_ws/install/armquadrover_msgs/local/lib/python3.10/dist-packages/armquadrover_msgs'...
[12.814s] Listing '/root/real_ws/install/armquadrover_msgs/local/lib/python3.10/dist-packages/armquadrover_msgs/msg'...
[12.899s] -- Up-to-date: /root/real_ws/install/armquadrover_msgs/local/lib/python3.10/dist-packages/armquadrover_msgs/armquadrover_msgs_s__rosidl_typesupport_fastrtps_c.cpython-310-aarch64-linux-gnu.so
[12.905s] -- Up-to-date: /root/real_ws/install/armquadrover_msgs/local/lib/python3.10/dist-packages/armquadrover_msgs/armquadrover_msgs_s__rosidl_typesupport_introspection_c.cpython-310-aarch64-linux-gnu.so
[12.911s] -- Up-to-date: /root/real_ws/install/armquadrover_msgs/local/lib/python3.10/dist-packages/armquadrover_msgs/armquadrover_msgs_s__rosidl_typesupport_c.cpython-310-aarch64-linux-gnu.so
[12.916s] -- Up-to-date: /root/real_ws/install/armquadrover_msgs/lib/libarmquadrover_msgs__rosidl_generator_py.so
[12.923s] -- Up-to-date: /root/real_ws/install/armquadrover_msgs/share/armquadrover_msgs/msg/DDSM115.idl
[12.928s] -- Up-to-date: /root/real_ws/install/armquadrover_msgs/share/armquadrover_msgs/msg/DDSM115Servo.idl
[12.929s] -- Up-to-date: /root/real_ws/install/armquadrover_msgs/share/armquadrover_msgs/msg/DDSM115.msg
[12.944s] -- Up-to-date: /root/real_ws/install/armquadrover_msgs/share/armquadrover_msgs/msg/DDSM115Servo.msg
[12.945s] -- Up-to-date: /root/real_ws/install/armquadrover_msgs/share/ament_index/resource_index/package_run_dependencies/armquadrover_msgs
[12.946s] -- Up-to-date: /root/real_ws/install/armquadrover_msgs/share/ament_index/resource_index/parent_prefix_path/armquadrover_msgs
[12.951s] -- Up-to-date: /root/real_ws/install/armquadrover_msgs/share/armquadrover_msgs/environment/ament_prefix_path.sh
[12.952s] -- Up-to-date: /root/real_ws/install/armquadrover_msgs/share/armquadrover_msgs/environment/ament_prefix_path.dsv
[12.953s] -- Up-to-date: /root/real_ws/install/armquadrover_msgs/share/armquadrover_msgs/environment/path.sh
[12.954s] -- Up-to-date: /root/real_ws/install/armquadrover_msgs/share/armquadrover_msgs/environment/path.dsv
[12.970s] -- Up-to-date: /root/real_ws/install/armquadrover_msgs/share/armquadrover_msgs/local_setup.bash
[12.979s] -- Up-to-date: /root/real_ws/install/armquadrover_msgs/share/armquadrover_msgs/local_setup.sh
[12.980s] -- Up-to-date: /root/real_ws/install/armquadrover_msgs/share/armquadrover_msgs/local_setup.zsh
[12.981s] -- Up-to-date: /root/real_ws/install/armquadrover_msgs/share/armquadrover_msgs/local_setup.dsv
[12.982s] -- Installing: /root/real_ws/install/armquadrover_msgs/share/armquadrover_msgs/package.dsv
[12.987s] -- Up-to-date: /root/real_ws/install/armquadrover_msgs/share/ament_index/resource_index/packages/armquadrover_msgs
[12.988s] -- Up-to-date: /root/real_ws/install/armquadrover_msgs/share/armquadrover_msgs/cmake/export_armquadrover_msgs__rosidl_generator_cExport.cmake
[12.994s] -- Up-to-date: /root/real_ws/install/armquadrover_msgs/share/armquadrover_msgs/cmake/export_armquadrover_msgs__rosidl_generator_cExport-noconfig.cmake
[12.999s] -- Up-to-date: /root/real_ws/install/armquadrover_msgs/share/armquadrover_msgs/cmake/export_armquadrover_msgs__rosidl_typesupport_fastrtps_cExport.cmake
[13.000s] -- Up-to-date: /root/real_ws/install/armquadrover_msgs/share/armquadrover_msgs/cmake/export_armquadrover_msgs__rosidl_typesupport_fastrtps_cExport-noconfig.cmake
[13.001s] -- Up-to-date: /root/real_ws/install/armquadrover_msgs/share/armquadrover_msgs/cmake/armquadrover_msgs__rosidl_typesupport_introspection_cExport.cmake
[13.002s] -- Up-to-date: /root/real_ws/install/armquadrover_msgs/share/armquadrover_msgs/cmake/armquadrover_msgs__rosidl_typesupport_introspection_cExport-noconfig.cmake
[13.009s] -- Up-to-date: /root/real_ws/install/armquadrover_msgs/share/armquadrover_msgs/cmake/armquadrover_msgs__rosidl_typesupport_cExport.cmake
[13.015s] -- Up-to-date: /root/real_ws/install/armquadrover_msgs/share/armquadrover_msgs/cmake/armquadrover_msgs__rosidl_typesupport_cExport-noconfig.cmake
[13.016s] -- Up-to-date: /root/real_ws/install/armquadrover_msgs/share/armquadrover_msgs/cmake/export_armquadrover_msgs__rosidl_generator_cppExport.cmake
[13.017s] -- Up-to-date: /root/real_ws/install/armquadrover_msgs/share/armquadrover_msgs/cmake/export_armquadrover_msgs__rosidl_typesupport_fastrtps_cppExport.cmake
[13.018s] -- Up-to-date: /root/real_ws/install/armquadrover_msgs/share/armquadrover_msgs/cmake/export_armquadrover_msgs__rosidl_typesupport_fastrtps_cppExport-noconfig.cmake
[13.027s] -- Up-to-date: /root/real_ws/install/armquadrover_msgs/share/armquadrover_msgs/cmake/armquadrover_msgs__rosidl_typesupport_introspection_cppExport.cmake
[13.028s] -- Up-to-date: /root/real_ws/install/armquadrover_msgs/share/armquadrover_msgs/cmake/armquadrover_msgs__rosidl_typesupport_introspection_cppExport-noconfig.cmake
[13.029s] -- Up-to-date: /root/real_ws/install/armquadrover_msgs/share/armquadrover_msgs/cmake/armquadrover_msgs__rosidl_typesupport_cppExport.cmake
[13.030s] -- Up-to-date: /root/real_ws/install/armquadrover_msgs/share/armquadrover_msgs/cmake/armquadrover_msgs__rosidl_typesupport_cppExport-noconfig.cmake
[13.033s] -- Up-to-date: /root/real_ws/install/armquadrover_msgs/share/armquadrover_msgs/cmake/export_armquadrover_msgs__rosidl_generator_pyExport.cmake
[13.034s] -- Up-to-date: /root/real_ws/install/armquadrover_msgs/share/armquadrover_msgs/cmake/export_armquadrover_msgs__rosidl_generator_pyExport-noconfig.cmake
[13.039s] -- Up-to-date: /root/real_ws/install/armquadrover_msgs/share/armquadrover_msgs/cmake/rosidl_cmake-extras.cmake
[13.040s] -- Up-to-date: /root/real_ws/install/armquadrover_msgs/share/armquadrover_msgs/cmake/ament_cmake_export_include_directories-extras.cmake
[13.041s] -- Up-to-date: /root/real_ws/install/armquadrover_msgs/share/armquadrover_msgs/cmake/ament_cmake_export_libraries-extras.cmake
[13.051s] -- Up-to-date: /root/real_ws/install/armquadrover_msgs/share/armquadrover_msgs/cmake/ament_cmake_export_targets-extras.cmake
[13.052s] -- Up-to-date: /root/real_ws/install/armquadrover_msgs/share/armquadrover_msgs/cmake/rosidl_cmake_export_typesupport_targets-extras.cmake
[13.053s] -- Up-to-date: /root/real_ws/install/armquadrover_msgs/share/armquadrover_msgs/cmake/ament_cmake_export_dependencies-extras.cmake
[13.054s] -- Up-to-date: /root/real_ws/install/armquadrover_msgs/share/armquadrover_msgs/cmake/rosidl_cmake_export_typesupport_libraries-extras.cmake
[13.057s] -- Up-to-date: /root/real_ws/install/armquadrover_msgs/share/armquadrover_msgs/cmake/armquadrover_msgsConfig.cmake
[13.058s] -- Up-to-date: /root/real_ws/install/armquadrover_msgs/share/armquadrover_msgs/cmake/armquadrover_msgsConfig-version.cmake
[13.063s] -- Up-to-date: /root/real_ws/install/armquadrover_msgs/share/armquadrover_msgs/package.xml
[13.281s] Invoked command in '/root/real_ws/build/armquadrover_msgs' returned '0': CMAKE_PREFIX_PATH=${CMAKE_PREFIX_PATH}:/root/urdf_ws/install/doublearm6_description:/opt/ros/humble /usr/local/bin/cmake --install /root/real_ws/build/armquadrover_msgs
