[35m[1mConsolidate compiler generated dependencies of target node_01[0m
[ 25%] Built target node_01
[35m[1mConsolidate compiler generated dependencies of target SerialNode[0m
[ 37%] [32mBuilding CXX object CMakeFiles/SerialNode.dir/src/SerialNode.cpp.o[0m
[01m[K/root/real_ws/src/armquadrover_gnb/armquadrover/src/SerialNode.cpp:92:51:[m[K [01;31m[Kerror: [m[K‘[01m[KBool[m[K’ in namespace ‘[01m[Kstd_msgs::msg[m[K’ does not name a type
   92 |     void leftSuccessCallback(const std_msgs::msg::[01;31m[KBool[m[K::SharedPtr msg) {
      |                                                   [01;31m[K^~~~[m[K
[01m[K/root/real_ws/src/armquadrover_gnb/armquadrover/src/SerialNode.cpp:92:67:[m[K [01;31m[Kerror: [m[Kexpected unqualified-id before ‘[01m[Kmsg[m[K’
   92 |     void leftSuccessCallback(const std_msgs::msg::Bool::SharedPtr [01;31m[Kmsg[m[K) {
      |                                                                   [01;31m[K^~~[m[K
[01m[K/root/real_ws/src/armquadrover_gnb/armquadrover/src/SerialNode.cpp:92:66:[m[K [01;31m[Kerror: [m[Kexpected ‘[01m[K)[m[K’ before ‘[01m[Kmsg[m[K’
   92 |     void leftSuccessCallback[34m[K([m[Kconst std_msgs::msg::Bool::SharedPtr[01;31m[K [m[K[32m[Kmsg[m[K) {
      |                             [34m[K~[m[K                                    [01;31m[K^[m[K[32m[K~~~[m[K
      |                                                                  [32m[K)[m[K
[01m[K/root/real_ws/src/armquadrover_gnb/armquadrover/src/SerialNode.cpp:92:57:[m[K [01;31m[Kerror: [m[Kexpected ‘[01m[K;[m[K’ at end of member declaration
   92 |     void leftSuccessCallback(const std_msgs::msg::Bool::[01;31m[KSharedPtr[m[K msg) {
      |                                                         [01;31m[K^~~~~~~~~[m[K
      |                                                                  [32m[K;[m[K
[01m[K/root/real_ws/src/armquadrover_gnb/armquadrover/src/SerialNode.cpp:92:67:[m[K [01;31m[Kerror: [m[K‘[01m[Kmsg[m[K’ does not name a type
   92 |     void leftSuccessCallback(const std_msgs::msg::Bool::SharedPtr [01;31m[Kmsg[m[K) {
      |                                                                   [01;31m[K^~~[m[K
[01m[K/root/real_ws/src/armquadrover_gnb/armquadrover/src/SerialNode.cpp:95:52:[m[K [01;31m[Kerror: [m[K‘[01m[KBool[m[K’ in namespace ‘[01m[Kstd_msgs::msg[m[K’ does not name a type
   95 |     void rightSuccessCallback(const std_msgs::msg::[01;31m[KBool[m[K::SharedPtr msg) {
      |                                                    [01;31m[K^~~~[m[K
[01m[K/root/real_ws/src/armquadrover_gnb/armquadrover/src/SerialNode.cpp:95:68:[m[K [01;31m[Kerror: [m[Kexpected unqualified-id before ‘[01m[Kmsg[m[K’
   95 |     void rightSuccessCallback(const std_msgs::msg::Bool::SharedPtr [01;31m[Kmsg[m[K) {
      |                                                                    [01;31m[K^~~[m[K
[01m[K/root/real_ws/src/armquadrover_gnb/armquadrover/src/SerialNode.cpp:95:67:[m[K [01;31m[Kerror: [m[Kexpected ‘[01m[K)[m[K’ before ‘[01m[Kmsg[m[K’
   95 |     void rightSuccessCallback[34m[K([m[Kconst std_msgs::msg::Bool::SharedPtr[01;31m[K [m[K[32m[Kmsg[m[K) {
      |                              [34m[K~[m[K                                    [01;31m[K^[m[K[32m[K~~~[m[K
      |                                                                   [32m[K)[m[K
[01m[K/root/real_ws/src/armquadrover_gnb/armquadrover/src/SerialNode.cpp:95:58:[m[K [01;31m[Kerror: [m[Kexpected ‘[01m[K;[m[K’ at end of member declaration
   95 |     void rightSuccessCallback(const std_msgs::msg::Bool::[01;31m[KSharedPtr[m[K msg) {
      |                                                          [01;31m[K^~~~~~~~~[m[K
      |                                                                   [32m[K;[m[K
[01m[K/root/real_ws/src/armquadrover_gnb/armquadrover/src/SerialNode.cpp:95:68:[m[K [01;31m[Kerror: [m[K‘[01m[Kmsg[m[K’ does not name a type
   95 |     void rightSuccessCallback(const std_msgs::msg::Bool::SharedPtr [01;31m[Kmsg[m[K) {
      |                                                                    [01;31m[K^~~[m[K
[01m[K/root/real_ws/src/armquadrover_gnb/armquadrover/src/SerialNode.cpp:[m[K In constructor ‘[01m[KSerialNode::SerialNode()[m[K’:
[01m[K/root/real_ws/src/armquadrover_gnb/armquadrover/src/SerialNode.cpp:39:9:[m[K [01;31m[Kerror: [m[K‘[01m[Ksuccess_left_subscription_[m[K’ was not declared in this scope
   39 |         [01;31m[Ksuccess_left_subscription_[m[K = this->create_subscription<std_msgs::msg::Bool>("/moveit_success_left", 10, std::bind(&SerialNode::leftSuccessCallback, this, std::placeholders::_1));
      |         [01;31m[K^~~~~~~~~~~~~~~~~~~~~~~~~~[m[K
[01m[K/root/real_ws/src/armquadrover_gnb/armquadrover/src/SerialNode.cpp:39:79:[m[K [01;31m[Kerror: [m[K‘[01m[KBool[m[K’ is not a member of ‘[01m[Kstd_msgs::msg[m[K’
   39 |         success_left_subscription_ = this->create_subscription<std_msgs::msg::[01;31m[KBool[m[K>("/moveit_success_left", 10, std::bind(&SerialNode::leftSuccessCallback, this, std::placeholders::_1));
      |                                                                               [01;31m[K^~~~[m[K
[01m[K/root/real_ws/src/armquadrover_gnb/armquadrover/src/SerialNode.cpp:39:84:[m[K [01;31m[Kerror: [m[Kno matching function for call to ‘[01m[KSerialNode::create_subscription<<expression error> >(const char [21], int, std::_Bind_helper<false, void (SerialNode::*)(...), SerialNode*, const std::_Placeholder<1>&>::type)[m[K’
   39 |         success_left_subscription_ = [01;31m[Kthis->create_subscription<std_msgs::msg::Bool>("/moveit_success_left", 10, std::bind(&SerialNode::leftSuccessCallback, this, std::placeholders::_1))[m[K;
      |                                      [01;31m[K~~~~~~~~~~~~~~~~~~~~~~~~~~~~~~~~~~~~~~~~~~~~~~^~~~~~~~~~~~~~~~~~~~~~~~~~~~~~~~~~~~~~~~~~~~~~~~~~~~~~~~~~~~~~~~~~~~~~~~~~~~~~~~~~~~~~~~~~~~~~~~~~~~~~[m[K
In file included from [01m[K/opt/ros/humble/include/rclcpp/rclcpp/node.hpp:1321[m[K,
                 from [01m[K/opt/ros/humble/include/rclcpp/rclcpp/executors/single_threaded_executor.hpp:28[m[K,
                 from [01m[K/opt/ros/humble/include/rclcpp/rclcpp/executors.hpp:22[m[K,
                 from [01m[K/opt/ros/humble/include/rclcpp/rclcpp/rclcpp.hpp:155[m[K,
                 from [01m[K/root/real_ws/src/armquadrover_gnb/armquadrover/src/SerialNode.cpp:1[m[K:
[01m[K/opt/ros/humble/include/rclcpp/rclcpp/node_impl.hpp:92:1:[m[K [01;36m[Knote: [m[Kcandidate: ‘[01m[Ktemplate<class MessageT, class CallbackT, class AllocatorT, class SubscriptionT, class MessageMemoryStrategyT> std::shared_ptr<ROSMessageT> rclcpp::Node::create_subscription(const string&, const rclcpp::QoS&, CallbackT&&, const rclcpp::SubscriptionOptionsWithAllocator<AllocatorT>&, typename MessageMemoryStrategyT::SharedPtr)[m[K’
   92 | [01;36m[KNode[m[K::create_subscription(
      | [01;36m[K^~~~[m[K
[01m[K/opt/ros/humble/include/rclcpp/rclcpp/node_impl.hpp:92:1:[m[K [01;36m[Knote: [m[K  template argument deduction/substitution failed:
[01m[K/root/real_ws/src/armquadrover_gnb/armquadrover/src/SerialNode.cpp:39:84:[m[K [01;31m[Kerror: [m[Ktemplate argument 1 is invalid
   39 |         success_left_subscription_ = [01;31m[Kthis->create_subscription<std_msgs::msg::Bool>("/moveit_success_left", 10, std::bind(&SerialNode::leftSuccessCallback, this, std::placeholders::_1))[m[K;
      |                                      [01;31m[K~~~~~~~~~~~~~~~~~~~~~~~~~~~~~~~~~~~~~~~~~~~~~~^~~~~~~~~~~~~~~~~~~~~~~~~~~~~~~~~~~~~~~~~~~~~~~~~~~~~~~~~~~~~~~~~~~~~~~~~~~~~~~~~~~~~~~~~~~~~~~~~~~~~~[m[K
[01m[K/root/real_ws/src/armquadrover_gnb/armquadrover/src/SerialNode.cpp:41:9:[m[K [01;31m[Kerror: [m[K‘[01m[Ksuccess_right_subscription_[m[K’ was not declared in this scope
   41 |         [01;31m[Ksuccess_right_subscription_[m[K = this->create_subscription<std_msgs::msg::Bool>("/moveit_success_right", 10, std::bind(&SerialNode::rightSuccessCallback, this, std::placeholders::_1));
      |         [01;31m[K^~~~~~~~~~~~~~~~~~~~~~~~~~~[m[K
[01m[K/root/real_ws/src/armquadrover_gnb/armquadrover/src/SerialNode.cpp:41:80:[m[K [01;31m[Kerror: [m[K‘[01m[KBool[m[K’ is not a member of ‘[01m[Kstd_msgs::msg[m[K’
   41 |         success_right_subscription_ = this->create_subscription<std_msgs::msg::[01;31m[KBool[m[K>("/moveit_success_right", 10, std::bind(&SerialNode::rightSuccessCallback, this, std::placeholders::_1));
      |                                                                                [01;31m[K^~~~[m[K
[01m[K/root/real_ws/src/armquadrover_gnb/armquadrover/src/SerialNode.cpp:41:85:[m[K [01;31m[Kerror: [m[Kno matching function for call to ‘[01m[KSerialNode::create_subscription<<expression error> >(const char [22], int, std::_Bind_helper<false, void (SerialNode::*)(...), SerialNode*, const std::_Placeholder<1>&>::type)[m[K’
   41 |         success_right_subscription_ = [01;31m[Kthis->create_subscription<std_msgs::msg::Bool>("/moveit_success_right", 10, std::bind(&SerialNode::rightSuccessCallback, this, std::placeholders::_1))[m[K;
      |                                       [01;31m[K~~~~~~~~~~~~~~~~~~~~~~~~~~~~~~~~~~~~~~~~~~~~~~^~~~~~~~~~~~~~~~~~~~~~~~~~~~~~~~~~~~~~~~~~~~~~~~~~~~~~~~~~~~~~~~~~~~~~~~~~~~~~~~~~~~~~~~~~~~~~~~~~~~~~~~[m[K
In file included from [01m[K/opt/ros/humble/include/rclcpp/rclcpp/node.hpp:1321[m[K,
                 from [01m[K/opt/ros/humble/include/rclcpp/rclcpp/executors/single_threaded_executor.hpp:28[m[K,
                 from [01m[K/opt/ros/humble/include/rclcpp/rclcpp/executors.hpp:22[m[K,
                 from [01m[K/opt/ros/humble/include/rclcpp/rclcpp/rclcpp.hpp:155[m[K,
                 from [01m[K/root/real_ws/src/armquadrover_gnb/armquadrover/src/SerialNode.cpp:1[m[K:
[01m[K/opt/ros/humble/include/rclcpp/rclcpp/node_impl.hpp:92:1:[m[K [01;36m[Knote: [m[Kcandidate: ‘[01m[Ktemplate<class MessageT, class CallbackT, class AllocatorT, class SubscriptionT, class MessageMemoryStrategyT> std::shared_ptr<ROSMessageT> rclcpp::Node::create_subscription(const string&, const rclcpp::QoS&, CallbackT&&, const rclcpp::SubscriptionOptionsWithAllocator<AllocatorT>&, typename MessageMemoryStrategyT::SharedPtr)[m[K’
   92 | [01;36m[KNode[m[K::create_subscription(
      | [01;36m[K^~~~[m[K
[01m[K/opt/ros/humble/include/rclcpp/rclcpp/node_impl.hpp:92:1:[m[K [01;36m[Knote: [m[K  template argument deduction/substitution failed:
[01m[K/root/real_ws/src/armquadrover_gnb/armquadrover/src/SerialNode.cpp:41:85:[m[K [01;31m[Kerror: [m[Ktemplate argument 1 is invalid
   41 |         success_right_subscription_ = [01;31m[Kthis->create_subscription<std_msgs::msg::Bool>("/moveit_success_right", 10, std::bind(&SerialNode::rightSuccessCallback, this, std::placeholders::_1))[m[K;
      |                                       [01;31m[K~~~~~~~~~~~~~~~~~~~~~~~~~~~~~~~~~~~~~~~~~~~~~~^~~~~~~~~~~~~~~~~~~~~~~~~~~~~~~~~~~~~~~~~~~~~~~~~~~~~~~~~~~~~~~~~~~~~~~~~~~~~~~~~~~~~~~~~~~~~~~~~~~~~~~~[m[K
[01m[K/root/real_ws/src/armquadrover_gnb/armquadrover/src/SerialNode.cpp:[m[K In member function ‘[01m[Kvoid SerialNode::joint_states_array_callback(sensor_msgs::msg::JointState_<std::allocator<void> >::SharedPtr)[m[K’:
[01m[K/root/real_ws/src/armquadrover_gnb/armquadrover/src/SerialNode.cpp:133:38:[m[K [01;31m[Kerror: [m[K‘[01m[Kture[m[K’ was not declared in this scope
  133 |                 if (left_success_ == [01;31m[Kture[m[K) {
      |                                      [01;31m[K^~~~[m[K
[01m[K/root/real_ws/src/armquadrover_gnb/armquadrover/src/SerialNode.cpp:182:21:[m[K [01;31m[Kerror: [m[K‘[01m[Kright[m[K’ was not declared in this scope; did you mean ‘[01m[Kstd::right[m[K’?
  182 |                 if ([01;31m[Kright[m[K == ture) {
      |                     [01;31m[K^~~~~[m[K
      |                     [32m[Kstd::right[m[K
In file included from [01m[K/usr/include/c++/11/ios:42[m[K,
                 from [01m[K/usr/include/c++/11/ostream:38[m[K,
                 from [01m[K/usr/include/c++/11/iostream:39[m[K,
                 from [01m[K/opt/ros/humble/include/rclcpp/rclcpp/executor.hpp:22[m[K,
                 from [01m[K/opt/ros/humble/include/rclcpp/rclcpp/executors/multi_threaded_executor.hpp:25[m[K,
                 from [01m[K/opt/ros/humble/include/rclcpp/rclcpp/executors.hpp:21[m[K,
                 from [01m[K/opt/ros/humble/include/rclcpp/rclcpp/rclcpp.hpp:155[m[K,
                 from [01m[K/root/real_ws/src/armquadrover_gnb/armquadrover/src/SerialNode.cpp:1[m[K:
[01m[K/usr/include/c++/11/bits/ios_base.h:1037:3:[m[K [01;36m[Knote: [m[K‘[01m[Kstd::right[m[K’ declared here
 1037 |   [01;36m[Kright[m[K(ios_base& __base)
      |   [01;36m[K^~~~~[m[K
[01m[K/root/real_ws/src/armquadrover_gnb/armquadrover/src/SerialNode.cpp:182:30:[m[K [01;31m[Kerror: [m[K‘[01m[Kture[m[K’ was not declared in this scope
  182 |                 if (right == [01;31m[Kture[m[K) {
      |                              [01;31m[K^~~~[m[K
gmake[2]: *** [CMakeFiles/SerialNode.dir/build.make:76: CMakeFiles/SerialNode.dir/src/SerialNode.cpp.o] Error 1
gmake[1]: *** [CMakeFiles/Makefile2:193: CMakeFiles/SerialNode.dir/all] Error 2
gmake: *** [Makefile:146: all] Error 2
